#-----------------------------------------------------------
# Vivado v2024.2 (64-bit)
# SW Build 5239630 on Fri Nov 08 22:34:34 MST 2024
# IP Build 5239520 on Sun Nov 10 16:12:51 MST 2024
# SharedData Build 5239561 on Fri Nov 08 14:39:27 MST 2024
# Start of session at: Fri Mar 21 11:08:11 2025
# Process ID         : 7325
# Current directory  : /home/cesare/ASDI/1/1.2/project_1.2
# Command line       : vivado project_1.2.xpr
# Log file           : /home/cesare/ASDI/1/1.2/project_1.2/vivado.log
# Journal file       : /home/cesare/ASDI/1/1.2/project_1.2/vivado.jou
# Running On         : cesare-desktop
# Platform           : Ubuntu
# Operating System   : Ubuntu 24.04.2 LTS
# Processor Detail   : AMD Ryzen 5 7600X 6-Core Processor
# CPU Frequency      : 5435.611 MHz
# CPU Physical cores : 6
# CPU Logical cores  : 12
# Host memory        : 32792 MB
# Swap memory        : 8589 MB
# Total Virtual      : 41382 MB
# Available Virtual  : 37125 MB
#-----------------------------------------------------------
start_gui
open_project project_1.2.xpr
INFO: [filemgmt 56-3] Default IP Output Path : Could not find the directory '/home/cesare/ASDI/1/1.2/project_1.2/project_1.2.gen/sources_1'.
Scanning sources...
Finished scanning sources
INFO: [IP_Flow 19-234] Refreshing IP repositories
INFO: [IP_Flow 19-1704] No user IP repositories specified
INFO: [IP_Flow 19-2313] Loaded Vivado IP repository '/tools/Xilinx/Vivado/2024.2/data/ip'.
update_compile_order -fileset sources_1
synth_design -rtl -rtl_skip_mlo -name rtl_1
Command: synth_design -rtl -rtl_skip_mlo -name rtl_1
Starting synth_design
Using part: xc7a100tcsg324-1
Top: net_16_4
INFO: [Device 21-403] Loading part xc7a100tcsg324-1
INFO: [Synth 8-7079] Multithreading enabled for synth_design using a maximum of 7 processes.
INFO: [Synth 8-7078] Launching helper process for spawning children vivado processes
INFO: [Synth 8-7075] Helper process launched with PID 7719
---------------------------------------------------------------------------------
Starting RTL Elaboration : Time (s): cpu = 00:00:03 ; elapsed = 00:00:02 . Memory (MB): peak = 8290.863 ; gain = 425.484 ; free physical = 20636 ; free virtual = 33821
---------------------------------------------------------------------------------
INFO: [Synth 8-638] synthesizing module 'net_16_4' [/home/cesare/ASDI/1/1.2/project_1.2/project_1.2.srcs/sources_1/new/net_16_4.vhd:42]
INFO: [Synth 8-3491] module 'mux_16_1' declared at '/home/cesare/ASDI/1/1.1/mux_16_1/mux_16_1.srcs/sources_1.1/new/mux_16_1.vhd:34' bound to instance 'mux0' of component 'mux_16_1' [/home/cesare/ASDI/1/1.2/project_1.2/project_1.2.srcs/sources_1/new/net_16_4.vhd:65]
INFO: [Synth 8-638] synthesizing module 'mux_16_1' [/home/cesare/ASDI/1/1.1/mux_16_1/mux_16_1.srcs/sources_1.1/new/mux_16_1.vhd:45]
INFO: [Synth 8-3491] module 'mux_4_1' declared at '/home/cesare/ASDI/1/1.1/mux_16_1/mux_16_1.srcs/sources_1.1/new/mux_4_1.vhd:34' bound to instance 'mux0' of component 'mux_4_1' [/home/cesare/ASDI/1/1.1/mux_16_1/mux_16_1.srcs/sources_1.1/new/mux_16_1.vhd:65]
INFO: [Synth 8-638] synthesizing module 'mux_4_1' [/home/cesare/ASDI/1/1.1/mux_16_1/mux_16_1.srcs/sources_1.1/new/mux_4_1.vhd:46]
INFO: [Synth 8-256] done synthesizing module 'mux_4_1' (0#1) [/home/cesare/ASDI/1/1.1/mux_16_1/mux_16_1.srcs/sources_1.1/new/mux_4_1.vhd:46]
INFO: [Synth 8-3491] module 'mux_4_1' declared at '/home/cesare/ASDI/1/1.1/mux_16_1/mux_16_1.srcs/sources_1.1/new/mux_4_1.vhd:34' bound to instance 'mux1' of component 'mux_4_1' [/home/cesare/ASDI/1/1.1/mux_16_1/mux_16_1.srcs/sources_1.1/new/mux_16_1.vhd:75]
INFO: [Synth 8-3491] module 'mux_4_1' declared at '/home/cesare/ASDI/1/1.1/mux_16_1/mux_16_1.srcs/sources_1.1/new/mux_4_1.vhd:34' bound to instance 'mux2' of component 'mux_4_1' [/home/cesare/ASDI/1/1.1/mux_16_1/mux_16_1.srcs/sources_1.1/new/mux_16_1.vhd:85]
INFO: [Synth 8-3491] module 'mux_4_1' declared at '/home/cesare/ASDI/1/1.1/mux_16_1/mux_16_1.srcs/sources_1.1/new/mux_4_1.vhd:34' bound to instance 'mux3' of component 'mux_4_1' [/home/cesare/ASDI/1/1.1/mux_16_1/mux_16_1.srcs/sources_1.1/new/mux_16_1.vhd:95]
INFO: [Synth 8-3491] module 'mux_4_1' declared at '/home/cesare/ASDI/1/1.1/mux_16_1/mux_16_1.srcs/sources_1.1/new/mux_4_1.vhd:34' bound to instance 'mux4' of component 'mux_4_1' [/home/cesare/ASDI/1/1.1/mux_16_1/mux_16_1.srcs/sources_1.1/new/mux_16_1.vhd:105]
INFO: [Synth 8-256] done synthesizing module 'mux_16_1' (0#1) [/home/cesare/ASDI/1/1.1/mux_16_1/mux_16_1.srcs/sources_1.1/new/mux_16_1.vhd:45]
INFO: [Synth 8-3491] module 'demux_1_4' declared at '/home/cesare/ASDI/1/1.2/project_1.2/project_1.2.srcs/sources_1/new/demux_1_4.vhd:34' bound to instance 'demux0' of component 'demux_1_4' [/home/cesare/ASDI/1/1.2/project_1.2/project_1.2.srcs/sources_1/new/net_16_4.vhd:74]
INFO: [Synth 8-638] synthesizing module 'demux_1_4' [/home/cesare/ASDI/1/1.2/project_1.2/project_1.2.srcs/sources_1/new/demux_1_4.vhd:42]
INFO: [Synth 8-256] done synthesizing module 'demux_1_4' (0#1) [/home/cesare/ASDI/1/1.2/project_1.2/project_1.2.srcs/sources_1/new/demux_1_4.vhd:42]
INFO: [Synth 8-256] done synthesizing module 'net_16_4' (0#1) [/home/cesare/ASDI/1/1.2/project_1.2/project_1.2.srcs/sources_1/new/net_16_4.vhd:42]
---------------------------------------------------------------------------------
Finished RTL Elaboration : Time (s): cpu = 00:00:03 ; elapsed = 00:00:03 . Memory (MB): peak = 8340.801 ; gain = 475.422 ; free physical = 20547 ; free virtual = 33735
---------------------------------------------------------------------------------
---------------------------------------------------------------------------------
Start Handling Custom Attributes
---------------------------------------------------------------------------------
---------------------------------------------------------------------------------
Finished Handling Custom Attributes : Time (s): cpu = 00:00:03 ; elapsed = 00:00:03 . Memory (MB): peak = 8343.770 ; gain = 478.391 ; free physical = 20548 ; free virtual = 33736
---------------------------------------------------------------------------------
---------------------------------------------------------------------------------
Finished RTL Optimization Phase 1 : Time (s): cpu = 00:00:03 ; elapsed = 00:00:03 . Memory (MB): peak = 8343.770 ; gain = 478.391 ; free physical = 20548 ; free virtual = 33736
---------------------------------------------------------------------------------
Netlist sorting complete. Time (s): cpu = 00:00:00 ; elapsed = 00:00:00 . Memory (MB): peak = 8343.777 ; gain = 0.000 ; free physical = 20548 ; free virtual = 33736
INFO: [Project 1-570] Preparing netlist for logic optimization

Processing XDC Constraints
Initializing timing engine
Completed Processing XDC Constraints

Netlist sorting complete. Time (s): cpu = 00:00:00 ; elapsed = 00:00:00 . Memory (MB): peak = 8460.238 ; gain = 0.000 ; free physical = 20679 ; free virtual = 33882
INFO: [Project 1-111] Unisim Transformation Summary:
No Unisim elements were transformed.

RTL Elaboration Complete:  : Time (s): cpu = 00:00:10 ; elapsed = 00:00:05 . Memory (MB): peak = 8661.742 ; gain = 796.363 ; free physical = 20492 ; free virtual = 33702
21 Infos, 0 Warnings, 0 Critical Warnings and 0 Errors encountered.
synth_design completed successfully
synth_design: Time (s): cpu = 00:00:11 ; elapsed = 00:00:06 . Memory (MB): peak = 8661.742 ; gain = 906.828 ; free physical = 20492 ; free virtual = 33702
INFO: [Common 17-2834] synth_design peak Physical Memory [PSS] (MB): overall = 2161.770; main = 2161.770; forked = 0.000
INFO: [Common 17-2834] synth_design peak Virtual Memory [VSS] (MB): overall = 8661.746; main = 8661.746; forked = 0.000
exit
INFO: [Common 17-206] Exiting Vivado at Fri Mar 21 11:43:13 2025...
