#-----------------------------------------------------------
# Vivado v2024.2 (64-bit)
# SW Build 5239630 on Fri Nov 08 22:34:34 MST 2024
# IP Build 5239520 on Sun Nov 10 16:12:51 MST 2024
# SharedData Build 5239561 on Fri Nov 08 14:39:27 MST 2024
# Start of session at: Mon Jun 16 02:54:11 2025
# Process ID         : 44485
# Current directory  : /home/cesare/Uni/Progetto-ASDI-2025/3_macchine_aritmetiche/7BIS.2/Codice
# Command line       : vivado *.xpr
# Log file           : /home/cesare/Uni/Progetto-ASDI-2025/3_macchine_aritmetiche/7BIS.2/Codice/vivado.log
# Journal file       : /home/cesare/Uni/Progetto-ASDI-2025/3_macchine_aritmetiche/7BIS.2/Codice/vivado.jou
# Running On         : cesare-desktop
# Platform           : Ubuntu
# Operating System   : Ubuntu 24.04.2 LTS
# Processor Detail   : AMD Ryzen 5 7600X 6-Core Processor
# CPU Frequency      : 5128.151 MHz
# CPU Physical cores : 6
# CPU Logical cores  : 12
# Host memory        : 32792 MB
# Swap memory        : 8589 MB
# Total Virtual      : 41382 MB
# Available Virtual  : 36184 MB
#-----------------------------------------------------------
start_gui
exit
INFO: [Common 17-206] Exiting Vivado at Mon Jun 16 02:54:20 2025...
