#-----------------------------------------------------------
# Vivado v2024.2 (64-bit)
# SW Build 5239630 on Fri Nov 08 22:34:34 MST 2024
# IP Build 5239520 on Sun Nov 10 16:12:51 MST 2024
# SharedData Build 5239561 on Fri Nov 08 14:39:27 MST 2024
# Start of session at: Tue Mar 18 12:50:39 2025
# Process ID         : 38836
# Current directory  : /home/cesare/ASDI/1/mux4_1
# Command line       : vivado mux4_1.xpr
# Log file           : /home/cesare/ASDI/1/mux4_1/vivado.log
# Journal file       : /home/cesare/ASDI/1/mux4_1/vivado.jou
# Running On         : cesare-desktop
# Platform           : Ubuntu
# Operating System   : Ubuntu 24.04.2 LTS
# Processor Detail   : AMD Ryzen 5 7600X 6-Core Processor
# CPU Frequency      : 4384.250 MHz
# CPU Physical cores : 6
# CPU Logical cores  : 12
# Host memory        : 32792 MB
# Swap memory        : 8589 MB
# Total Virtual      : 41382 MB
# Available Virtual  : 37352 MB
#-----------------------------------------------------------
start_gui
open_project mux4_1.xpr
INFO: [filemgmt 56-3] Default IP Output Path : Could not find the directory '/home/cesare/ASDI/1/mux4_1/mux4_1.gen/sources_1'.
Scanning sources...
Finished scanning sources
INFO: [IP_Flow 19-234] Refreshing IP repositories
INFO: [IP_Flow 19-1704] No user IP repositories specified
INFO: [IP_Flow 19-2313] Loaded Vivado IP repository '/tools/Xilinx/Vivado/2024.2/data/ip'.
update_compile_order -fileset sources_1
reset_run synth_1
INFO: [Project 1-1161] Replacing file /home/cesare/ASDI/1/mux4_1/mux4_1.srcs/utils_1/imports/synth_1/mux_16_1.dcp with file /home/cesare/ASDI/1/mux4_1/mux4_1.runs/synth_1/mux_16_1_tb.dcp
launch_runs impl_1 -jobs 6
[Tue Mar 18 12:50:59 2025] Launched synth_1...
Run output will be captured here: /home/cesare/ASDI/1/mux4_1/mux4_1.runs/synth_1/runme.log
[Tue Mar 18 12:50:59 2025] Launched impl_1...
Run output will be captured here: /home/cesare/ASDI/1/mux4_1/mux4_1.runs/impl_1/runme.log
reset_run synth_1
INFO: [Project 1-1161] Replacing file /home/cesare/ASDI/1/mux4_1/mux4_1.srcs/utils_1/imports/synth_1/mux_16_1.dcp with file /home/cesare/ASDI/1/mux4_1/mux4_1.runs/synth_1/mux_16_1_tb.dcp
launch_runs impl_1 -jobs 6
[Tue Mar 18 12:52:31 2025] Launched synth_1...
Run output will be captured here: /home/cesare/ASDI/1/mux4_1/mux4_1.runs/synth_1/runme.log
[Tue Mar 18 12:52:31 2025] Launched impl_1...
Run output will be captured here: /home/cesare/ASDI/1/mux4_1/mux4_1.runs/impl_1/runme.log
WARNING: [filemgmt 56-199] Attempt to get parsing info during refresh. "On-the-fly" syntax checking information may be incorrect. [/home/cesare/ASDI/1/mux4_1/mux4_1.srcs/sources_1/new/mux_16_1.vhd:]
WARNING: [filemgmt 56-199] Attempt to get parsing info during refresh. "On-the-fly" syntax checking information may be incorrect. [/home/cesare/ASDI/1/mux4_1/mux4_1.srcs/sources_1/new/mux4_1.vhd:]
WARNING: [filemgmt 56-199] Attempt to get parsing info during refresh. "On-the-fly" syntax checking information may be incorrect. [/home/cesare/ASDI/1/mux4_1/mux4_1.srcs/sources_1/new/mux_16_1_tb.vhd:]
WARNING: [filemgmt 56-199] Attempt to get parsing info during refresh. "On-the-fly" syntax checking information may be incorrect. [/home/cesare/ASDI/1/mux4_1/mux4_1.srcs/sources_1/new/mux_16_1_tb.vhd:]
WARNING: [filemgmt 56-199] Attempt to get parsing info during refresh. "On-the-fly" syntax checking information may be incorrect. [/home/cesare/ASDI/1/mux4_1/mux4_1.srcs/sources_1/new/mux_16_1_tb.vhd:]
WARNING: [filemgmt 56-199] Attempt to get parsing info during refresh. "On-the-fly" syntax checking information may be incorrect. [/home/cesare/ASDI/1/mux4_1/mux4_1.srcs/sources_1/new/mux_16_1.vhd:]
WARNING: [filemgmt 56-199] Attempt to get parsing info during refresh. "On-the-fly" syntax checking information may be incorrect. [/home/cesare/ASDI/1/mux4_1/mux4_1.srcs/sources_1/new/mux4_1.vhd:]
WARNING: [filemgmt 56-199] Attempt to get parsing info during refresh. "On-the-fly" syntax checking information may be incorrect. [/home/cesare/ASDI/1/mux4_1/mux4_1.srcs/sources_1/new/mux_16_1_tb.vhd:]
WARNING: [filemgmt 56-199] Attempt to get parsing info during refresh. "On-the-fly" syntax checking information may be incorrect. [/home/cesare/ASDI/1/mux4_1/mux4_1.srcs/sources_1/new/mux_16_1.vhd:]
WARNING: [filemgmt 56-199] Attempt to get parsing info during refresh. "On-the-fly" syntax checking information may be incorrect. [/home/cesare/ASDI/1/mux4_1/mux4_1.srcs/sources_1/new/mux_16_1.vhd:]
WARNING: [filemgmt 56-199] Attempt to get parsing info during refresh. "On-the-fly" syntax checking information may be incorrect. [/home/cesare/ASDI/1/mux4_1/mux4_1.srcs/sources_1/new/mux_16_1.vhd:]
WARNING: [filemgmt 56-199] Attempt to get parsing info during refresh. "On-the-fly" syntax checking information may be incorrect. [/home/cesare/ASDI/1/mux4_1/mux4_1.srcs/sources_1/new/mux4_1.vhd:]
WARNING: [filemgmt 56-199] Attempt to get parsing info during refresh. "On-the-fly" syntax checking information may be incorrect. [/home/cesare/ASDI/1/mux4_1/mux4_1.srcs/sources_1/new/mux_16_1_tb.vhd:]
WARNING: [filemgmt 56-199] Attempt to get parsing info during refresh. "On-the-fly" syntax checking information may be incorrect. [/home/cesare/ASDI/1/mux4_1/mux4_1.srcs/sources_1/new/mux_16_1_tb.vhd:]
WARNING: [filemgmt 56-199] Attempt to get parsing info during refresh. "On-the-fly" syntax checking information may be incorrect. [/home/cesare/ASDI/1/mux4_1/mux4_1.srcs/sources_1/new/mux_16_1_tb.vhd:]
WARNING: [filemgmt 56-199] Attempt to get parsing info during refresh. "On-the-fly" syntax checking information may be incorrect. [/home/cesare/ASDI/1/mux4_1/mux4_1.srcs/sources_1/new/mux_16_1.vhd:]
WARNING: [filemgmt 56-199] Attempt to get parsing info during refresh. "On-the-fly" syntax checking information may be incorrect. [/home/cesare/ASDI/1/mux4_1/mux4_1.srcs/sources_1/new/mux4_1.vhd:]
WARNING: [filemgmt 56-199] Attempt to get parsing info during refresh. "On-the-fly" syntax checking information may be incorrect. [/home/cesare/ASDI/1/mux4_1/mux4_1.srcs/sources_1/new/mux_16_1_tb.vhd:]
WARNING: [filemgmt 56-199] Attempt to get parsing info during refresh. "On-the-fly" syntax checking information may be incorrect. [/home/cesare/ASDI/1/mux4_1/mux4_1.srcs/sources_1/new/mux4_1.vhd:]
WARNING: [filemgmt 56-199] Attempt to get parsing info during refresh. "On-the-fly" syntax checking information may be incorrect. [/home/cesare/ASDI/1/mux4_1/mux4_1.srcs/sources_1/new/mux4_1.vhd:]
reset_run synth_1
INFO: [Project 1-1161] Replacing file /home/cesare/ASDI/1/mux4_1/mux4_1.srcs/utils_1/imports/synth_1/mux_16_1.dcp with file /home/cesare/ASDI/1/mux4_1/mux4_1.runs/synth_1/mux_16_1_tb.dcp
WARNING: [filemgmt 56-199] Attempt to get parsing info during refresh. "On-the-fly" syntax checking information may be incorrect. [/home/cesare/ASDI/1/mux4_1/mux4_1.srcs/sources_1/new/mux_16_1.vhd:]
WARNING: [filemgmt 56-199] Attempt to get parsing info during refresh. "On-the-fly" syntax checking information may be incorrect. [/home/cesare/ASDI/1/mux4_1/mux4_1.srcs/sources_1/new/mux4_1.vhd:]
WARNING: [filemgmt 56-199] Attempt to get parsing info during refresh. "On-the-fly" syntax checking information may be incorrect. [/home/cesare/ASDI/1/mux4_1/mux4_1.srcs/sources_1/new/mux_16_1_tb.vhd:]
WARNING: [filemgmt 56-199] Attempt to get parsing info during refresh. "On-the-fly" syntax checking information may be incorrect. [/home/cesare/ASDI/1/mux4_1/mux4_1.srcs/sources_1/new/mux_16_1_tb.vhd:]
WARNING: [filemgmt 56-199] Attempt to get parsing info during refresh. "On-the-fly" syntax checking information may be incorrect. [/home/cesare/ASDI/1/mux4_1/mux4_1.srcs/sources_1/new/mux_16_1_tb.vhd:]
launch_runs impl_1 -jobs 6
[Tue Mar 18 12:55:07 2025] Launched synth_1...
Run output will be captured here: /home/cesare/ASDI/1/mux4_1/mux4_1.runs/synth_1/runme.log
[Tue Mar 18 12:55:07 2025] Launched impl_1...
Run output will be captured here: /home/cesare/ASDI/1/mux4_1/mux4_1.runs/impl_1/runme.log
WARNING: [filemgmt 56-199] Attempt to get parsing info during refresh. "On-the-fly" syntax checking information may be incorrect. [/home/cesare/ASDI/1/mux4_1/mux4_1.srcs/sources_1/new/mux_16_1.vhd:]
WARNING: [filemgmt 56-199] Attempt to get parsing info during refresh. "On-the-fly" syntax checking information may be incorrect. [/home/cesare/ASDI/1/mux4_1/mux4_1.srcs/sources_1/new/mux4_1.vhd:]
WARNING: [filemgmt 56-199] Attempt to get parsing info during refresh. "On-the-fly" syntax checking information may be incorrect. [/home/cesare/ASDI/1/mux4_1/mux4_1.srcs/sources_1/new/mux_16_1_tb.vhd:]
WARNING: [filemgmt 56-199] Attempt to get parsing info during refresh. "On-the-fly" syntax checking information may be incorrect. [/home/cesare/ASDI/1/mux4_1/mux4_1.srcs/sources_1/new/mux4_1.vhd:]
WARNING: [filemgmt 56-199] Attempt to get parsing info during refresh. "On-the-fly" syntax checking information may be incorrect. [/home/cesare/ASDI/1/mux4_1/mux4_1.srcs/sources_1/new/mux4_1.vhd:]
synth_design -rtl -rtl_skip_mlo -name rtl_1
Command: synth_design -rtl -rtl_skip_mlo -name rtl_1
Starting synth_design
Using part: xc7a12ticsg325-1L
Top: mux_16_1_tb
INFO: [Device 21-403] Loading part xc7a12ticsg325-1L
INFO: [Synth 8-7079] Multithreading enabled for synth_design using a maximum of 7 processes.
INFO: [Synth 8-7078] Launching helper process for spawning children vivado processes
INFO: [Synth 8-7075] Helper process launched with PID 40818
---------------------------------------------------------------------------------
Starting RTL Elaboration : Time (s): cpu = 00:00:02 ; elapsed = 00:00:02 . Memory (MB): peak = 8395.293 ; gain = 435.828 ; free physical = 21805 ; free virtual = 34088
---------------------------------------------------------------------------------
INFO: [Synth 8-638] synthesizing module 'mux_16_1_tb' [/home/cesare/ASDI/1/mux4_1/mux4_1.srcs/sources_1/new/mux_16_1_tb.vhd:39]
INFO: [Synth 8-3491] module 'mux_16_1' declared at '/home/cesare/ASDI/1/mux4_1/mux4_1.srcs/sources_1/new/mux_16_1.vhd:34' bound to instance 'uut' of component 'mux_16_1' [/home/cesare/ASDI/1/mux4_1/mux4_1.srcs/sources_1/new/mux_16_1_tb.vhd:78]
INFO: [Synth 8-638] synthesizing module 'mux_16_1' [/home/cesare/ASDI/1/mux4_1/mux4_1.srcs/sources_1/new/mux_16_1.vhd:62]
INFO: [Synth 8-3491] module 'mux_4_1' declared at '/home/cesare/ASDI/1/mux4_1/mux4_1.srcs/sources_1/new/mux4_1.vhd:34' bound to instance 'mux0' of component 'mux_4_1' [/home/cesare/ASDI/1/mux4_1/mux4_1.srcs/sources_1/new/mux_16_1.vhd:83]
INFO: [Synth 8-638] synthesizing module 'mux_4_1' [/home/cesare/ASDI/1/mux4_1/mux4_1.srcs/sources_1/new/mux4_1.vhd:46]
INFO: [Synth 8-256] done synthesizing module 'mux_4_1' (0#1) [/home/cesare/ASDI/1/mux4_1/mux4_1.srcs/sources_1/new/mux4_1.vhd:46]
INFO: [Synth 8-3491] module 'mux_4_1' declared at '/home/cesare/ASDI/1/mux4_1/mux4_1.srcs/sources_1/new/mux4_1.vhd:34' bound to instance 'mux1' of component 'mux_4_1' [/home/cesare/ASDI/1/mux4_1/mux4_1.srcs/sources_1/new/mux_16_1.vhd:93]
INFO: [Synth 8-3491] module 'mux_4_1' declared at '/home/cesare/ASDI/1/mux4_1/mux4_1.srcs/sources_1/new/mux4_1.vhd:34' bound to instance 'mux2' of component 'mux_4_1' [/home/cesare/ASDI/1/mux4_1/mux4_1.srcs/sources_1/new/mux_16_1.vhd:103]
INFO: [Synth 8-3491] module 'mux_4_1' declared at '/home/cesare/ASDI/1/mux4_1/mux4_1.srcs/sources_1/new/mux4_1.vhd:34' bound to instance 'mux3' of component 'mux_4_1' [/home/cesare/ASDI/1/mux4_1/mux4_1.srcs/sources_1/new/mux_16_1.vhd:113]
INFO: [Synth 8-3491] module 'mux_4_1' declared at '/home/cesare/ASDI/1/mux4_1/mux4_1.srcs/sources_1/new/mux4_1.vhd:34' bound to instance 'mux4' of component 'mux_4_1' [/home/cesare/ASDI/1/mux4_1/mux4_1.srcs/sources_1/new/mux_16_1.vhd:123]
INFO: [Synth 8-256] done synthesizing module 'mux_16_1' (0#1) [/home/cesare/ASDI/1/mux4_1/mux4_1.srcs/sources_1/new/mux_16_1.vhd:62]
WARNING: [Synth 8-312] ignoring unsynthesizable construct: wait statement with no conditon [/home/cesare/ASDI/1/mux4_1/mux4_1.srcs/sources_1/new/mux_16_1_tb.vhd:107]
WARNING: [Synth 8-312] ignoring unsynthesizable construct: wait statement with no conditon [/home/cesare/ASDI/1/mux4_1/mux4_1.srcs/sources_1/new/mux_16_1_tb.vhd:116]
WARNING: [Synth 8-312] ignoring unsynthesizable construct: wait statement with no conditon [/home/cesare/ASDI/1/mux4_1/mux4_1.srcs/sources_1/new/mux_16_1_tb.vhd:123]
INFO: [Synth 8-256] done synthesizing module 'mux_16_1_tb' (0#1) [/home/cesare/ASDI/1/mux4_1/mux4_1.srcs/sources_1/new/mux_16_1_tb.vhd:39]
---------------------------------------------------------------------------------
Finished RTL Elaboration : Time (s): cpu = 00:00:03 ; elapsed = 00:00:03 . Memory (MB): peak = 8466.230 ; gain = 506.766 ; free physical = 21695 ; free virtual = 33979
---------------------------------------------------------------------------------
---------------------------------------------------------------------------------
Start Handling Custom Attributes
---------------------------------------------------------------------------------
---------------------------------------------------------------------------------
Finished Handling Custom Attributes : Time (s): cpu = 00:00:03 ; elapsed = 00:00:03 . Memory (MB): peak = 8478.105 ; gain = 518.641 ; free physical = 21695 ; free virtual = 33978
---------------------------------------------------------------------------------
---------------------------------------------------------------------------------
Finished RTL Optimization Phase 1 : Time (s): cpu = 00:00:03 ; elapsed = 00:00:03 . Memory (MB): peak = 8478.105 ; gain = 518.641 ; free physical = 21695 ; free virtual = 33978
---------------------------------------------------------------------------------
Netlist sorting complete. Time (s): cpu = 00:00:00 ; elapsed = 00:00:00 . Memory (MB): peak = 8478.113 ; gain = 0.000 ; free physical = 21695 ; free virtual = 33978
INFO: [Project 1-570] Preparing netlist for logic optimization

Processing XDC Constraints
Initializing timing engine
Completed Processing XDC Constraints

Netlist sorting complete. Time (s): cpu = 00:00:00 ; elapsed = 00:00:00 . Memory (MB): peak = 8591.848 ; gain = 0.000 ; free physical = 21808 ; free virtual = 34091
INFO: [Project 1-111] Unisim Transformation Summary:
No Unisim elements were transformed.

RTL Elaboration Complete:  : Time (s): cpu = 00:00:09 ; elapsed = 00:00:05 . Memory (MB): peak = 8782.781 ; gain = 823.316 ; free physical = 21726 ; free virtual = 34010
18 Infos, 3 Warnings, 0 Critical Warnings and 0 Errors encountered.
synth_design completed successfully
synth_design: Time (s): cpu = 00:00:10 ; elapsed = 00:00:06 . Memory (MB): peak = 8782.781 ; gain = 942.629 ; free physical = 21726 ; free virtual = 34010
INFO: [Common 17-2834] synth_design peak Physical Memory [PSS] (MB): overall = 2136.477; main = 2136.477; forked = 0.000
INFO: [Common 17-2834] synth_design peak Virtual Memory [VSS] (MB): overall = 8782.785; main = 8782.785; forked = 0.000
WARNING: [filemgmt 56-199] Attempt to get parsing info during refresh. "On-the-fly" syntax checking information may be incorrect. [/home/cesare/ASDI/1/mux4_1/mux4_1.srcs/sources_1/new/mux_16_1.vhd:]
WARNING: [filemgmt 56-199] Attempt to get parsing info during refresh. "On-the-fly" syntax checking information may be incorrect. [/home/cesare/ASDI/1/mux4_1/mux4_1.srcs/sources_1/new/mux4_1.vhd:]
WARNING: [filemgmt 56-199] Attempt to get parsing info during refresh. "On-the-fly" syntax checking information may be incorrect. [/home/cesare/ASDI/1/mux4_1/mux4_1.srcs/sources_1/new/mux_16_1_tb.vhd:]
WARNING: [filemgmt 56-199] Attempt to get parsing info during refresh. "On-the-fly" syntax checking information may be incorrect. [/home/cesare/ASDI/1/mux4_1/mux4_1.srcs/sources_1/new/mux_16_1_tb.vhd:]
WARNING: [filemgmt 56-199] Attempt to get parsing info during refresh. "On-the-fly" syntax checking information may be incorrect. [/home/cesare/ASDI/1/mux4_1/mux4_1.srcs/sources_1/new/mux_16_1_tb.vhd:]
WARNING: [filemgmt 56-199] Attempt to get parsing info during refresh. "On-the-fly" syntax checking information may be incorrect. [/home/cesare/ASDI/1/mux4_1/mux4_1.srcs/sources_1/new/mux_16_1.vhd:]
WARNING: [filemgmt 56-199] Attempt to get parsing info during refresh. "On-the-fly" syntax checking information may be incorrect. [/home/cesare/ASDI/1/mux4_1/mux4_1.srcs/sources_1/new/mux4_1.vhd:]
WARNING: [filemgmt 56-199] Attempt to get parsing info during refresh. "On-the-fly" syntax checking information may be incorrect. [/home/cesare/ASDI/1/mux4_1/mux4_1.srcs/sources_1/new/mux_16_1_tb.vhd:]
WARNING: [filemgmt 56-199] Attempt to get parsing info during refresh. "On-the-fly" syntax checking information may be incorrect. [/home/cesare/ASDI/1/mux4_1/mux4_1.srcs/sources_1/new/mux4_1.vhd:]
WARNING: [filemgmt 56-199] Attempt to get parsing info during refresh. "On-the-fly" syntax checking information may be incorrect. [/home/cesare/ASDI/1/mux4_1/mux4_1.srcs/sources_1/new/mux4_1.vhd:]
reset_run synth_1
INFO: [Project 1-1161] Replacing file /home/cesare/ASDI/1/mux4_1/mux4_1.srcs/utils_1/imports/synth_1/mux_16_1.dcp with file /home/cesare/ASDI/1/mux4_1/mux4_1.runs/synth_1/mux_16_1_tb.dcp
launch_runs impl_1 -jobs 6
[Tue Mar 18 12:59:15 2025] Launched synth_1...
Run output will be captured here: /home/cesare/ASDI/1/mux4_1/mux4_1.runs/synth_1/runme.log
[Tue Mar 18 12:59:15 2025] Launched impl_1...
Run output will be captured here: /home/cesare/ASDI/1/mux4_1/mux4_1.runs/impl_1/runme.log
WARNING: [filemgmt 56-199] Attempt to get parsing info during refresh. "On-the-fly" syntax checking information may be incorrect. [/home/cesare/ASDI/1/mux4_1/mux4_1.srcs/sources_1/new/mux_16_1.vhd:]
WARNING: [filemgmt 56-199] Attempt to get parsing info during refresh. "On-the-fly" syntax checking information may be incorrect. [/home/cesare/ASDI/1/mux4_1/mux4_1.srcs/sources_1/new/mux4_1.vhd:]
WARNING: [filemgmt 56-199] Attempt to get parsing info during refresh. "On-the-fly" syntax checking information may be incorrect. [/home/cesare/ASDI/1/mux4_1/mux4_1.srcs/sources_1/new/mux_16_1_tb.vhd:]
WARNING: [filemgmt 56-199] Attempt to get parsing info during refresh. "On-the-fly" syntax checking information may be incorrect. [/home/cesare/ASDI/1/mux4_1/mux4_1.srcs/sources_1/new/mux_16_1.vhd:]
WARNING: [filemgmt 56-199] Attempt to get parsing info during refresh. "On-the-fly" syntax checking information may be incorrect. [/home/cesare/ASDI/1/mux4_1/mux4_1.srcs/sources_1/new/mux_16_1.vhd:]
WARNING: [filemgmt 56-199] Attempt to get parsing info during refresh. "On-the-fly" syntax checking information may be incorrect. [/home/cesare/ASDI/1/mux4_1/mux4_1.srcs/sources_1/new/mux_16_1.vhd:]
WARNING: [filemgmt 56-199] Attempt to get parsing info during refresh. "On-the-fly" syntax checking information may be incorrect. [/home/cesare/ASDI/1/mux4_1/mux4_1.srcs/sources_1/new/mux4_1.vhd:]
WARNING: [filemgmt 56-199] Attempt to get parsing info during refresh. "On-the-fly" syntax checking information may be incorrect. [/home/cesare/ASDI/1/mux4_1/mux4_1.srcs/sources_1/new/mux_16_1_tb.vhd:]
WARNING: [filemgmt 56-199] Attempt to get parsing info during refresh. "On-the-fly" syntax checking information may be incorrect. [/home/cesare/ASDI/1/mux4_1/mux4_1.srcs/sources_1/new/mux4_1.vhd:]
WARNING: [filemgmt 56-199] Attempt to get parsing info during refresh. "On-the-fly" syntax checking information may be incorrect. [/home/cesare/ASDI/1/mux4_1/mux4_1.srcs/sources_1/new/mux4_1.vhd:]
WARNING: [filemgmt 56-199] Attempt to get parsing info during refresh. "On-the-fly" syntax checking information may be incorrect. [/home/cesare/ASDI/1/mux4_1/mux4_1.srcs/sources_1/new/mux_16_1.vhd:]
WARNING: [filemgmt 56-199] Attempt to get parsing info during refresh. "On-the-fly" syntax checking information may be incorrect. [/home/cesare/ASDI/1/mux4_1/mux4_1.srcs/sources_1/new/mux4_1.vhd:]
WARNING: [filemgmt 56-199] Attempt to get parsing info during refresh. "On-the-fly" syntax checking information may be incorrect. [/home/cesare/ASDI/1/mux4_1/mux4_1.srcs/sources_1/new/mux_16_1_tb.vhd:]
WARNING: [filemgmt 56-199] Attempt to get parsing info during refresh. "On-the-fly" syntax checking information may be incorrect. [/home/cesare/ASDI/1/mux4_1/mux4_1.srcs/sources_1/new/mux_16_1_tb.vhd:]
WARNING: [filemgmt 56-199] Attempt to get parsing info during refresh. "On-the-fly" syntax checking information may be incorrect. [/home/cesare/ASDI/1/mux4_1/mux4_1.srcs/sources_1/new/mux_16_1_tb.vhd:]
WARNING: [filemgmt 56-199] Attempt to get parsing info during refresh. "On-the-fly" syntax checking information may be incorrect. [/home/cesare/ASDI/1/mux4_1/mux4_1.srcs/sources_1/new/mux_16_1.vhd:]
WARNING: [filemgmt 56-199] Attempt to get parsing info during refresh. "On-the-fly" syntax checking information may be incorrect. [/home/cesare/ASDI/1/mux4_1/mux4_1.srcs/sources_1/new/mux4_1.vhd:]
WARNING: [filemgmt 56-199] Attempt to get parsing info during refresh. "On-the-fly" syntax checking information may be incorrect. [/home/cesare/ASDI/1/mux4_1/mux4_1.srcs/sources_1/new/mux_16_1_tb.vhd:]
WARNING: [filemgmt 56-199] Attempt to get parsing info during refresh. "On-the-fly" syntax checking information may be incorrect. [/home/cesare/ASDI/1/mux4_1/mux4_1.srcs/sources_1/new/mux4_1.vhd:]
WARNING: [filemgmt 56-199] Attempt to get parsing info during refresh. "On-the-fly" syntax checking information may be incorrect. [/home/cesare/ASDI/1/mux4_1/mux4_1.srcs/sources_1/new/mux4_1.vhd:]
reset_run synth_1
INFO: [Project 1-1161] Replacing file /home/cesare/ASDI/1/mux4_1/mux4_1.srcs/utils_1/imports/synth_1/mux_16_1.dcp with file /home/cesare/ASDI/1/mux4_1/mux4_1.runs/synth_1/mux_16_1_tb.dcp
launch_runs impl_1 -jobs 6
[Tue Mar 18 12:59:58 2025] Launched synth_1...
Run output will be captured here: /home/cesare/ASDI/1/mux4_1/mux4_1.runs/synth_1/runme.log
[Tue Mar 18 12:59:58 2025] Launched impl_1...
Run output will be captured here: /home/cesare/ASDI/1/mux4_1/mux4_1.runs/impl_1/runme.log
WARNING: [filemgmt 56-199] Attempt to get parsing info during refresh. "On-the-fly" syntax checking information may be incorrect. [/home/cesare/ASDI/1/mux4_1/mux4_1.srcs/sources_1/new/mux_16_1.vhd:]
WARNING: [filemgmt 56-199] Attempt to get parsing info during refresh. "On-the-fly" syntax checking information may be incorrect. [/home/cesare/ASDI/1/mux4_1/mux4_1.srcs/sources_1/new/mux4_1.vhd:]
WARNING: [filemgmt 56-199] Attempt to get parsing info during refresh. "On-the-fly" syntax checking information may be incorrect. [/home/cesare/ASDI/1/mux4_1/mux4_1.srcs/sources_1/new/mux_16_1_tb.vhd:]
WARNING: [filemgmt 56-199] Attempt to get parsing info during refresh. "On-the-fly" syntax checking information may be incorrect. [/home/cesare/ASDI/1/mux4_1/mux4_1.srcs/sources_1/new/mux_16_1_tb.vhd:]
WARNING: [filemgmt 56-199] Attempt to get parsing info during refresh. "On-the-fly" syntax checking information may be incorrect. [/home/cesare/ASDI/1/mux4_1/mux4_1.srcs/sources_1/new/mux_16_1_tb.vhd:]
WARNING: [filemgmt 56-199] Attempt to get parsing info during refresh. "On-the-fly" syntax checking information may be incorrect. [/home/cesare/ASDI/1/mux4_1/mux4_1.srcs/sources_1/new/mux_16_1.vhd:]
WARNING: [filemgmt 56-199] Attempt to get parsing info during refresh. "On-the-fly" syntax checking information may be incorrect. [/home/cesare/ASDI/1/mux4_1/mux4_1.srcs/sources_1/new/mux4_1.vhd:]
WARNING: [filemgmt 56-199] Attempt to get parsing info during refresh. "On-the-fly" syntax checking information may be incorrect. [/home/cesare/ASDI/1/mux4_1/mux4_1.srcs/sources_1/new/mux_16_1_tb.vhd:]
WARNING: [filemgmt 56-199] Attempt to get parsing info during refresh. "On-the-fly" syntax checking information may be incorrect. [/home/cesare/ASDI/1/mux4_1/mux4_1.srcs/sources_1/new/mux4_1.vhd:]
WARNING: [filemgmt 56-199] Attempt to get parsing info during refresh. "On-the-fly" syntax checking information may be incorrect. [/home/cesare/ASDI/1/mux4_1/mux4_1.srcs/sources_1/new/mux4_1.vhd:]
refresh_design
INFO: [Synth 8-7079] Multithreading enabled for synth_design using a maximum of 7 processes.
---------------------------------------------------------------------------------
Starting RTL Elaboration : Time (s): cpu = 00:00:02 ; elapsed = 00:00:02 . Memory (MB): peak = 8977.793 ; gain = 107.844 ; free physical = 21325 ; free virtual = 33609
---------------------------------------------------------------------------------
INFO: [Synth 8-638] synthesizing module 'mux_16_1_tb' [/home/cesare/ASDI/1/mux4_1/mux4_1.srcs/sources_1/new/mux_16_1_tb.vhd:39]
INFO: [Synth 8-3491] module 'mux_16_1' declared at '/home/cesare/ASDI/1/mux4_1/mux4_1.srcs/sources_1/new/mux_16_1.vhd:34' bound to instance 'uut' of component 'mux_16_1' [/home/cesare/ASDI/1/mux4_1/mux4_1.srcs/sources_1/new/mux_16_1_tb.vhd:78]
INFO: [Synth 8-638] synthesizing module 'mux_16_1' [/home/cesare/ASDI/1/mux4_1/mux4_1.srcs/sources_1/new/mux_16_1.vhd:62]
INFO: [Synth 8-3491] module 'mux_4_1' declared at '/home/cesare/ASDI/1/mux4_1/mux4_1.srcs/sources_1/new/mux4_1.vhd:34' bound to instance 'mux0' of component 'mux_4_1' [/home/cesare/ASDI/1/mux4_1/mux4_1.srcs/sources_1/new/mux_16_1.vhd:83]
INFO: [Synth 8-638] synthesizing module 'mux_4_1' [/home/cesare/ASDI/1/mux4_1/mux4_1.srcs/sources_1/new/mux4_1.vhd:46]
INFO: [Synth 8-256] done synthesizing module 'mux_4_1' (0#1) [/home/cesare/ASDI/1/mux4_1/mux4_1.srcs/sources_1/new/mux4_1.vhd:46]
INFO: [Synth 8-3491] module 'mux_4_1' declared at '/home/cesare/ASDI/1/mux4_1/mux4_1.srcs/sources_1/new/mux4_1.vhd:34' bound to instance 'mux1' of component 'mux_4_1' [/home/cesare/ASDI/1/mux4_1/mux4_1.srcs/sources_1/new/mux_16_1.vhd:93]
INFO: [Synth 8-3491] module 'mux_4_1' declared at '/home/cesare/ASDI/1/mux4_1/mux4_1.srcs/sources_1/new/mux4_1.vhd:34' bound to instance 'mux2' of component 'mux_4_1' [/home/cesare/ASDI/1/mux4_1/mux4_1.srcs/sources_1/new/mux_16_1.vhd:103]
INFO: [Synth 8-3491] module 'mux_4_1' declared at '/home/cesare/ASDI/1/mux4_1/mux4_1.srcs/sources_1/new/mux4_1.vhd:34' bound to instance 'mux3' of component 'mux_4_1' [/home/cesare/ASDI/1/mux4_1/mux4_1.srcs/sources_1/new/mux_16_1.vhd:113]
INFO: [Synth 8-3491] module 'mux_4_1' declared at '/home/cesare/ASDI/1/mux4_1/mux4_1.srcs/sources_1/new/mux4_1.vhd:34' bound to instance 'mux4' of component 'mux_4_1' [/home/cesare/ASDI/1/mux4_1/mux4_1.srcs/sources_1/new/mux_16_1.vhd:123]
INFO: [Synth 8-256] done synthesizing module 'mux_16_1' (0#1) [/home/cesare/ASDI/1/mux4_1/mux4_1.srcs/sources_1/new/mux_16_1.vhd:62]
WARNING: [Synth 8-312] ignoring unsynthesizable construct: wait statement with no conditon [/home/cesare/ASDI/1/mux4_1/mux4_1.srcs/sources_1/new/mux_16_1_tb.vhd:107]
WARNING: [Synth 8-312] ignoring unsynthesizable construct: wait statement with no conditon [/home/cesare/ASDI/1/mux4_1/mux4_1.srcs/sources_1/new/mux_16_1_tb.vhd:116]
WARNING: [Synth 8-312] ignoring unsynthesizable construct: wait statement with no conditon [/home/cesare/ASDI/1/mux4_1/mux4_1.srcs/sources_1/new/mux_16_1_tb.vhd:123]
INFO: [Synth 8-256] done synthesizing module 'mux_16_1_tb' (0#1) [/home/cesare/ASDI/1/mux4_1/mux4_1.srcs/sources_1/new/mux_16_1_tb.vhd:39]
---------------------------------------------------------------------------------
Finished RTL Elaboration : Time (s): cpu = 00:00:03 ; elapsed = 00:00:03 . Memory (MB): peak = 9064.762 ; gain = 194.812 ; free physical = 21234 ; free virtual = 33518
---------------------------------------------------------------------------------
---------------------------------------------------------------------------------
Start Handling Custom Attributes
---------------------------------------------------------------------------------
---------------------------------------------------------------------------------
Finished Handling Custom Attributes : Time (s): cpu = 00:00:03 ; elapsed = 00:00:03 . Memory (MB): peak = 9067.730 ; gain = 197.781 ; free physical = 21234 ; free virtual = 33518
---------------------------------------------------------------------------------
---------------------------------------------------------------------------------
Finished RTL Optimization Phase 1 : Time (s): cpu = 00:00:03 ; elapsed = 00:00:03 . Memory (MB): peak = 9067.730 ; gain = 197.781 ; free physical = 21234 ; free virtual = 33518
---------------------------------------------------------------------------------
Netlist sorting complete. Time (s): cpu = 00:00:00 ; elapsed = 00:00:00 . Memory (MB): peak = 9067.738 ; gain = 0.000 ; free physical = 21398 ; free virtual = 33681
INFO: [Project 1-570] Preparing netlist for logic optimization

Processing XDC Constraints
Initializing timing engine
Completed Processing XDC Constraints

WARNING: [filemgmt 56-199] Attempt to get parsing info during refresh. "On-the-fly" syntax checking information may be incorrect. [/home/cesare/ASDI/1/mux4_1/mux4_1.srcs/sources_1/new/mux_16_1.vhd:]
WARNING: [filemgmt 56-199] Attempt to get parsing info during refresh. "On-the-fly" syntax checking information may be incorrect. [/home/cesare/ASDI/1/mux4_1/mux4_1.srcs/sources_1/new/mux4_1.vhd:]
WARNING: [filemgmt 56-199] Attempt to get parsing info during refresh. "On-the-fly" syntax checking information may be incorrect. [/home/cesare/ASDI/1/mux4_1/mux4_1.srcs/sources_1/new/mux_16_1_tb.vhd:]
WARNING: [filemgmt 56-199] Attempt to get parsing info during refresh. "On-the-fly" syntax checking information may be incorrect. [/home/cesare/ASDI/1/mux4_1/mux4_1.srcs/sources_1/new/mux4_1.vhd:]
WARNING: [filemgmt 56-199] Attempt to get parsing info during refresh. "On-the-fly" syntax checking information may be incorrect. [/home/cesare/ASDI/1/mux4_1/mux4_1.srcs/sources_1/new/mux4_1.vhd:]
WARNING: [filemgmt 56-199] Attempt to get parsing info during refresh. "On-the-fly" syntax checking information may be incorrect. [/home/cesare/ASDI/1/mux4_1/mux4_1.srcs/sources_1/new/mux_16_1.vhd:]
WARNING: [filemgmt 56-199] Attempt to get parsing info during refresh. "On-the-fly" syntax checking information may be incorrect. [/home/cesare/ASDI/1/mux4_1/mux4_1.srcs/sources_1/new/mux4_1.vhd:]
WARNING: [filemgmt 56-199] Attempt to get parsing info during refresh. "On-the-fly" syntax checking information may be incorrect. [/home/cesare/ASDI/1/mux4_1/mux4_1.srcs/sources_1/new/mux_16_1_tb.vhd:]
WARNING: [filemgmt 56-199] Attempt to get parsing info during refresh. "On-the-fly" syntax checking information may be incorrect. [/home/cesare/ASDI/1/mux4_1/mux4_1.srcs/sources_1/new/mux_16_1.vhd:]
WARNING: [filemgmt 56-199] Attempt to get parsing info during refresh. "On-the-fly" syntax checking information may be incorrect. [/home/cesare/ASDI/1/mux4_1/mux4_1.srcs/sources_1/new/mux_16_1.vhd:]
WARNING: [filemgmt 56-199] Attempt to get parsing info during refresh. "On-the-fly" syntax checking information may be incorrect. [/home/cesare/ASDI/1/mux4_1/mux4_1.srcs/sources_1/new/mux_16_1.vhd:]
WARNING: [filemgmt 56-199] Attempt to get parsing info during refresh. "On-the-fly" syntax checking information may be incorrect. [/home/cesare/ASDI/1/mux4_1/mux4_1.srcs/sources_1/new/mux4_1.vhd:]
WARNING: [filemgmt 56-199] Attempt to get parsing info during refresh. "On-the-fly" syntax checking information may be incorrect. [/home/cesare/ASDI/1/mux4_1/mux4_1.srcs/sources_1/new/mux_16_1_tb.vhd:]
WARNING: [filemgmt 56-199] Attempt to get parsing info during refresh. "On-the-fly" syntax checking information may be incorrect. [/home/cesare/ASDI/1/mux4_1/mux4_1.srcs/sources_1/new/mux_16_1.vhd:]
WARNING: [filemgmt 56-199] Attempt to get parsing info during refresh. "On-the-fly" syntax checking information may be incorrect. [/home/cesare/ASDI/1/mux4_1/mux4_1.srcs/sources_1/new/mux_16_1.vhd:]
WARNING: [filemgmt 56-199] Attempt to get parsing info during refresh. "On-the-fly" syntax checking information may be incorrect. [/home/cesare/ASDI/1/mux4_1/mux4_1.srcs/sources_1/new/mux_16_1.vhd:]
WARNING: [filemgmt 56-199] Attempt to get parsing info during refresh. "On-the-fly" syntax checking information may be incorrect. [/home/cesare/ASDI/1/mux4_1/mux4_1.srcs/sources_1/new/mux4_1.vhd:]
WARNING: [filemgmt 56-199] Attempt to get parsing info during refresh. "On-the-fly" syntax checking information may be incorrect. [/home/cesare/ASDI/1/mux4_1/mux4_1.srcs/sources_1/new/mux_16_1_tb.vhd:]
WARNING: [filemgmt 56-199] Attempt to get parsing info during refresh. "On-the-fly" syntax checking information may be incorrect. [/home/cesare/ASDI/1/mux4_1/mux4_1.srcs/sources_1/new/mux_16_1_tb.vhd:]
WARNING: [filemgmt 56-199] Attempt to get parsing info during refresh. "On-the-fly" syntax checking information may be incorrect. [/home/cesare/ASDI/1/mux4_1/mux4_1.srcs/sources_1/new/mux_16_1_tb.vhd:]
update_compile_order -fileset sources_1
WARNING: [filemgmt 56-199] Attempt to get parsing info during refresh. "On-the-fly" syntax checking information may be incorrect. [/home/cesare/ASDI/1/mux4_1/mux4_1.srcs/sources_1/new/mux_16_1.vhd:]
WARNING: [filemgmt 56-199] Attempt to get parsing info during refresh. "On-the-fly" syntax checking information may be incorrect. [/home/cesare/ASDI/1/mux4_1/mux4_1.srcs/sources_1/new/mux4_1.vhd:]
WARNING: [filemgmt 56-199] Attempt to get parsing info during refresh. "On-the-fly" syntax checking information may be incorrect. [/home/cesare/ASDI/1/mux4_1/mux4_1.srcs/sources_1/new/mux_16_1_tb.vhd:]
WARNING: [filemgmt 56-199] Attempt to get parsing info during refresh. "On-the-fly" syntax checking information may be incorrect. [/home/cesare/ASDI/1/mux4_1/mux4_1.srcs/sources_1/new/mux_16_1_tb.vhd:]
WARNING: [filemgmt 56-199] Attempt to get parsing info during refresh. "On-the-fly" syntax checking information may be incorrect. [/home/cesare/ASDI/1/mux4_1/mux4_1.srcs/sources_1/new/mux_16_1_tb.vhd:]
WARNING: [filemgmt 56-199] Attempt to get parsing info during refresh. "On-the-fly" syntax checking information may be incorrect. [/home/cesare/ASDI/1/mux4_1/mux4_1.srcs/sources_1/new/mux_16_1.vhd:]
WARNING: [filemgmt 56-199] Attempt to get parsing info during refresh. "On-the-fly" syntax checking information may be incorrect. [/home/cesare/ASDI/1/mux4_1/mux4_1.srcs/sources_1/new/mux4_1.vhd:]
WARNING: [filemgmt 56-199] Attempt to get parsing info during refresh. "On-the-fly" syntax checking information may be incorrect. [/home/cesare/ASDI/1/mux4_1/mux4_1.srcs/sources_1/new/mux_16_1_tb.vhd:]
WARNING: [filemgmt 56-199] Attempt to get parsing info during refresh. "On-the-fly" syntax checking information may be incorrect. [/home/cesare/ASDI/1/mux4_1/mux4_1.srcs/sources_1/new/mux_16_1.vhd:]
WARNING: [filemgmt 56-199] Attempt to get parsing info during refresh. "On-the-fly" syntax checking information may be incorrect. [/home/cesare/ASDI/1/mux4_1/mux4_1.srcs/sources_1/new/mux_16_1.vhd:]
WARNING: [filemgmt 56-199] Attempt to get parsing info during refresh. "On-the-fly" syntax checking information may be incorrect. [/home/cesare/ASDI/1/mux4_1/mux4_1.srcs/sources_1/new/mux_16_1.vhd:]
WARNING: [filemgmt 56-199] Attempt to get parsing info during refresh. "On-the-fly" syntax checking information may be incorrect. [/home/cesare/ASDI/1/mux4_1/mux4_1.srcs/sources_1/new/mux4_1.vhd:]
WARNING: [filemgmt 56-199] Attempt to get parsing info during refresh. "On-the-fly" syntax checking information may be incorrect. [/home/cesare/ASDI/1/mux4_1/mux4_1.srcs/sources_1/new/mux_16_1_tb.vhd:]
WARNING: [filemgmt 56-199] Attempt to get parsing info during refresh. "On-the-fly" syntax checking information may be incorrect. [/home/cesare/ASDI/1/mux4_1/mux4_1.srcs/sources_1/new/mux_16_1_tb.vhd:]
WARNING: [filemgmt 56-199] Attempt to get parsing info during refresh. "On-the-fly" syntax checking information may be incorrect. [/home/cesare/ASDI/1/mux4_1/mux4_1.srcs/sources_1/new/mux_16_1_tb.vhd:]
WARNING: [filemgmt 56-199] Attempt to get parsing info during refresh. "On-the-fly" syntax checking information may be incorrect. [/home/cesare/ASDI/1/mux4_1/mux4_1.srcs/sources_1/new/mux_16_1.vhd:]
WARNING: [filemgmt 56-199] Attempt to get parsing info during refresh. "On-the-fly" syntax checking information may be incorrect. [/home/cesare/ASDI/1/mux4_1/mux4_1.srcs/sources_1/new/mux4_1.vhd:]
WARNING: [filemgmt 56-199] Attempt to get parsing info during refresh. "On-the-fly" syntax checking information may be incorrect. [/home/cesare/ASDI/1/mux4_1/mux4_1.srcs/sources_1/new/mux_16_1_tb.vhd:]
WARNING: [filemgmt 56-199] Attempt to get parsing info during refresh. "On-the-fly" syntax checking information may be incorrect. [/home/cesare/ASDI/1/mux4_1/mux4_1.srcs/sources_1/new/mux_16_1.vhd:]
WARNING: [filemgmt 56-199] Attempt to get parsing info during refresh. "On-the-fly" syntax checking information may be incorrect. [/home/cesare/ASDI/1/mux4_1/mux4_1.srcs/sources_1/new/mux_16_1.vhd:]
WARNING: [filemgmt 56-199] Attempt to get parsing info during refresh. "On-the-fly" syntax checking information may be incorrect. [/home/cesare/ASDI/1/mux4_1/mux4_1.srcs/sources_1/new/mux_16_1.vhd:]
WARNING: [filemgmt 56-199] Attempt to get parsing info during refresh. "On-the-fly" syntax checking information may be incorrect. [/home/cesare/ASDI/1/mux4_1/mux4_1.srcs/sources_1/new/mux4_1.vhd:]
WARNING: [filemgmt 56-199] Attempt to get parsing info during refresh. "On-the-fly" syntax checking information may be incorrect. [/home/cesare/ASDI/1/mux4_1/mux4_1.srcs/sources_1/new/mux_16_1_tb.vhd:]
WARNING: [filemgmt 56-199] Attempt to get parsing info during refresh. "On-the-fly" syntax checking information may be incorrect. [/home/cesare/ASDI/1/mux4_1/mux4_1.srcs/sources_1/new/mux_16_1_tb.vhd:]
WARNING: [filemgmt 56-199] Attempt to get parsing info during refresh. "On-the-fly" syntax checking information may be incorrect. [/home/cesare/ASDI/1/mux4_1/mux4_1.srcs/sources_1/new/mux_16_1_tb.vhd:]
WARNING: [filemgmt 56-199] Attempt to get parsing info during refresh. "On-the-fly" syntax checking information may be incorrect. [/home/cesare/ASDI/1/mux4_1/mux4_1.srcs/sources_1/new/mux_16_1.vhd:]
WARNING: [filemgmt 56-199] Attempt to get parsing info during refresh. "On-the-fly" syntax checking information may be incorrect. [/home/cesare/ASDI/1/mux4_1/mux4_1.srcs/sources_1/new/mux4_1.vhd:]
WARNING: [filemgmt 56-199] Attempt to get parsing info during refresh. "On-the-fly" syntax checking information may be incorrect. [/home/cesare/ASDI/1/mux4_1/mux4_1.srcs/sources_1/new/mux_16_1_tb.vhd:]
WARNING: [filemgmt 56-199] Attempt to get parsing info during refresh. "On-the-fly" syntax checking information may be incorrect. [/home/cesare/ASDI/1/mux4_1/mux4_1.srcs/sources_1/new/mux_16_1.vhd:]
WARNING: [filemgmt 56-199] Attempt to get parsing info during refresh. "On-the-fly" syntax checking information may be incorrect. [/home/cesare/ASDI/1/mux4_1/mux4_1.srcs/sources_1/new/mux_16_1.vhd:]
update_compile_order -fileset sources_1
WARNING: [filemgmt 56-199] Attempt to get parsing info during refresh. "On-the-fly" syntax checking information may be incorrect. [/home/cesare/ASDI/1/mux4_1/mux4_1.srcs/sources_1/new/mux_16_1.vhd:]
WARNING: [filemgmt 56-199] Attempt to get parsing info during refresh. "On-the-fly" syntax checking information may be incorrect. [/home/cesare/ASDI/1/mux4_1/mux4_1.srcs/sources_1/new/mux4_1.vhd:]
WARNING: [filemgmt 56-199] Attempt to get parsing info during refresh. "On-the-fly" syntax checking information may be incorrect. [/home/cesare/ASDI/1/mux4_1/mux4_1.srcs/sources_1/new/mux_16_1_tb.vhd:]
WARNING: [filemgmt 56-199] Attempt to get parsing info during refresh. "On-the-fly" syntax checking information may be incorrect. [/home/cesare/ASDI/1/mux4_1/mux4_1.srcs/sources_1/new/mux_16_1.vhd:]
WARNING: [filemgmt 56-199] Attempt to get parsing info during refresh. "On-the-fly" syntax checking information may be incorrect. [/home/cesare/ASDI/1/mux4_1/mux4_1.srcs/sources_1/new/mux_16_1.vhd:]
WARNING: [filemgmt 56-199] Attempt to get parsing info during refresh. "On-the-fly" syntax checking information may be incorrect. [/home/cesare/ASDI/1/mux4_1/mux4_1.srcs/sources_1/new/mux_16_1.vhd:]
WARNING: [filemgmt 56-199] Attempt to get parsing info during refresh. "On-the-fly" syntax checking information may be incorrect. [/home/cesare/ASDI/1/mux4_1/mux4_1.srcs/sources_1/new/mux4_1.vhd:]
WARNING: [filemgmt 56-199] Attempt to get parsing info during refresh. "On-the-fly" syntax checking information may be incorrect. [/home/cesare/ASDI/1/mux4_1/mux4_1.srcs/sources_1/new/mux_16_1_tb.vhd:]
WARNING: [filemgmt 56-199] Attempt to get parsing info during refresh. "On-the-fly" syntax checking information may be incorrect. [/home/cesare/ASDI/1/mux4_1/mux4_1.srcs/sources_1/new/mux4_1.vhd:]
WARNING: [filemgmt 56-199] Attempt to get parsing info during refresh. "On-the-fly" syntax checking information may be incorrect. [/home/cesare/ASDI/1/mux4_1/mux4_1.srcs/sources_1/new/mux4_1.vhd:]
WARNING: [filemgmt 56-199] Attempt to get parsing info during refresh. "On-the-fly" syntax checking information may be incorrect. [/home/cesare/ASDI/1/mux4_1/mux4_1.srcs/sources_1/new/mux_16_1.vhd:]
WARNING: [filemgmt 56-199] Attempt to get parsing info during refresh. "On-the-fly" syntax checking information may be incorrect. [/home/cesare/ASDI/1/mux4_1/mux4_1.srcs/sources_1/new/mux4_1.vhd:]
WARNING: [filemgmt 56-199] Attempt to get parsing info during refresh. "On-the-fly" syntax checking information may be incorrect. [/home/cesare/ASDI/1/mux4_1/mux4_1.srcs/sources_1/new/mux_16_1_tb.vhd:]
WARNING: [filemgmt 56-199] Attempt to get parsing info during refresh. "On-the-fly" syntax checking information may be incorrect. [/home/cesare/ASDI/1/mux4_1/mux4_1.srcs/sources_1/new/mux_16_1.vhd:]
WARNING: [filemgmt 56-199] Attempt to get parsing info during refresh. "On-the-fly" syntax checking information may be incorrect. [/home/cesare/ASDI/1/mux4_1/mux4_1.srcs/sources_1/new/mux_16_1.vhd:]
WARNING: [filemgmt 56-199] Attempt to get parsing info during refresh. "On-the-fly" syntax checking information may be incorrect. [/home/cesare/ASDI/1/mux4_1/mux4_1.srcs/sources_1/new/mux_16_1.vhd:]
WARNING: [filemgmt 56-199] Attempt to get parsing info during refresh. "On-the-fly" syntax checking information may be incorrect. [/home/cesare/ASDI/1/mux4_1/mux4_1.srcs/sources_1/new/mux4_1.vhd:]
WARNING: [filemgmt 56-199] Attempt to get parsing info during refresh. "On-the-fly" syntax checking information may be incorrect. [/home/cesare/ASDI/1/mux4_1/mux4_1.srcs/sources_1/new/mux_16_1_tb.vhd:]
WARNING: [filemgmt 56-199] Attempt to get parsing info during refresh. "On-the-fly" syntax checking information may be incorrect. [/home/cesare/ASDI/1/mux4_1/mux4_1.srcs/sources_1/new/mux4_1.vhd:]
WARNING: [filemgmt 56-199] Attempt to get parsing info during refresh. "On-the-fly" syntax checking information may be incorrect. [/home/cesare/ASDI/1/mux4_1/mux4_1.srcs/sources_1/new/mux4_1.vhd:]
reset_run synth_1
INFO: [Project 1-1161] Replacing file /home/cesare/ASDI/1/mux4_1/mux4_1.srcs/utils_1/imports/synth_1/mux_16_1.dcp with file /home/cesare/ASDI/1/mux4_1/mux4_1.runs/synth_1/mux_16_1_tb.dcp
launch_runs impl_1 -jobs 6
WARNING: [filemgmt 56-199] Attempt to get parsing info during refresh. "On-the-fly" syntax checking information may be incorrect. [/home/cesare/ASDI/1/mux4_1/mux4_1.srcs/sources_1/new/mux_16_1.vhd:]
WARNING: [filemgmt 56-199] Attempt to get parsing info during refresh. "On-the-fly" syntax checking information may be incorrect. [/home/cesare/ASDI/1/mux4_1/mux4_1.srcs/sources_1/new/mux4_1.vhd:]
WARNING: [filemgmt 56-199] Attempt to get parsing info during refresh. "On-the-fly" syntax checking information may be incorrect. [/home/cesare/ASDI/1/mux4_1/mux4_1.srcs/sources_1/new/mux_16_1_tb.vhd:]
WARNING: [filemgmt 56-199] Attempt to get parsing info during refresh. "On-the-fly" syntax checking information may be incorrect. [/home/cesare/ASDI/1/mux4_1/mux4_1.srcs/sources_1/new/mux_16_1.vhd:]
WARNING: [filemgmt 56-199] Attempt to get parsing info during refresh. "On-the-fly" syntax checking information may be incorrect. [/home/cesare/ASDI/1/mux4_1/mux4_1.srcs/sources_1/new/mux_16_1.vhd:]
[Tue Mar 18 13:02:51 2025] Launched synth_1...
Run output will be captured here: /home/cesare/ASDI/1/mux4_1/mux4_1.runs/synth_1/runme.log
[Tue Mar 18 13:02:51 2025] Launched impl_1...
Run output will be captured here: /home/cesare/ASDI/1/mux4_1/mux4_1.runs/impl_1/runme.log
WARNING: [filemgmt 56-199] Attempt to get parsing info during refresh. "On-the-fly" syntax checking information may be incorrect. [/home/cesare/ASDI/1/mux4_1/mux4_1.srcs/sources_1/new/mux_16_1.vhd:]
WARNING: [filemgmt 56-199] Attempt to get parsing info during refresh. "On-the-fly" syntax checking information may be incorrect. [/home/cesare/ASDI/1/mux4_1/mux4_1.srcs/sources_1/new/mux4_1.vhd:]
WARNING: [filemgmt 56-199] Attempt to get parsing info during refresh. "On-the-fly" syntax checking information may be incorrect. [/home/cesare/ASDI/1/mux4_1/mux4_1.srcs/sources_1/new/mux_16_1_tb.vhd:]
WARNING: [filemgmt 56-199] Attempt to get parsing info during refresh. "On-the-fly" syntax checking information may be incorrect. [/home/cesare/ASDI/1/mux4_1/mux4_1.srcs/sources_1/new/mux4_1.vhd:]
WARNING: [filemgmt 56-199] Attempt to get parsing info during refresh. "On-the-fly" syntax checking information may be incorrect. [/home/cesare/ASDI/1/mux4_1/mux4_1.srcs/sources_1/new/mux4_1.vhd:]
refresh_design
INFO: [Synth 8-7079] Multithreading enabled for synth_design using a maximum of 7 processes.
---------------------------------------------------------------------------------
Starting RTL Elaboration : Time (s): cpu = 00:00:02 ; elapsed = 00:00:02 . Memory (MB): peak = 9268.734 ; gain = 0.000 ; free physical = 20002 ; free virtual = 32288
---------------------------------------------------------------------------------
INFO: [Synth 8-638] synthesizing module 'mux_16_1_tb' [/home/cesare/ASDI/1/mux4_1/mux4_1.srcs/sources_1/new/mux_16_1_tb.vhd:39]
INFO: [Synth 8-3491] module 'mux_16_1' declared at '/home/cesare/ASDI/1/mux4_1/mux4_1.srcs/sources_1/new/mux_16_1.vhd:34' bound to instance 'uut' of component 'mux_16_1' [/home/cesare/ASDI/1/mux4_1/mux4_1.srcs/sources_1/new/mux_16_1_tb.vhd:78]
INFO: [Synth 8-638] synthesizing module 'mux_16_1' [/home/cesare/ASDI/1/mux4_1/mux4_1.srcs/sources_1/new/mux_16_1.vhd:62]
INFO: [Synth 8-3491] module 'mux_4_1' declared at '/home/cesare/ASDI/1/mux4_1/mux4_1.srcs/sources_1/new/mux4_1.vhd:34' bound to instance 'mux0' of component 'mux_4_1' [/home/cesare/ASDI/1/mux4_1/mux4_1.srcs/sources_1/new/mux_16_1.vhd:83]
INFO: [Synth 8-638] synthesizing module 'mux_4_1' [/home/cesare/ASDI/1/mux4_1/mux4_1.srcs/sources_1/new/mux4_1.vhd:46]
INFO: [Synth 8-256] done synthesizing module 'mux_4_1' (0#1) [/home/cesare/ASDI/1/mux4_1/mux4_1.srcs/sources_1/new/mux4_1.vhd:46]
INFO: [Synth 8-3491] module 'mux_4_1' declared at '/home/cesare/ASDI/1/mux4_1/mux4_1.srcs/sources_1/new/mux4_1.vhd:34' bound to instance 'mux1' of component 'mux_4_1' [/home/cesare/ASDI/1/mux4_1/mux4_1.srcs/sources_1/new/mux_16_1.vhd:93]
INFO: [Synth 8-3491] module 'mux_4_1' declared at '/home/cesare/ASDI/1/mux4_1/mux4_1.srcs/sources_1/new/mux4_1.vhd:34' bound to instance 'mux2' of component 'mux_4_1' [/home/cesare/ASDI/1/mux4_1/mux4_1.srcs/sources_1/new/mux_16_1.vhd:103]
INFO: [Synth 8-3491] module 'mux_4_1' declared at '/home/cesare/ASDI/1/mux4_1/mux4_1.srcs/sources_1/new/mux4_1.vhd:34' bound to instance 'mux3' of component 'mux_4_1' [/home/cesare/ASDI/1/mux4_1/mux4_1.srcs/sources_1/new/mux_16_1.vhd:113]
INFO: [Synth 8-3491] module 'mux_4_1' declared at '/home/cesare/ASDI/1/mux4_1/mux4_1.srcs/sources_1/new/mux4_1.vhd:34' bound to instance 'mux4' of component 'mux_4_1' [/home/cesare/ASDI/1/mux4_1/mux4_1.srcs/sources_1/new/mux_16_1.vhd:123]
INFO: [Synth 8-256] done synthesizing module 'mux_16_1' (0#1) [/home/cesare/ASDI/1/mux4_1/mux4_1.srcs/sources_1/new/mux_16_1.vhd:62]
WARNING: [Synth 8-312] ignoring unsynthesizable construct: wait statement with no conditon [/home/cesare/ASDI/1/mux4_1/mux4_1.srcs/sources_1/new/mux_16_1_tb.vhd:107]
WARNING: [Synth 8-312] ignoring unsynthesizable construct: wait statement with no conditon [/home/cesare/ASDI/1/mux4_1/mux4_1.srcs/sources_1/new/mux_16_1_tb.vhd:116]
WARNING: [Synth 8-312] ignoring unsynthesizable construct: wait statement with no conditon [/home/cesare/ASDI/1/mux4_1/mux4_1.srcs/sources_1/new/mux_16_1_tb.vhd:123]
INFO: [Synth 8-256] done synthesizing module 'mux_16_1_tb' (0#1) [/home/cesare/ASDI/1/mux4_1/mux4_1.srcs/sources_1/new/mux_16_1_tb.vhd:39]
---------------------------------------------------------------------------------
Finished RTL Elaboration : Time (s): cpu = 00:00:03 ; elapsed = 00:00:03 . Memory (MB): peak = 9268.734 ; gain = 0.000 ; free physical = 19978 ; free virtual = 32264
---------------------------------------------------------------------------------
---------------------------------------------------------------------------------
Start Handling Custom Attributes
---------------------------------------------------------------------------------
---------------------------------------------------------------------------------
Finished Handling Custom Attributes : Time (s): cpu = 00:00:03 ; elapsed = 00:00:03 . Memory (MB): peak = 9268.734 ; gain = 0.000 ; free physical = 19977 ; free virtual = 32263
---------------------------------------------------------------------------------
---------------------------------------------------------------------------------
Finished RTL Optimization Phase 1 : Time (s): cpu = 00:00:03 ; elapsed = 00:00:03 . Memory (MB): peak = 9268.734 ; gain = 0.000 ; free physical = 19977 ; free virtual = 32263
---------------------------------------------------------------------------------
Netlist sorting complete. Time (s): cpu = 00:00:00 ; elapsed = 00:00:00 . Memory (MB): peak = 9268.734 ; gain = 0.000 ; free physical = 21264 ; free virtual = 33550
INFO: [Project 1-570] Preparing netlist for logic optimization

Processing XDC Constraints
Initializing timing engine
Completed Processing XDC Constraints

reset_run impl_1
launch_runs impl_1 -jobs 6
[Tue Mar 18 13:03:38 2025] Launched impl_1...
Run output will be captured here: /home/cesare/ASDI/1/mux4_1/mux4_1.runs/impl_1/runme.log
WARNING: [filemgmt 56-199] Attempt to get parsing info during refresh. "On-the-fly" syntax checking information may be incorrect. [/home/cesare/ASDI/1/mux4_1/mux4_1.srcs/sources_1/new/mux_16_1.vhd:]
WARNING: [filemgmt 56-199] Attempt to get parsing info during refresh. "On-the-fly" syntax checking information may be incorrect. [/home/cesare/ASDI/1/mux4_1/mux4_1.srcs/sources_1/new/mux4_1.vhd:]
WARNING: [filemgmt 56-199] Attempt to get parsing info during refresh. "On-the-fly" syntax checking information may be incorrect. [/home/cesare/ASDI/1/mux4_1/mux4_1.srcs/sources_1/new/mux_16_1_tb.vhd:]
WARNING: [filemgmt 56-199] Attempt to get parsing info during refresh. "On-the-fly" syntax checking information may be incorrect. [/home/cesare/ASDI/1/mux4_1/mux4_1.srcs/sources_1/new/mux4_1.vhd:]
WARNING: [filemgmt 56-199] Attempt to get parsing info during refresh. "On-the-fly" syntax checking information may be incorrect. [/home/cesare/ASDI/1/mux4_1/mux4_1.srcs/sources_1/new/mux4_1.vhd:]
WARNING: [filemgmt 56-199] Attempt to get parsing info during refresh. "On-the-fly" syntax checking information may be incorrect. [/home/cesare/ASDI/1/mux4_1/mux4_1.srcs/sources_1/new/mux_16_1.vhd:]
WARNING: [filemgmt 56-199] Attempt to get parsing info during refresh. "On-the-fly" syntax checking information may be incorrect. [/home/cesare/ASDI/1/mux4_1/mux4_1.srcs/sources_1/new/mux4_1.vhd:]
WARNING: [filemgmt 56-199] Attempt to get parsing info during refresh. "On-the-fly" syntax checking information may be incorrect. [/home/cesare/ASDI/1/mux4_1/mux4_1.srcs/sources_1/new/mux_16_1_tb.vhd:]
WARNING: [filemgmt 56-199] Attempt to get parsing info during refresh. "On-the-fly" syntax checking information may be incorrect. [/home/cesare/ASDI/1/mux4_1/mux4_1.srcs/sources_1/new/mux_16_1_tb.vhd:]
WARNING: [filemgmt 56-199] Attempt to get parsing info during refresh. "On-the-fly" syntax checking information may be incorrect. [/home/cesare/ASDI/1/mux4_1/mux4_1.srcs/sources_1/new/mux_16_1_tb.vhd:]
reset_run synth_1
INFO: [Project 1-1161] Replacing file /home/cesare/ASDI/1/mux4_1/mux4_1.srcs/utils_1/imports/synth_1/mux_16_1.dcp with file /home/cesare/ASDI/1/mux4_1/mux4_1.runs/synth_1/mux_16_1_tb.dcp
launch_runs impl_1 -jobs 6
[Tue Mar 18 13:04:23 2025] Launched synth_1...
Run output will be captured here: /home/cesare/ASDI/1/mux4_1/mux4_1.runs/synth_1/runme.log
[Tue Mar 18 13:04:23 2025] Launched impl_1...
Run output will be captured here: /home/cesare/ASDI/1/mux4_1/mux4_1.runs/impl_1/runme.log
WARNING: [filemgmt 56-199] Attempt to get parsing info during refresh. "On-the-fly" syntax checking information may be incorrect. [/home/cesare/ASDI/1/mux4_1/mux4_1.srcs/sources_1/new/mux_16_1.vhd:]
WARNING: [filemgmt 56-199] Attempt to get parsing info during refresh. "On-the-fly" syntax checking information may be incorrect. [/home/cesare/ASDI/1/mux4_1/mux4_1.srcs/sources_1/new/mux4_1.vhd:]
WARNING: [filemgmt 56-199] Attempt to get parsing info during refresh. "On-the-fly" syntax checking information may be incorrect. [/home/cesare/ASDI/1/mux4_1/mux4_1.srcs/sources_1/new/mux_16_1_tb.vhd:]
WARNING: [filemgmt 56-199] Attempt to get parsing info during refresh. "On-the-fly" syntax checking information may be incorrect. [/home/cesare/ASDI/1/mux4_1/mux4_1.srcs/sources_1/new/mux_16_1_tb.vhd:]
WARNING: [filemgmt 56-199] Attempt to get parsing info during refresh. "On-the-fly" syntax checking information may be incorrect. [/home/cesare/ASDI/1/mux4_1/mux4_1.srcs/sources_1/new/mux_16_1_tb.vhd:]
WARNING: [filemgmt 56-199] Attempt to get parsing info during refresh. "On-the-fly" syntax checking information may be incorrect. [/home/cesare/ASDI/1/mux4_1/mux4_1.srcs/sources_1/new/mux_16_1.vhd:]
WARNING: [filemgmt 56-199] Attempt to get parsing info during refresh. "On-the-fly" syntax checking information may be incorrect. [/home/cesare/ASDI/1/mux4_1/mux4_1.srcs/sources_1/new/mux4_1.vhd:]
WARNING: [filemgmt 56-199] Attempt to get parsing info during refresh. "On-the-fly" syntax checking information may be incorrect. [/home/cesare/ASDI/1/mux4_1/mux4_1.srcs/sources_1/new/mux_16_1_tb.vhd:]
WARNING: [filemgmt 56-199] Attempt to get parsing info during refresh. "On-the-fly" syntax checking information may be incorrect. [/home/cesare/ASDI/1/mux4_1/mux4_1.srcs/sources_1/new/mux4_1.vhd:]
WARNING: [filemgmt 56-199] Attempt to get parsing info during refresh. "On-the-fly" syntax checking information may be incorrect. [/home/cesare/ASDI/1/mux4_1/mux4_1.srcs/sources_1/new/mux4_1.vhd:]
refresh_design
INFO: [Synth 8-7079] Multithreading enabled for synth_design using a maximum of 7 processes.
---------------------------------------------------------------------------------
Starting RTL Elaboration : Time (s): cpu = 00:00:02 ; elapsed = 00:00:02 . Memory (MB): peak = 9325.609 ; gain = 0.000 ; free physical = 19587 ; free virtual = 31877
---------------------------------------------------------------------------------
INFO: [Synth 8-638] synthesizing module 'mux_16_1_tb' [/home/cesare/ASDI/1/mux4_1/mux4_1.srcs/sources_1/new/mux_16_1_tb.vhd:39]
INFO: [Synth 8-3491] module 'mux_16_1' declared at '/home/cesare/ASDI/1/mux4_1/mux4_1.srcs/sources_1/new/mux_16_1.vhd:34' bound to instance 'uut' of component 'mux_16_1' [/home/cesare/ASDI/1/mux4_1/mux4_1.srcs/sources_1/new/mux_16_1_tb.vhd:78]
INFO: [Synth 8-638] synthesizing module 'mux_16_1' [/home/cesare/ASDI/1/mux4_1/mux4_1.srcs/sources_1/new/mux_16_1.vhd:62]
INFO: [Synth 8-3491] module 'mux_4_1' declared at '/home/cesare/ASDI/1/mux4_1/mux4_1.srcs/sources_1/new/mux4_1.vhd:34' bound to instance 'mux0' of component 'mux_4_1' [/home/cesare/ASDI/1/mux4_1/mux4_1.srcs/sources_1/new/mux_16_1.vhd:83]
INFO: [Synth 8-638] synthesizing module 'mux_4_1' [/home/cesare/ASDI/1/mux4_1/mux4_1.srcs/sources_1/new/mux4_1.vhd:46]
INFO: [Synth 8-256] done synthesizing module 'mux_4_1' (0#1) [/home/cesare/ASDI/1/mux4_1/mux4_1.srcs/sources_1/new/mux4_1.vhd:46]
INFO: [Synth 8-3491] module 'mux_4_1' declared at '/home/cesare/ASDI/1/mux4_1/mux4_1.srcs/sources_1/new/mux4_1.vhd:34' bound to instance 'mux1' of component 'mux_4_1' [/home/cesare/ASDI/1/mux4_1/mux4_1.srcs/sources_1/new/mux_16_1.vhd:93]
INFO: [Synth 8-3491] module 'mux_4_1' declared at '/home/cesare/ASDI/1/mux4_1/mux4_1.srcs/sources_1/new/mux4_1.vhd:34' bound to instance 'mux2' of component 'mux_4_1' [/home/cesare/ASDI/1/mux4_1/mux4_1.srcs/sources_1/new/mux_16_1.vhd:103]
INFO: [Synth 8-3491] module 'mux_4_1' declared at '/home/cesare/ASDI/1/mux4_1/mux4_1.srcs/sources_1/new/mux4_1.vhd:34' bound to instance 'mux3' of component 'mux_4_1' [/home/cesare/ASDI/1/mux4_1/mux4_1.srcs/sources_1/new/mux_16_1.vhd:113]
INFO: [Synth 8-3491] module 'mux_4_1' declared at '/home/cesare/ASDI/1/mux4_1/mux4_1.srcs/sources_1/new/mux4_1.vhd:34' bound to instance 'mux4' of component 'mux_4_1' [/home/cesare/ASDI/1/mux4_1/mux4_1.srcs/sources_1/new/mux_16_1.vhd:123]
INFO: [Synth 8-256] done synthesizing module 'mux_16_1' (0#1) [/home/cesare/ASDI/1/mux4_1/mux4_1.srcs/sources_1/new/mux_16_1.vhd:62]
WARNING: [Synth 8-312] ignoring unsynthesizable construct: wait statement with no conditon [/home/cesare/ASDI/1/mux4_1/mux4_1.srcs/sources_1/new/mux_16_1_tb.vhd:107]
WARNING: [Synth 8-312] ignoring unsynthesizable construct: wait statement with no conditon [/home/cesare/ASDI/1/mux4_1/mux4_1.srcs/sources_1/new/mux_16_1_tb.vhd:116]
WARNING: [Synth 8-312] ignoring unsynthesizable construct: wait statement with no conditon [/home/cesare/ASDI/1/mux4_1/mux4_1.srcs/sources_1/new/mux_16_1_tb.vhd:123]
INFO: [Synth 8-256] done synthesizing module 'mux_16_1_tb' (0#1) [/home/cesare/ASDI/1/mux4_1/mux4_1.srcs/sources_1/new/mux_16_1_tb.vhd:39]
---------------------------------------------------------------------------------
Finished RTL Elaboration : Time (s): cpu = 00:00:03 ; elapsed = 00:00:03 . Memory (MB): peak = 9325.609 ; gain = 0.000 ; free physical = 19581 ; free virtual = 31869
---------------------------------------------------------------------------------
---------------------------------------------------------------------------------
Start Handling Custom Attributes
---------------------------------------------------------------------------------
---------------------------------------------------------------------------------
Finished Handling Custom Attributes : Time (s): cpu = 00:00:03 ; elapsed = 00:00:03 . Memory (MB): peak = 9326.574 ; gain = 0.965 ; free physical = 19581 ; free virtual = 31869
---------------------------------------------------------------------------------
---------------------------------------------------------------------------------
Finished RTL Optimization Phase 1 : Time (s): cpu = 00:00:03 ; elapsed = 00:00:03 . Memory (MB): peak = 9326.574 ; gain = 0.965 ; free physical = 19581 ; free virtual = 31869
---------------------------------------------------------------------------------
Netlist sorting complete. Time (s): cpu = 00:00:00 ; elapsed = 00:00:00 . Memory (MB): peak = 9326.582 ; gain = 0.000 ; free physical = 19714 ; free virtual = 32001
INFO: [Project 1-570] Preparing netlist for logic optimization

Processing XDC Constraints
Initializing timing engine
Completed Processing XDC Constraints

reset_run impl_1
launch_runs impl_1 -jobs 6
[Tue Mar 18 13:05:08 2025] Launched impl_1...
Run output will be captured here: /home/cesare/ASDI/1/mux4_1/mux4_1.runs/impl_1/runme.log
WARNING: [filemgmt 56-199] Attempt to get parsing info during refresh. "On-the-fly" syntax checking information may be incorrect. [/home/cesare/ASDI/1/mux4_1/mux4_1.srcs/sources_1/new/mux_16_1.vhd:]
WARNING: [filemgmt 56-199] Attempt to get parsing info during refresh. "On-the-fly" syntax checking information may be incorrect. [/home/cesare/ASDI/1/mux4_1/mux4_1.srcs/sources_1/new/mux4_1.vhd:]
WARNING: [filemgmt 56-199] Attempt to get parsing info during refresh. "On-the-fly" syntax checking information may be incorrect. [/home/cesare/ASDI/1/mux4_1/mux4_1.srcs/sources_1/new/mux_16_1_tb.vhd:]
WARNING: [filemgmt 56-199] Attempt to get parsing info during refresh. "On-the-fly" syntax checking information may be incorrect. [/home/cesare/ASDI/1/mux4_1/mux4_1.srcs/sources_1/new/mux_16_1_tb.vhd:]
WARNING: [filemgmt 56-199] Attempt to get parsing info during refresh. "On-the-fly" syntax checking information may be incorrect. [/home/cesare/ASDI/1/mux4_1/mux4_1.srcs/sources_1/new/mux_16_1_tb.vhd:]
WARNING: [filemgmt 56-199] Attempt to get parsing info during refresh. "On-the-fly" syntax checking information may be incorrect. [/home/cesare/ASDI/1/mux4_1/mux4_1.srcs/sources_1/new/mux_16_1.vhd:]
WARNING: [filemgmt 56-199] Attempt to get parsing info during refresh. "On-the-fly" syntax checking information may be incorrect. [/home/cesare/ASDI/1/mux4_1/mux4_1.srcs/sources_1/new/mux4_1.vhd:]
WARNING: [filemgmt 56-199] Attempt to get parsing info during refresh. "On-the-fly" syntax checking information may be incorrect. [/home/cesare/ASDI/1/mux4_1/mux4_1.srcs/sources_1/new/mux_16_1_tb.vhd:]
WARNING: [filemgmt 56-199] Attempt to get parsing info during refresh. "On-the-fly" syntax checking information may be incorrect. [/home/cesare/ASDI/1/mux4_1/mux4_1.srcs/sources_1/new/mux4_1.vhd:]
WARNING: [filemgmt 56-199] Attempt to get parsing info during refresh. "On-the-fly" syntax checking information may be incorrect. [/home/cesare/ASDI/1/mux4_1/mux4_1.srcs/sources_1/new/mux4_1.vhd:]
refresh_design
INFO: [Synth 8-7079] Multithreading enabled for synth_design using a maximum of 7 processes.
---------------------------------------------------------------------------------
Starting RTL Elaboration : Time (s): cpu = 00:00:02 ; elapsed = 00:00:02 . Memory (MB): peak = 9348.547 ; gain = 6.992 ; free physical = 21233 ; free virtual = 33516
---------------------------------------------------------------------------------
INFO: [Synth 8-638] synthesizing module 'mux_16_1_tb' [/home/cesare/ASDI/1/mux4_1/mux4_1.srcs/sources_1/new/mux_16_1_tb.vhd:39]
INFO: [Synth 8-3491] module 'mux_16_1' declared at '/home/cesare/ASDI/1/mux4_1/mux4_1.srcs/sources_1/new/mux_16_1.vhd:34' bound to instance 'uut' of component 'mux_16_1' [/home/cesare/ASDI/1/mux4_1/mux4_1.srcs/sources_1/new/mux_16_1_tb.vhd:78]
INFO: [Synth 8-638] synthesizing module 'mux_16_1' [/home/cesare/ASDI/1/mux4_1/mux4_1.srcs/sources_1/new/mux_16_1.vhd:62]
INFO: [Synth 8-3491] module 'mux_4_1' declared at '/home/cesare/ASDI/1/mux4_1/mux4_1.srcs/sources_1/new/mux4_1.vhd:34' bound to instance 'mux0' of component 'mux_4_1' [/home/cesare/ASDI/1/mux4_1/mux4_1.srcs/sources_1/new/mux_16_1.vhd:83]
INFO: [Synth 8-638] synthesizing module 'mux_4_1' [/home/cesare/ASDI/1/mux4_1/mux4_1.srcs/sources_1/new/mux4_1.vhd:46]
INFO: [Synth 8-256] done synthesizing module 'mux_4_1' (0#1) [/home/cesare/ASDI/1/mux4_1/mux4_1.srcs/sources_1/new/mux4_1.vhd:46]
INFO: [Synth 8-3491] module 'mux_4_1' declared at '/home/cesare/ASDI/1/mux4_1/mux4_1.srcs/sources_1/new/mux4_1.vhd:34' bound to instance 'mux1' of component 'mux_4_1' [/home/cesare/ASDI/1/mux4_1/mux4_1.srcs/sources_1/new/mux_16_1.vhd:93]
INFO: [Synth 8-3491] module 'mux_4_1' declared at '/home/cesare/ASDI/1/mux4_1/mux4_1.srcs/sources_1/new/mux4_1.vhd:34' bound to instance 'mux2' of component 'mux_4_1' [/home/cesare/ASDI/1/mux4_1/mux4_1.srcs/sources_1/new/mux_16_1.vhd:103]
INFO: [Synth 8-3491] module 'mux_4_1' declared at '/home/cesare/ASDI/1/mux4_1/mux4_1.srcs/sources_1/new/mux4_1.vhd:34' bound to instance 'mux3' of component 'mux_4_1' [/home/cesare/ASDI/1/mux4_1/mux4_1.srcs/sources_1/new/mux_16_1.vhd:113]
INFO: [Synth 8-3491] module 'mux_4_1' declared at '/home/cesare/ASDI/1/mux4_1/mux4_1.srcs/sources_1/new/mux4_1.vhd:34' bound to instance 'mux4' of component 'mux_4_1' [/home/cesare/ASDI/1/mux4_1/mux4_1.srcs/sources_1/new/mux_16_1.vhd:123]
INFO: [Synth 8-256] done synthesizing module 'mux_16_1' (0#1) [/home/cesare/ASDI/1/mux4_1/mux4_1.srcs/sources_1/new/mux_16_1.vhd:62]
WARNING: [Synth 8-312] ignoring unsynthesizable construct: wait statement with no conditon [/home/cesare/ASDI/1/mux4_1/mux4_1.srcs/sources_1/new/mux_16_1_tb.vhd:107]
WARNING: [Synth 8-312] ignoring unsynthesizable construct: wait statement with no conditon [/home/cesare/ASDI/1/mux4_1/mux4_1.srcs/sources_1/new/mux_16_1_tb.vhd:116]
WARNING: [Synth 8-312] ignoring unsynthesizable construct: wait statement with no conditon [/home/cesare/ASDI/1/mux4_1/mux4_1.srcs/sources_1/new/mux_16_1_tb.vhd:123]
INFO: [Synth 8-256] done synthesizing module 'mux_16_1_tb' (0#1) [/home/cesare/ASDI/1/mux4_1/mux4_1.srcs/sources_1/new/mux_16_1_tb.vhd:39]
---------------------------------------------------------------------------------
Finished RTL Elaboration : Time (s): cpu = 00:00:03 ; elapsed = 00:00:03 . Memory (MB): peak = 9348.547 ; gain = 6.992 ; free physical = 21214 ; free virtual = 33497
---------------------------------------------------------------------------------
---------------------------------------------------------------------------------
Start Handling Custom Attributes
---------------------------------------------------------------------------------
---------------------------------------------------------------------------------
Finished Handling Custom Attributes : Time (s): cpu = 00:00:03 ; elapsed = 00:00:03 . Memory (MB): peak = 9351.516 ; gain = 9.961 ; free physical = 21213 ; free virtual = 33495
---------------------------------------------------------------------------------
---------------------------------------------------------------------------------
Finished RTL Optimization Phase 1 : Time (s): cpu = 00:00:03 ; elapsed = 00:00:03 . Memory (MB): peak = 9351.516 ; gain = 9.961 ; free physical = 21213 ; free virtual = 33495
---------------------------------------------------------------------------------
Netlist sorting complete. Time (s): cpu = 00:00:00 ; elapsed = 00:00:00 . Memory (MB): peak = 9361.516 ; gain = 0.000 ; free physical = 21357 ; free virtual = 33640
INFO: [Project 1-570] Preparing netlist for logic optimization

Processing XDC Constraints
Initializing timing engine
Completed Processing XDC Constraints

reset_run synth_1
INFO: [Project 1-1161] Replacing file /home/cesare/ASDI/1/mux4_1/mux4_1.srcs/utils_1/imports/synth_1/mux_16_1.dcp with file /home/cesare/ASDI/1/mux4_1/mux4_1.runs/synth_1/mux_16_1_tb.dcp
launch_runs impl_1 -jobs 6
[Tue Mar 18 13:06:24 2025] Launched synth_1...
Run output will be captured here: /home/cesare/ASDI/1/mux4_1/mux4_1.runs/synth_1/runme.log
[Tue Mar 18 13:06:24 2025] Launched impl_1...
Run output will be captured here: /home/cesare/ASDI/1/mux4_1/mux4_1.runs/impl_1/runme.log
WARNING: [filemgmt 56-199] Attempt to get parsing info during refresh. "On-the-fly" syntax checking information may be incorrect. [/home/cesare/ASDI/1/mux4_1/mux4_1.srcs/sources_1/new/mux_16_1.vhd:]
WARNING: [filemgmt 56-199] Attempt to get parsing info during refresh. "On-the-fly" syntax checking information may be incorrect. [/home/cesare/ASDI/1/mux4_1/mux4_1.srcs/sources_1/new/mux4_1.vhd:]
WARNING: [filemgmt 56-199] Attempt to get parsing info during refresh. "On-the-fly" syntax checking information may be incorrect. [/home/cesare/ASDI/1/mux4_1/mux4_1.srcs/sources_1/new/mux_16_1_tb.vhd:]
WARNING: [filemgmt 56-199] Attempt to get parsing info during refresh. "On-the-fly" syntax checking information may be incorrect. [/home/cesare/ASDI/1/mux4_1/mux4_1.srcs/sources_1/new/mux_16_1_tb.vhd:]
WARNING: [filemgmt 56-199] Attempt to get parsing info during refresh. "On-the-fly" syntax checking information may be incorrect. [/home/cesare/ASDI/1/mux4_1/mux4_1.srcs/sources_1/new/mux_16_1_tb.vhd:]
WARNING: [filemgmt 56-199] Attempt to get parsing info during refresh. "On-the-fly" syntax checking information may be incorrect. [/home/cesare/ASDI/1/mux4_1/mux4_1.srcs/sources_1/new/mux_16_1.vhd:]
WARNING: [filemgmt 56-199] Attempt to get parsing info during refresh. "On-the-fly" syntax checking information may be incorrect. [/home/cesare/ASDI/1/mux4_1/mux4_1.srcs/sources_1/new/mux4_1.vhd:]
WARNING: [filemgmt 56-199] Attempt to get parsing info during refresh. "On-the-fly" syntax checking information may be incorrect. [/home/cesare/ASDI/1/mux4_1/mux4_1.srcs/sources_1/new/mux_16_1_tb.vhd:]
WARNING: [filemgmt 56-199] Attempt to get parsing info during refresh. "On-the-fly" syntax checking information may be incorrect. [/home/cesare/ASDI/1/mux4_1/mux4_1.srcs/sources_1/new/mux4_1.vhd:]
WARNING: [filemgmt 56-199] Attempt to get parsing info during refresh. "On-the-fly" syntax checking information may be incorrect. [/home/cesare/ASDI/1/mux4_1/mux4_1.srcs/sources_1/new/mux4_1.vhd:]
WARNING: [filemgmt 56-199] Attempt to get parsing info during refresh. "On-the-fly" syntax checking information may be incorrect. [/home/cesare/ASDI/1/mux4_1/mux4_1.srcs/sources_1/new/mux_16_1.vhd:]
WARNING: [filemgmt 56-199] Attempt to get parsing info during refresh. "On-the-fly" syntax checking information may be incorrect. [/home/cesare/ASDI/1/mux4_1/mux4_1.srcs/sources_1/new/mux4_1.vhd:]
WARNING: [filemgmt 56-199] Attempt to get parsing info during refresh. "On-the-fly" syntax checking information may be incorrect. [/home/cesare/ASDI/1/mux4_1/mux4_1.srcs/sources_1/new/mux_16_1_tb.vhd:]
WARNING: [filemgmt 56-199] Attempt to get parsing info during refresh. "On-the-fly" syntax checking information may be incorrect. [/home/cesare/ASDI/1/mux4_1/mux4_1.srcs/sources_1/new/mux_16_1_tb.vhd:]
WARNING: [filemgmt 56-199] Attempt to get parsing info during refresh. "On-the-fly" syntax checking information may be incorrect. [/home/cesare/ASDI/1/mux4_1/mux4_1.srcs/sources_1/new/mux_16_1_tb.vhd:]
WARNING: [filemgmt 56-199] Attempt to get parsing info during refresh. "On-the-fly" syntax checking information may be incorrect. [/home/cesare/ASDI/1/mux4_1/mux4_1.srcs/sources_1/new/mux_16_1.vhd:]
WARNING: [filemgmt 56-199] Attempt to get parsing info during refresh. "On-the-fly" syntax checking information may be incorrect. [/home/cesare/ASDI/1/mux4_1/mux4_1.srcs/sources_1/new/mux4_1.vhd:]
WARNING: [filemgmt 56-199] Attempt to get parsing info during refresh. "On-the-fly" syntax checking information may be incorrect. [/home/cesare/ASDI/1/mux4_1/mux4_1.srcs/sources_1/new/mux_16_1_tb.vhd:]
WARNING: [filemgmt 56-199] Attempt to get parsing info during refresh. "On-the-fly" syntax checking information may be incorrect. [/home/cesare/ASDI/1/mux4_1/mux4_1.srcs/sources_1/new/mux4_1.vhd:]
WARNING: [filemgmt 56-199] Attempt to get parsing info during refresh. "On-the-fly" syntax checking information may be incorrect. [/home/cesare/ASDI/1/mux4_1/mux4_1.srcs/sources_1/new/mux4_1.vhd:]
exit
INFO: [Common 17-206] Exiting Vivado at Tue Mar 18 13:11:47 2025...
