#-----------------------------------------------------------
# Vivado v2024.2 (64-bit)
# SW Build 5239630 on Fri Nov 08 22:34:34 MST 2024
# IP Build 5239520 on Sun Nov 10 16:12:51 MST 2024
# SharedData Build 5239561 on Fri Nov 08 14:39:27 MST 2024
# Start of session at: Sun Mar 23 16:51:45 2025
# Process ID         : 4804
# Current directory  : /home/cesare/ASDI/1/1.1/mux_16_1
# Command line       : vivado mux_16_1.xpr
# Log file           : /home/cesare/ASDI/1/1.1/mux_16_1/vivado.log
# Journal file       : /home/cesare/ASDI/1/1.1/mux_16_1/vivado.jou
# Running On         : cesare-desktop
# Platform           : Ubuntu
# Operating System   : Ubuntu 24.04.2 LTS
# Processor Detail   : AMD Ryzen 5 7600X 6-Core Processor
# CPU Frequency      : 4358.684 MHz
# CPU Physical cores : 6
# CPU Logical cores  : 12
# Host memory        : 32792 MB
# Swap memory        : 8589 MB
# Total Virtual      : 41382 MB
# Available Virtual  : 39049 MB
#-----------------------------------------------------------
start_gui
open_project mux_16_1.xpr
INFO: [filemgmt 56-3] Default IP Output Path : Could not find the directory '/home/cesare/ASDI/1/1.1/mux_16_1/mux_16_1.gen/sources_1'.
Scanning sources...
Finished scanning sources
INFO: [IP_Flow 19-234] Refreshing IP repositories
INFO: [IP_Flow 19-1704] No user IP repositories specified
INFO: [IP_Flow 19-2313] Loaded Vivado IP repository '/tools/Xilinx/Vivado/2024.2/data/ip'.
update_compile_order -fileset sources_1
synth_design -top mux_16_1_tb -part xc7a100tcsg324-1 -lint 
Command: synth_design -top mux_16_1_tb -part xc7a100tcsg324-1 -lint
Starting synth_design
Attempting to get a license for feature 'Synthesis' and/or device 'xc7a100t'
INFO: [Common 17-349] Got license for feature 'Synthesis' and/or device 'xc7a100t'
INFO: [Synth 8-7079] Multithreading enabled for synth_design using a maximum of 7 processes.
INFO: [Synth 8-7078] Launching helper process for spawning children vivado processes
INFO: [Synth 8-7075] Helper process launched with PID 5258
INFO: [Common 17-41] Interrupt caught. Command should exit soon.
INFO: [Common 17-344] 'source' was cancelled
INFO: [Common 17-83] Releasing license: Synthesis
7 Infos, 0 Warnings, 0 Critical Warnings and 0 Errors encountered.
synth_design completed successfully
INFO: [Common 17-344] 'synth_design' was cancelled
synth_design -rtl -rtl_skip_mlo -name rtl_1
Command: synth_design -rtl -rtl_skip_mlo -name rtl_1
Starting synth_design
Using part: xc7a100tcsg324-1
Top: mux_16_1_tb
INFO: [Device 21-403] Loading part xc7a100tcsg324-1
INFO: [Synth 8-7079] Multithreading enabled for synth_design using a maximum of 7 processes.
invalid command name "NULL"
2 Infos, 0 Warnings, 0 Critical Warnings and 1 Errors encountered.
synth_design failed
ERROR: [Vivado_Tcl 4-5] Elaboration failed - please see the console for details
launch_runs impl_1 -jobs 6
[Sun Mar 23 16:54:54 2025] Launched impl_1...
Run output will be captured here: /home/cesare/ASDI/1/1.1/mux_16_1/mux_16_1.runs/impl_1/runme.log
reset_run impl_1
launch_runs impl_1 -jobs 6
[Sun Mar 23 16:55:23 2025] Launched impl_1...
Run output will be captured here: /home/cesare/ASDI/1/1.1/mux_16_1/mux_16_1.runs/impl_1/runme.log
WARNING: [filemgmt 56-199] Attempt to get parsing info during refresh. "On-the-fly" syntax checking information may be incorrect. [/home/cesare/ASDI/1/1.1/mux_16_1/mux_16_1.srcs/sources_1.1/new/mux_16_1_tb.vhd:]
WARNING: [filemgmt 56-199] Attempt to get parsing info during refresh. "On-the-fly" syntax checking information may be incorrect. [/home/cesare/ASDI/1/1.1/mux_16_1/mux_16_1.srcs/sources_1.1/new/mux_16_1.vhd:]
WARNING: [filemgmt 56-199] Attempt to get parsing info during refresh. "On-the-fly" syntax checking information may be incorrect. [/home/cesare/ASDI/1/1.1/mux_16_1/mux_16_1.srcs/sources_1.1/new/mux_4_1.vhd:]
WARNING: [filemgmt 56-199] Attempt to get parsing info during refresh. "On-the-fly" syntax checking information may be incorrect. [/home/cesare/ASDI/1/1.1/mux_16_1/mux_16_1.srcs/sources_1.1/new/mux_16_1_tb.vhd:]
WARNING: [filemgmt 56-199] Attempt to get parsing info during refresh. "On-the-fly" syntax checking information may be incorrect. [/home/cesare/ASDI/1/1.1/mux_16_1/mux_16_1.srcs/sources_1.1/new/mux_16_1_tb.vhd:]
WARNING: [filemgmt 56-199] Attempt to get parsing info during refresh. "On-the-fly" syntax checking information may be incorrect. [/home/cesare/ASDI/1/1.1/mux_16_1/mux_16_1.srcs/sources_1.1/new/mux_16_1_tb.vhd:]
WARNING: [filemgmt 56-199] Attempt to get parsing info during refresh. "On-the-fly" syntax checking information may be incorrect. [/home/cesare/ASDI/1/1.1/mux_16_1/mux_16_1.srcs/sources_1.1/new/mux_16_1.vhd:]
WARNING: [filemgmt 56-199] Attempt to get parsing info during refresh. "On-the-fly" syntax checking information may be incorrect. [/home/cesare/ASDI/1/1.1/mux_16_1/mux_16_1.srcs/sources_1.1/new/mux_4_1.vhd:]
WARNING: [filemgmt 56-199] Attempt to get parsing info during refresh. "On-the-fly" syntax checking information may be incorrect. [/home/cesare/ASDI/1/1.1/mux_16_1/mux_16_1.srcs/sources_1.1/new/mux_4_1.vhd:]
WARNING: [filemgmt 56-199] Attempt to get parsing info during refresh. "On-the-fly" syntax checking information may be incorrect. [/home/cesare/ASDI/1/1.1/mux_16_1/mux_16_1.srcs/sources_1.1/new/mux_4_1.vhd:]
