#-----------------------------------------------------------
# Vivado v2024.2 (64-bit)
# SW Build 5239630 on Fri Nov 08 22:34:34 MST 2024
# IP Build 5239520 on Sun Nov 10 16:12:51 MST 2024
# SharedData Build 5239561 on Fri Nov 08 14:39:27 MST 2024
# Start of session at: Tue Mar 18 12:01:09 2025
# Process ID         : 28294
# Current directory  : /home/cesare/ASDI/1/mux4_1
# Command line       : vivado mux4_1.xpr
# Log file           : /home/cesare/ASDI/1/mux4_1/vivado.log
# Journal file       : /home/cesare/ASDI/1/mux4_1/vivado.jou
# Running On         : cesare-desktop
# Platform           : Ubuntu
# Operating System   : Ubuntu 24.04.2 LTS
# Processor Detail   : AMD Ryzen 5 7600X 6-Core Processor
# CPU Frequency      : 4340.072 MHz
# CPU Physical cores : 6
# CPU Logical cores  : 12
# Host memory        : 32792 MB
# Swap memory        : 8589 MB
# Total Virtual      : 41382 MB
# Available Virtual  : 37716 MB
#-----------------------------------------------------------
start_gui
open_project mux4_1.xpr
INFO: [filemgmt 56-3] Default IP Output Path : Could not find the directory '/home/cesare/ASDI/1/mux4_1/mux4_1.gen/sources_1'.
Scanning sources...
Finished scanning sources
INFO: [IP_Flow 19-234] Refreshing IP repositories
INFO: [IP_Flow 19-1704] No user IP repositories specified
INFO: [IP_Flow 19-2313] Loaded Vivado IP repository '/tools/Xilinx/Vivado/2024.2/data/ip'.
update_compile_order -fileset sources_1
reset_run synth_1
INFO: [Project 1-1161] Replacing file /home/cesare/ASDI/1/mux4_1/mux4_1.srcs/utils_1/imports/synth_1/mux_16_1.dcp with file /home/cesare/ASDI/1/mux4_1/mux4_1.runs/synth_1/mux_16_1.dcp
launch_runs impl_1 -jobs 6
[Tue Mar 18 12:01:21 2025] Launched synth_1...
Run output will be captured here: /home/cesare/ASDI/1/mux4_1/mux4_1.runs/synth_1/runme.log
[Tue Mar 18 12:01:21 2025] Launched impl_1...
Run output will be captured here: /home/cesare/ASDI/1/mux4_1/mux4_1.runs/impl_1/runme.log
open_run impl_1
INFO: [Device 21-403] Loading part xc7a12ticsg325-1L
Netlist sorting complete. Time (s): cpu = 00:00:00 ; elapsed = 00:00:00 . Memory (MB): peak = 7765.836 ; gain = 0.000 ; free physical = 21493 ; free virtual = 33632
INFO: [Netlist 29-17] Analyzing 3 Unisim elements for replacement
INFO: [Netlist 29-28] Unisim Transformation completed in 0 CPU seconds
INFO: [Project 1-479] Netlist was created with Vivado 2024.2
INFO: [Project 1-570] Preparing netlist for logic optimization
Read ShapeDB Complete: Time (s): cpu = 00:00:00 ; elapsed = 00:00:00 . Memory (MB): peak = 7827.680 ; gain = 0.000 ; free physical = 21425 ; free virtual = 33564
INFO: [Designutils 20-5722] Start Reading Physical Databases.
Reading placement.
Read Netlist Cache: Time (s): cpu = 00:00:00 ; elapsed = 00:00:00 . Memory (MB): peak = 7828.680 ; gain = 0.000 ; free physical = 21425 ; free virtual = 33564
Reading placer database...
Read Device Cache: Time (s): cpu = 00:00:00 ; elapsed = 00:00:00.01 . Memory (MB): peak = 7829.680 ; gain = 1.000 ; free physical = 21425 ; free virtual = 33564
Read PlaceDB: Time (s): cpu = 00:00:00 ; elapsed = 00:00:00 . Memory (MB): peak = 7829.680 ; gain = 0.000 ; free physical = 21425 ; free virtual = 33564
Read PulsedLatchDB: Time (s): cpu = 00:00:00 ; elapsed = 00:00:00 . Memory (MB): peak = 7829.680 ; gain = 0.000 ; free physical = 21425 ; free virtual = 33564
Reading routing.
Read RouteStorage: Time (s): cpu = 00:00:00 ; elapsed = 00:00:00 . Memory (MB): peak = 7889.090 ; gain = 59.410 ; free physical = 21417 ; free virtual = 33556
Read Physdb Files: Time (s): cpu = 00:00:00 ; elapsed = 00:00:00.01 . Memory (MB): peak = 7889.090 ; gain = 60.410 ; free physical = 21417 ; free virtual = 33556
Restored from archive | CPU: 0.010000 secs | Memory: 0.062820 MB |
Finished XDEF File Restore: Time (s): cpu = 00:00:00 ; elapsed = 00:00:00.01 . Memory (MB): peak = 7889.090 ; gain = 60.410 ; free physical = 21417 ; free virtual = 33556
Netlist sorting complete. Time (s): cpu = 00:00:00 ; elapsed = 00:00:00 . Memory (MB): peak = 8259.012 ; gain = 0.000 ; free physical = 21022 ; free virtual = 33161
INFO: [Project 1-111] Unisim Transformation Summary:
No Unisim elements were transformed.

WARNING: [Timing 38-313] There are no user specified timing constraints. Timing constraints are needed for proper timing analysis.
close_design
synth_design -rtl -rtl_skip_mlo -name rtl_1
Command: synth_design -rtl -rtl_skip_mlo -name rtl_1
Starting synth_design
Using part: xc7a12ticsg325-1L
Top: mux_16_1
INFO: [Synth 8-7079] Multithreading enabled for synth_design using a maximum of 7 processes.
INFO: [Synth 8-7078] Launching helper process for spawning children vivado processes
INFO: [Synth 8-7075] Helper process launched with PID 29947
---------------------------------------------------------------------------------
Starting RTL Elaboration : Time (s): cpu = 00:00:02 ; elapsed = 00:00:02 . Memory (MB): peak = 8632.000 ; gain = 0.000 ; free physical = 21883 ; free virtual = 34015
---------------------------------------------------------------------------------
INFO: [Synth 8-638] synthesizing module 'mux_16_1' [/home/cesare/ASDI/1/mux4_1/mux4_1.srcs/sources_1/new/mux_16_1.vhd:62]
INFO: [Synth 8-3491] module 'mux_4_1' declared at '/home/cesare/ASDI/1/mux4_1/mux4_1.srcs/sources_1/new/mux4_1.vhd:34' bound to instance 'mux0' of component 'mux_4_1' [/home/cesare/ASDI/1/mux4_1/mux4_1.srcs/sources_1/new/mux_16_1.vhd:84]
INFO: [Synth 8-638] synthesizing module 'mux_4_1' [/home/cesare/ASDI/1/mux4_1/mux4_1.srcs/sources_1/new/mux4_1.vhd:46]
INFO: [Synth 8-256] done synthesizing module 'mux_4_1' (0#1) [/home/cesare/ASDI/1/mux4_1/mux4_1.srcs/sources_1/new/mux4_1.vhd:46]
INFO: [Synth 8-3491] module 'mux_4_1' declared at '/home/cesare/ASDI/1/mux4_1/mux4_1.srcs/sources_1/new/mux4_1.vhd:34' bound to instance 'mux1' of component 'mux_4_1' [/home/cesare/ASDI/1/mux4_1/mux4_1.srcs/sources_1/new/mux_16_1.vhd:94]
INFO: [Synth 8-3491] module 'mux_4_1' declared at '/home/cesare/ASDI/1/mux4_1/mux4_1.srcs/sources_1/new/mux4_1.vhd:34' bound to instance 'mux2' of component 'mux_4_1' [/home/cesare/ASDI/1/mux4_1/mux4_1.srcs/sources_1/new/mux_16_1.vhd:104]
INFO: [Synth 8-3491] module 'mux_4_1' declared at '/home/cesare/ASDI/1/mux4_1/mux4_1.srcs/sources_1/new/mux4_1.vhd:34' bound to instance 'mux3' of component 'mux_4_1' [/home/cesare/ASDI/1/mux4_1/mux4_1.srcs/sources_1/new/mux_16_1.vhd:114]
INFO: [Synth 8-3491] module 'mux_4_1' declared at '/home/cesare/ASDI/1/mux4_1/mux4_1.srcs/sources_1/new/mux4_1.vhd:34' bound to instance 'mux4' of component 'mux_4_1' [/home/cesare/ASDI/1/mux4_1/mux4_1.srcs/sources_1/new/mux_16_1.vhd:124]
INFO: [Synth 8-256] done synthesizing module 'mux_16_1' (0#1) [/home/cesare/ASDI/1/mux4_1/mux4_1.srcs/sources_1/new/mux_16_1.vhd:62]
---------------------------------------------------------------------------------
Finished RTL Elaboration : Time (s): cpu = 00:00:03 ; elapsed = 00:00:03 . Memory (MB): peak = 8632.000 ; gain = 0.000 ; free physical = 21894 ; free virtual = 34027
---------------------------------------------------------------------------------
---------------------------------------------------------------------------------
Start Handling Custom Attributes
---------------------------------------------------------------------------------
---------------------------------------------------------------------------------
Finished Handling Custom Attributes : Time (s): cpu = 00:00:03 ; elapsed = 00:00:03 . Memory (MB): peak = 8632.000 ; gain = 0.000 ; free physical = 21894 ; free virtual = 34027
---------------------------------------------------------------------------------
---------------------------------------------------------------------------------
Finished RTL Optimization Phase 1 : Time (s): cpu = 00:00:03 ; elapsed = 00:00:03 . Memory (MB): peak = 8632.000 ; gain = 0.000 ; free physical = 21894 ; free virtual = 34027
---------------------------------------------------------------------------------
Netlist sorting complete. Time (s): cpu = 00:00:00 ; elapsed = 00:00:00 . Memory (MB): peak = 8632.000 ; gain = 0.000 ; free physical = 21894 ; free virtual = 34027
INFO: [Project 1-570] Preparing netlist for logic optimization

Processing XDC Constraints
Initializing timing engine
Completed Processing XDC Constraints

Netlist sorting complete. Time (s): cpu = 00:00:00 ; elapsed = 00:00:00 . Memory (MB): peak = 8632.000 ; gain = 0.000 ; free physical = 22017 ; free virtual = 34150
INFO: [Project 1-111] Unisim Transformation Summary:
No Unisim elements were transformed.

RTL Elaboration Complete:  : Time (s): cpu = 00:00:06 ; elapsed = 00:00:04 . Memory (MB): peak = 8635.941 ; gain = 3.941 ; free physical = 22006 ; free virtual = 34143
14 Infos, 0 Warnings, 0 Critical Warnings and 0 Errors encountered.
synth_design completed successfully
close_design
open_run synth_1 -name synth_1
Design is defaulting to impl run constrset: constrs_1
Design is defaulting to synth run part: xc7a12ticsg325-1L
Netlist sorting complete. Time (s): cpu = 00:00:00 ; elapsed = 00:00:00 . Memory (MB): peak = 8635.941 ; gain = 0.000 ; free physical = 22243 ; free virtual = 34372
INFO: [Netlist 29-17] Analyzing 3 Unisim elements for replacement
INFO: [Netlist 29-28] Unisim Transformation completed in 0 CPU seconds
INFO: [Project 1-479] Netlist was created with Vivado 2024.2
INFO: [Project 1-570] Preparing netlist for logic optimization
INFO: [Opt 31-138] Pushed 0 inverter(s) to 0 load pin(s).
Netlist sorting complete. Time (s): cpu = 00:00:00 ; elapsed = 00:00:00 . Memory (MB): peak = 8635.941 ; gain = 0.000 ; free physical = 22251 ; free virtual = 34380
INFO: [Project 1-111] Unisim Transformation Summary:
No Unisim elements were transformed.

close [ open /home/cesare/ASDI/1/mux4_1/mux4_1.srcs/sources_1/new/mux_16_4_tb.vhd w ]
add_files /home/cesare/ASDI/1/mux4_1/mux4_1.srcs/sources_1/new/mux_16_4_tb.vhd
update_compile_order -fileset sources_1
close [ open /home/cesare/ASDI/1/mux4_1/mux4_1.srcs/sources_1/new/mux_16_1_tb.vhd w ]
add_files /home/cesare/ASDI/1/mux4_1/mux4_1.srcs/sources_1/new/mux_16_1_tb.vhd
update_compile_order -fileset sources_1
WARNING: [filemgmt 56-199] Attempt to get parsing info during refresh. "On-the-fly" syntax checking information may be incorrect. [/home/cesare/ASDI/1/mux4_1/mux4_1.srcs/sources_1/new/mux_16_1.vhd:]
WARNING: [filemgmt 56-199] Attempt to get parsing info during refresh. "On-the-fly" syntax checking information may be incorrect. [/home/cesare/ASDI/1/mux4_1/mux4_1.srcs/sources_1/new/mux_16_1_tb.vhd:]
WARNING: [filemgmt 56-199] Attempt to get parsing info during refresh. "On-the-fly" syntax checking information may be incorrect. [/home/cesare/ASDI/1/mux4_1/mux4_1.srcs/sources_1/new/mux_16_1.vhd:]
WARNING: [filemgmt 56-199] Attempt to get parsing info during refresh. "On-the-fly" syntax checking information may be incorrect. [/home/cesare/ASDI/1/mux4_1/mux4_1.srcs/sources_1/new/mux_16_1.vhd:]
WARNING: [filemgmt 56-199] Attempt to get parsing info during refresh. "On-the-fly" syntax checking information may be incorrect. [/home/cesare/ASDI/1/mux4_1/mux4_1.srcs/sources_1/new/mux_16_1.vhd:]
WARNING: [filemgmt 56-199] Attempt to get parsing info during refresh. "On-the-fly" syntax checking information may be incorrect. [/home/cesare/ASDI/1/mux4_1/mux4_1.srcs/sources_1/new/mux_16_1_tb.vhd:]
WARNING: [filemgmt 56-199] Attempt to get parsing info during refresh. "On-the-fly" syntax checking information may be incorrect. [/home/cesare/ASDI/1/mux4_1/mux4_1.srcs/sources_1/new/mux_16_1.vhd:]
WARNING: [filemgmt 56-199] Attempt to get parsing info during refresh. "On-the-fly" syntax checking information may be incorrect. [/home/cesare/ASDI/1/mux4_1/mux4_1.srcs/sources_1/new/mux_16_1.vhd:]
WARNING: [filemgmt 56-199] Attempt to get parsing info during refresh. "On-the-fly" syntax checking information may be incorrect. [/home/cesare/ASDI/1/mux4_1/mux4_1.srcs/sources_1/new/mux_16_1.vhd:]
WARNING: [filemgmt 56-199] Attempt to get parsing info during refresh. "On-the-fly" syntax checking information may be incorrect. [/home/cesare/ASDI/1/mux4_1/mux4_1.srcs/sources_1/new/mux_16_1_tb.vhd:]
WARNING: [filemgmt 56-199] Attempt to get parsing info during refresh. "On-the-fly" syntax checking information may be incorrect. [/home/cesare/ASDI/1/mux4_1/mux4_1.srcs/sources_1/new/mux_16_1_tb.vhd:]
WARNING: [filemgmt 56-199] Attempt to get parsing info during refresh. "On-the-fly" syntax checking information may be incorrect. [/home/cesare/ASDI/1/mux4_1/mux4_1.srcs/sources_1/new/mux_16_1_tb.vhd:]
WARNING: [filemgmt 56-199] Attempt to get parsing info during refresh. "On-the-fly" syntax checking information may be incorrect. [/home/cesare/ASDI/1/mux4_1/mux4_1.srcs/sources_1/new/mux_16_1.vhd:]
WARNING: [filemgmt 56-199] Attempt to get parsing info during refresh. "On-the-fly" syntax checking information may be incorrect. [/home/cesare/ASDI/1/mux4_1/mux4_1.srcs/sources_1/new/mux_16_1_tb.vhd:]
WARNING: [filemgmt 56-199] Attempt to get parsing info during refresh. "On-the-fly" syntax checking information may be incorrect. [/home/cesare/ASDI/1/mux4_1/mux4_1.srcs/sources_1/new/mux_16_1.vhd:]
WARNING: [filemgmt 56-199] Attempt to get parsing info during refresh. "On-the-fly" syntax checking information may be incorrect. [/home/cesare/ASDI/1/mux4_1/mux4_1.srcs/sources_1/new/mux_16_1.vhd:]
WARNING: [filemgmt 56-199] Attempt to get parsing info during refresh. "On-the-fly" syntax checking information may be incorrect. [/home/cesare/ASDI/1/mux4_1/mux4_1.srcs/sources_1/new/mux_16_1.vhd:]
WARNING: [filemgmt 56-199] Attempt to get parsing info during refresh. "On-the-fly" syntax checking information may be incorrect. [/home/cesare/ASDI/1/mux4_1/mux4_1.srcs/sources_1/new/mux_16_1_tb.vhd:]
WARNING: [filemgmt 56-199] Attempt to get parsing info during refresh. "On-the-fly" syntax checking information may be incorrect. [/home/cesare/ASDI/1/mux4_1/mux4_1.srcs/sources_1/new/mux_16_1.vhd:]
WARNING: [filemgmt 56-199] Attempt to get parsing info during refresh. "On-the-fly" syntax checking information may be incorrect. [/home/cesare/ASDI/1/mux4_1/mux4_1.srcs/sources_1/new/mux_16_1.vhd:]
WARNING: [filemgmt 56-199] Attempt to get parsing info during refresh. "On-the-fly" syntax checking information may be incorrect. [/home/cesare/ASDI/1/mux4_1/mux4_1.srcs/sources_1/new/mux_16_1.vhd:]
WARNING: [filemgmt 56-199] Attempt to get parsing info during refresh. "On-the-fly" syntax checking information may be incorrect. [/home/cesare/ASDI/1/mux4_1/mux4_1.srcs/sources_1/new/mux_16_1_tb.vhd:]
WARNING: [filemgmt 56-199] Attempt to get parsing info during refresh. "On-the-fly" syntax checking information may be incorrect. [/home/cesare/ASDI/1/mux4_1/mux4_1.srcs/sources_1/new/mux_16_1_tb.vhd:]
WARNING: [filemgmt 56-199] Attempt to get parsing info during refresh. "On-the-fly" syntax checking information may be incorrect. [/home/cesare/ASDI/1/mux4_1/mux4_1.srcs/sources_1/new/mux_16_1_tb.vhd:]
WARNING: [filemgmt 56-199] Attempt to get parsing info during refresh. "On-the-fly" syntax checking information may be incorrect. [/home/cesare/ASDI/1/mux4_1/mux4_1.srcs/sources_1/new/mux_16_1.vhd:]
WARNING: [filemgmt 56-199] Attempt to get parsing info during refresh. "On-the-fly" syntax checking information may be incorrect. [/home/cesare/ASDI/1/mux4_1/mux4_1.srcs/sources_1/new/mux_16_1_tb.vhd:]
WARNING: [filemgmt 56-199] Attempt to get parsing info during refresh. "On-the-fly" syntax checking information may be incorrect. [/home/cesare/ASDI/1/mux4_1/mux4_1.srcs/sources_1/new/mux_16_1.vhd:]
WARNING: [filemgmt 56-199] Attempt to get parsing info during refresh. "On-the-fly" syntax checking information may be incorrect. [/home/cesare/ASDI/1/mux4_1/mux4_1.srcs/sources_1/new/mux_16_1.vhd:]
WARNING: [filemgmt 56-199] Attempt to get parsing info during refresh. "On-the-fly" syntax checking information may be incorrect. [/home/cesare/ASDI/1/mux4_1/mux4_1.srcs/sources_1/new/mux_16_1.vhd:]
WARNING: [filemgmt 56-199] Attempt to get parsing info during refresh. "On-the-fly" syntax checking information may be incorrect. [/home/cesare/ASDI/1/mux4_1/mux4_1.srcs/sources_1/new/mux_16_1_tb.vhd:]
WARNING: [filemgmt 56-199] Attempt to get parsing info during refresh. "On-the-fly" syntax checking information may be incorrect. [/home/cesare/ASDI/1/mux4_1/mux4_1.srcs/sources_1/new/mux_16_1.vhd:]
WARNING: [filemgmt 56-199] Attempt to get parsing info during refresh. "On-the-fly" syntax checking information may be incorrect. [/home/cesare/ASDI/1/mux4_1/mux4_1.srcs/sources_1/new/mux_16_1.vhd:]
WARNING: [filemgmt 56-199] Attempt to get parsing info during refresh. "On-the-fly" syntax checking information may be incorrect. [/home/cesare/ASDI/1/mux4_1/mux4_1.srcs/sources_1/new/mux_16_1.vhd:]
WARNING: [filemgmt 56-199] Attempt to get parsing info during refresh. "On-the-fly" syntax checking information may be incorrect. [/home/cesare/ASDI/1/mux4_1/mux4_1.srcs/sources_1/new/mux_16_1_tb.vhd:]
WARNING: [filemgmt 56-199] Attempt to get parsing info during refresh. "On-the-fly" syntax checking information may be incorrect. [/home/cesare/ASDI/1/mux4_1/mux4_1.srcs/sources_1/new/mux_16_1.vhd:]
WARNING: [filemgmt 56-199] Attempt to get parsing info during refresh. "On-the-fly" syntax checking information may be incorrect. [/home/cesare/ASDI/1/mux4_1/mux4_1.srcs/sources_1/new/mux_16_1.vhd:]
WARNING: [filemgmt 56-199] Attempt to get parsing info during refresh. "On-the-fly" syntax checking information may be incorrect. [/home/cesare/ASDI/1/mux4_1/mux4_1.srcs/sources_1/new/mux_16_1.vhd:]
WARNING: [filemgmt 56-199] Attempt to get parsing info during refresh. "On-the-fly" syntax checking information may be incorrect. [/home/cesare/ASDI/1/mux4_1/mux4_1.srcs/sources_1/new/mux_16_1_tb.vhd:]
WARNING: [filemgmt 56-199] Attempt to get parsing info during refresh. "On-the-fly" syntax checking information may be incorrect. [/home/cesare/ASDI/1/mux4_1/mux4_1.srcs/sources_1/new/mux_16_1.vhd:]
WARNING: [filemgmt 56-199] Attempt to get parsing info during refresh. "On-the-fly" syntax checking information may be incorrect. [/home/cesare/ASDI/1/mux4_1/mux4_1.srcs/sources_1/new/mux_16_1.vhd:]
update_compile_order -fileset sources_1
WARNING: [filemgmt 56-199] Attempt to get parsing info during refresh. "On-the-fly" syntax checking information may be incorrect. [/home/cesare/ASDI/1/mux4_1/mux4_1.srcs/sources_1/new/mux_16_1.vhd:]
WARNING: [filemgmt 56-199] Attempt to get parsing info during refresh. "On-the-fly" syntax checking information may be incorrect. [/home/cesare/ASDI/1/mux4_1/mux4_1.srcs/sources_1/new/mux_16_1_tb.vhd:]
WARNING: [filemgmt 56-199] Attempt to get parsing info during refresh. "On-the-fly" syntax checking information may be incorrect. [/home/cesare/ASDI/1/mux4_1/mux4_1.srcs/sources_1/new/mux_16_1.vhd:]
WARNING: [filemgmt 56-199] Attempt to get parsing info during refresh. "On-the-fly" syntax checking information may be incorrect. [/home/cesare/ASDI/1/mux4_1/mux4_1.srcs/sources_1/new/mux_16_1.vhd:]
WARNING: [filemgmt 56-199] Attempt to get parsing info during refresh. "On-the-fly" syntax checking information may be incorrect. [/home/cesare/ASDI/1/mux4_1/mux4_1.srcs/sources_1/new/mux_16_1.vhd:]
WARNING: [filemgmt 56-199] Attempt to get parsing info during refresh. "On-the-fly" syntax checking information may be incorrect. [/home/cesare/ASDI/1/mux4_1/mux4_1.srcs/sources_1/new/mux_16_1_tb.vhd:]
WARNING: [filemgmt 56-199] Attempt to get parsing info during refresh. "On-the-fly" syntax checking information may be incorrect. [/home/cesare/ASDI/1/mux4_1/mux4_1.srcs/sources_1/new/mux_16_1_tb.vhd:]
WARNING: [filemgmt 56-199] Attempt to get parsing info during refresh. "On-the-fly" syntax checking information may be incorrect. [/home/cesare/ASDI/1/mux4_1/mux4_1.srcs/sources_1/new/mux_16_1_tb.vhd:]
WARNING: [filemgmt 56-199] Attempt to get parsing info during refresh. "On-the-fly" syntax checking information may be incorrect. [/home/cesare/ASDI/1/mux4_1/mux4_1.srcs/sources_1/new/mux_16_1.vhd:]
WARNING: [filemgmt 56-199] Attempt to get parsing info during refresh. "On-the-fly" syntax checking information may be incorrect. [/home/cesare/ASDI/1/mux4_1/mux4_1.srcs/sources_1/new/mux_16_1_tb.vhd:]
WARNING: [filemgmt 56-199] Attempt to get parsing info during refresh. "On-the-fly" syntax checking information may be incorrect. [/home/cesare/ASDI/1/mux4_1/mux4_1.srcs/sources_1/new/mux_16_1_tb.vhd:]
WARNING: [filemgmt 56-199] Attempt to get parsing info during refresh. "On-the-fly" syntax checking information may be incorrect. [/home/cesare/ASDI/1/mux4_1/mux4_1.srcs/sources_1/new/mux_16_1_tb.vhd:]
WARNING: [filemgmt 56-199] Attempt to get parsing info during refresh. "On-the-fly" syntax checking information may be incorrect. [/home/cesare/ASDI/1/mux4_1/mux4_1.srcs/sources_1/new/mux_16_1.vhd:]
WARNING: [filemgmt 56-199] Attempt to get parsing info during refresh. "On-the-fly" syntax checking information may be incorrect. [/home/cesare/ASDI/1/mux4_1/mux4_1.srcs/sources_1/new/mux_16_1_tb.vhd:]
WARNING: [filemgmt 56-199] Attempt to get parsing info during refresh. "On-the-fly" syntax checking information may be incorrect. [/home/cesare/ASDI/1/mux4_1/mux4_1.srcs/sources_1/new/mux_16_1.vhd:]
WARNING: [filemgmt 56-199] Attempt to get parsing info during refresh. "On-the-fly" syntax checking information may be incorrect. [/home/cesare/ASDI/1/mux4_1/mux4_1.srcs/sources_1/new/mux_16_1.vhd:]
update_compile_order -fileset sources_1
WARNING: [filemgmt 56-199] Attempt to get parsing info during refresh. "On-the-fly" syntax checking information may be incorrect. [/home/cesare/ASDI/1/mux4_1/mux4_1.srcs/sources_1/new/mux_16_1.vhd:]
WARNING: [filemgmt 56-199] Attempt to get parsing info during refresh. "On-the-fly" syntax checking information may be incorrect. [/home/cesare/ASDI/1/mux4_1/mux4_1.srcs/sources_1/new/mux_16_1_tb.vhd:]
WARNING: [filemgmt 56-199] Attempt to get parsing info during refresh. "On-the-fly" syntax checking information may be incorrect. [/home/cesare/ASDI/1/mux4_1/mux4_1.srcs/sources_1/new/mux_16_1.vhd:]
WARNING: [filemgmt 56-199] Attempt to get parsing info during refresh. "On-the-fly" syntax checking information may be incorrect. [/home/cesare/ASDI/1/mux4_1/mux4_1.srcs/sources_1/new/mux_16_1.vhd:]
WARNING: [filemgmt 56-199] Attempt to get parsing info during refresh. "On-the-fly" syntax checking information may be incorrect. [/home/cesare/ASDI/1/mux4_1/mux4_1.srcs/sources_1/new/mux_16_1.vhd:]
WARNING: [filemgmt 56-199] Attempt to get parsing info during refresh. "On-the-fly" syntax checking information may be incorrect. [/home/cesare/ASDI/1/mux4_1/mux4_1.srcs/sources_1/new/mux_16_1_tb.vhd:]
WARNING: [filemgmt 56-199] Attempt to get parsing info during refresh. "On-the-fly" syntax checking information may be incorrect. [/home/cesare/ASDI/1/mux4_1/mux4_1.srcs/sources_1/new/mux_16_1.vhd:]
WARNING: [filemgmt 56-199] Attempt to get parsing info during refresh. "On-the-fly" syntax checking information may be incorrect. [/home/cesare/ASDI/1/mux4_1/mux4_1.srcs/sources_1/new/mux_16_1.vhd:]
update_compile_order -fileset sources_1
WARNING: [filemgmt 56-199] Attempt to get parsing info during refresh. "On-the-fly" syntax checking information may be incorrect. [/home/cesare/ASDI/1/mux4_1/mux4_1.srcs/sources_1/new/mux_16_1.vhd:]
WARNING: [filemgmt 56-199] Attempt to get parsing info during refresh. "On-the-fly" syntax checking information may be incorrect. [/home/cesare/ASDI/1/mux4_1/mux4_1.srcs/sources_1/new/mux_16_1_tb.vhd:]
WARNING: [filemgmt 56-199] Attempt to get parsing info during refresh. "On-the-fly" syntax checking information may be incorrect. [/home/cesare/ASDI/1/mux4_1/mux4_1.srcs/sources_1/new/mux_16_1_tb.vhd:]
WARNING: [filemgmt 56-199] Attempt to get parsing info during refresh. "On-the-fly" syntax checking information may be incorrect. [/home/cesare/ASDI/1/mux4_1/mux4_1.srcs/sources_1/new/mux_16_1_tb.vhd:]
WARNING: [filemgmt 56-199] Attempt to get parsing info during refresh. "On-the-fly" syntax checking information may be incorrect. [/home/cesare/ASDI/1/mux4_1/mux4_1.srcs/sources_1/new/mux_16_1.vhd:]
WARNING: [filemgmt 56-199] Attempt to get parsing info during refresh. "On-the-fly" syntax checking information may be incorrect. [/home/cesare/ASDI/1/mux4_1/mux4_1.srcs/sources_1/new/mux_16_1_tb.vhd:]
WARNING: [filemgmt 56-199] Attempt to get parsing info during refresh. "On-the-fly" syntax checking information may be incorrect. [/home/cesare/ASDI/1/mux4_1/mux4_1.srcs/sources_1/new/mux_16_1.vhd:]
WARNING: [filemgmt 56-199] Attempt to get parsing info during refresh. "On-the-fly" syntax checking information may be incorrect. [/home/cesare/ASDI/1/mux4_1/mux4_1.srcs/sources_1/new/mux_16_1.vhd:]
WARNING: [filemgmt 56-199] Attempt to get parsing info during refresh. "On-the-fly" syntax checking information may be incorrect. [/home/cesare/ASDI/1/mux4_1/mux4_1.srcs/sources_1/new/mux_16_1.vhd:]
WARNING: [filemgmt 56-199] Attempt to get parsing info during refresh. "On-the-fly" syntax checking information may be incorrect. [/home/cesare/ASDI/1/mux4_1/mux4_1.srcs/sources_1/new/mux_16_1_tb.vhd:]
WARNING: [filemgmt 56-199] Attempt to get parsing info during refresh. "On-the-fly" syntax checking information may be incorrect. [/home/cesare/ASDI/1/mux4_1/mux4_1.srcs/sources_1/new/mux_16_1.vhd:]
WARNING: [filemgmt 56-199] Attempt to get parsing info during refresh. "On-the-fly" syntax checking information may be incorrect. [/home/cesare/ASDI/1/mux4_1/mux4_1.srcs/sources_1/new/mux_16_1.vhd:]
WARNING: [filemgmt 56-199] Attempt to get parsing info during refresh. "On-the-fly" syntax checking information may be incorrect. [/home/cesare/ASDI/1/mux4_1/mux4_1.srcs/sources_1/new/mux_16_1.vhd:]
WARNING: [filemgmt 56-199] Attempt to get parsing info during refresh. "On-the-fly" syntax checking information may be incorrect. [/home/cesare/ASDI/1/mux4_1/mux4_1.srcs/sources_1/new/mux_16_1_tb.vhd:]
WARNING: [filemgmt 56-199] Attempt to get parsing info during refresh. "On-the-fly" syntax checking information may be incorrect. [/home/cesare/ASDI/1/mux4_1/mux4_1.srcs/sources_1/new/mux_16_1_tb.vhd:]
WARNING: [filemgmt 56-199] Attempt to get parsing info during refresh. "On-the-fly" syntax checking information may be incorrect. [/home/cesare/ASDI/1/mux4_1/mux4_1.srcs/sources_1/new/mux_16_1_tb.vhd:]
update_compile_order -fileset sources_1
WARNING: [filemgmt 56-199] Attempt to get parsing info during refresh. "On-the-fly" syntax checking information may be incorrect. [/home/cesare/ASDI/1/mux4_1/mux4_1.srcs/sources_1/new/mux_16_1.vhd:]
WARNING: [filemgmt 56-199] Attempt to get parsing info during refresh. "On-the-fly" syntax checking information may be incorrect. [/home/cesare/ASDI/1/mux4_1/mux4_1.srcs/sources_1/new/mux_16_1_tb.vhd:]
WARNING: [filemgmt 56-199] Attempt to get parsing info during refresh. "On-the-fly" syntax checking information may be incorrect. [/home/cesare/ASDI/1/mux4_1/mux4_1.srcs/sources_1/new/mux_16_1_tb.vhd:]
WARNING: [filemgmt 56-199] Attempt to get parsing info during refresh. "On-the-fly" syntax checking information may be incorrect. [/home/cesare/ASDI/1/mux4_1/mux4_1.srcs/sources_1/new/mux_16_1_tb.vhd:]
WARNING: [filemgmt 56-199] Attempt to get parsing info during refresh. "On-the-fly" syntax checking information may be incorrect. [/home/cesare/ASDI/1/mux4_1/mux4_1.srcs/sources_1/new/mux_16_1.vhd:]
WARNING: [filemgmt 56-199] Attempt to get parsing info during refresh. "On-the-fly" syntax checking information may be incorrect. [/home/cesare/ASDI/1/mux4_1/mux4_1.srcs/sources_1/new/mux_16_1_tb.vhd:]
WARNING: [filemgmt 56-199] Attempt to get parsing info during refresh. "On-the-fly" syntax checking information may be incorrect. [/home/cesare/ASDI/1/mux4_1/mux4_1.srcs/sources_1/new/mux_16_1_tb.vhd:]
WARNING: [filemgmt 56-199] Attempt to get parsing info during refresh. "On-the-fly" syntax checking information may be incorrect. [/home/cesare/ASDI/1/mux4_1/mux4_1.srcs/sources_1/new/mux_16_1_tb.vhd:]
WARNING: [filemgmt 56-199] Attempt to get parsing info during refresh. "On-the-fly" syntax checking information may be incorrect. [/home/cesare/ASDI/1/mux4_1/mux4_1.srcs/sources_1/new/mux_16_1.vhd:]
WARNING: [filemgmt 56-199] Attempt to get parsing info during refresh. "On-the-fly" syntax checking information may be incorrect. [/home/cesare/ASDI/1/mux4_1/mux4_1.srcs/sources_1/new/mux_16_1_tb.vhd:]
WARNING: [filemgmt 56-199] Attempt to get parsing info during refresh. "On-the-fly" syntax checking information may be incorrect. [/home/cesare/ASDI/1/mux4_1/mux4_1.srcs/sources_1/new/mux_16_1_tb.vhd:]
WARNING: [filemgmt 56-199] Attempt to get parsing info during refresh. "On-the-fly" syntax checking information may be incorrect. [/home/cesare/ASDI/1/mux4_1/mux4_1.srcs/sources_1/new/mux_16_1_tb.vhd:]
WARNING: [filemgmt 56-199] Attempt to get parsing info during refresh. "On-the-fly" syntax checking information may be incorrect. [/home/cesare/ASDI/1/mux4_1/mux4_1.srcs/sources_1/new/mux_16_1.vhd:]
WARNING: [filemgmt 56-199] Attempt to get parsing info during refresh. "On-the-fly" syntax checking information may be incorrect. [/home/cesare/ASDI/1/mux4_1/mux4_1.srcs/sources_1/new/mux_16_1_tb.vhd:]
WARNING: [filemgmt 56-199] Attempt to get parsing info during refresh. "On-the-fly" syntax checking information may be incorrect. [/home/cesare/ASDI/1/mux4_1/mux4_1.srcs/sources_1/new/mux_16_1_tb.vhd:]
WARNING: [filemgmt 56-199] Attempt to get parsing info during refresh. "On-the-fly" syntax checking information may be incorrect. [/home/cesare/ASDI/1/mux4_1/mux4_1.srcs/sources_1/new/mux_16_1_tb.vhd:]
WARNING: [filemgmt 56-199] Attempt to get parsing info during refresh. "On-the-fly" syntax checking information may be incorrect. [/home/cesare/ASDI/1/mux4_1/mux4_1.srcs/sources_1/new/mux_16_1.vhd:]
WARNING: [filemgmt 56-199] Attempt to get parsing info during refresh. "On-the-fly" syntax checking information may be incorrect. [/home/cesare/ASDI/1/mux4_1/mux4_1.srcs/sources_1/new/mux_16_1_tb.vhd:]
WARNING: [filemgmt 56-199] Attempt to get parsing info during refresh. "On-the-fly" syntax checking information may be incorrect. [/home/cesare/ASDI/1/mux4_1/mux4_1.srcs/sources_1/new/mux_16_1_tb.vhd:]
WARNING: [filemgmt 56-199] Attempt to get parsing info during refresh. "On-the-fly" syntax checking information may be incorrect. [/home/cesare/ASDI/1/mux4_1/mux4_1.srcs/sources_1/new/mux_16_1_tb.vhd:]
reset_run synth_1
INFO: [Project 1-1161] Replacing file /home/cesare/ASDI/1/mux4_1/mux4_1.srcs/utils_1/imports/synth_1/mux_16_1.dcp with file /home/cesare/ASDI/1/mux4_1/mux4_1.runs/synth_1/mux_16_1.dcp
WARNING: [filemgmt 56-199] Attempt to get parsing info during refresh. "On-the-fly" syntax checking information may be incorrect. [/home/cesare/ASDI/1/mux4_1/mux4_1.srcs/sources_1/new/mux_16_1.vhd:]
WARNING: [filemgmt 56-199] Attempt to get parsing info during refresh. "On-the-fly" syntax checking information may be incorrect. [/home/cesare/ASDI/1/mux4_1/mux4_1.srcs/sources_1/new/mux_16_1_tb.vhd:]
WARNING: [filemgmt 56-199] Attempt to get parsing info during refresh. "On-the-fly" syntax checking information may be incorrect. [/home/cesare/ASDI/1/mux4_1/mux4_1.srcs/sources_1/new/mux_16_1_tb.vhd:]
WARNING: [filemgmt 56-199] Attempt to get parsing info during refresh. "On-the-fly" syntax checking information may be incorrect. [/home/cesare/ASDI/1/mux4_1/mux4_1.srcs/sources_1/new/mux_16_1_tb.vhd:]
launch_runs impl_1 -jobs 6
WARNING: [Project 1-478] Design 'synth_1' is stale and will not be used when launching 'impl_1'
[Tue Mar 18 12:31:49 2025] Launched synth_1...
Run output will be captured here: /home/cesare/ASDI/1/mux4_1/mux4_1.runs/synth_1/runme.log
[Tue Mar 18 12:31:49 2025] Launched impl_1...
Run output will be captured here: /home/cesare/ASDI/1/mux4_1/mux4_1.runs/impl_1/runme.log
remove_files  /home/cesare/ASDI/1/mux4_1/mux4_1.srcs/sources_1/new/mux_16_4_tb.vhd
WARNING: [filemgmt 56-199] Attempt to get parsing info during refresh. "On-the-fly" syntax checking information may be incorrect. [/home/cesare/ASDI/1/mux4_1/mux4_1.srcs/sources_1/new/mux_16_1.vhd:]
WARNING: [filemgmt 56-199] Attempt to get parsing info during refresh. "On-the-fly" syntax checking information may be incorrect. [/home/cesare/ASDI/1/mux4_1/mux4_1.srcs/sources_1/new/mux_16_4_tb.vhd:]
WARNING: [filemgmt 56-199] Attempt to get parsing info during refresh. "On-the-fly" syntax checking information may be incorrect. [/home/cesare/ASDI/1/mux4_1/mux4_1.srcs/sources_1/new/mux_16_1_tb.vhd:]
WARNING: [filemgmt 56-199] Attempt to get parsing info during refresh. "On-the-fly" syntax checking information may be incorrect. [/home/cesare/ASDI/1/mux4_1/mux4_1.srcs/sources_1/new/mux_16_1.vhd:]
WARNING: [filemgmt 56-199] Attempt to get parsing info during refresh. "On-the-fly" syntax checking information may be incorrect. [/home/cesare/ASDI/1/mux4_1/mux4_1.srcs/sources_1/new/mux_16_1.vhd:]
launch_simulation
Command: launch_simulation 
INFO: [Vivado 12-12493] Simulation top is 'mux_16_1_tb'
INFO: [Vivado 12-5682] Launching behavioral simulation in '/home/cesare/ASDI/1/mux4_1/mux4_1.sim/sim_1/behav/xsim'
INFO: [SIM-utils-51] Simulation object is 'sim_1'
INFO: [SIM-utils-72] Using boost library from '/tools/Xilinx/Vivado/2024.2/tps/boost_1_72_0'
INFO: [SIM-utils-54] Inspecting design source files for 'mux_16_1_tb' in fileset 'sim_1'...
INFO: [USF-XSim-97] Finding global include files...
INFO: [USF-XSim-98] Fetching design files from 'sim_1'...
INFO: [USF-XSim-2] XSim::Compile design
INFO: [USF-XSim-61] Executing 'COMPILE and ANALYZE' step in '/home/cesare/ASDI/1/mux4_1/mux4_1.sim/sim_1/behav/xsim'
xvhdl --incr --relax -prj mux_16_1_tb_vhdl.prj
INFO: [VRFC 10-163] Analyzing VHDL file "/home/cesare/ASDI/1/mux4_1/mux4_1.srcs/sources_1/new/mux4_1.vhd" into library xil_defaultlib
INFO: [VRFC 10-3107] analyzing entity 'mux_4_1'
INFO: [VRFC 10-163] Analyzing VHDL file "/home/cesare/ASDI/1/mux4_1/mux4_1.srcs/sources_1/new/mux_16_1.vhd" into library xil_defaultlib
INFO: [VRFC 10-3107] analyzing entity 'mux_16_1'
INFO: [VRFC 10-163] Analyzing VHDL file "/home/cesare/ASDI/1/mux4_1/mux4_1.srcs/sources_1/new/mux_16_1_tb.vhd" into library xil_defaultlib
INFO: [VRFC 10-3107] analyzing entity 'mux_16_1_tb'
Waiting for jobs to finish...
No pending jobs, compilation finished.
INFO: [USF-XSim-69] 'compile' step finished in '0' seconds
INFO: [USF-XSim-3] XSim::Elaborate design
INFO: [USF-XSim-61] Executing 'ELABORATE' step in '/home/cesare/ASDI/1/mux4_1/mux4_1.sim/sim_1/behav/xsim'
xelab --incr --debug typical --relax --mt 8 -L xil_defaultlib -L secureip --snapshot mux_16_1_tb_behav xil_defaultlib.mux_16_1_tb -log elaborate.log
Vivado Simulator v2024.2.0
Copyright 1986-2022 Xilinx, Inc. All Rights Reserved.
Copyright 2022-2024 Advanced Micro Devices, Inc. All Rights Reserved.
Running: /tools/Xilinx/Vivado/2024.2/bin/unwrapped/lnx64.o/xelab --incr --debug typical --relax --mt 8 -L xil_defaultlib -L secureip --snapshot mux_16_1_tb_behav xil_defaultlib.mux_16_1_tb -log elaborate.log 
Using 8 slave threads.
Starting static elaboration
ERROR: [VRFC 10-9239] null index range cannot have an index value [/home/cesare/ASDI/1/mux4_1/mux4_1.srcs/sources_1/new/mux_16_1_tb.vhd:92]
ERROR: [VRFC 10-9239] null index range cannot have an index value [/home/cesare/ASDI/1/mux4_1/mux4_1.srcs/sources_1/new/mux_16_1_tb.vhd:93]
ERROR: [VRFC 10-9239] null index range cannot have an index value [/home/cesare/ASDI/1/mux4_1/mux4_1.srcs/sources_1/new/mux_16_1_tb.vhd:94]
ERROR: [VRFC 10-9239] null index range cannot have an index value [/home/cesare/ASDI/1/mux4_1/mux4_1.srcs/sources_1/new/mux_16_1_tb.vhd:95]
ERROR: [XSIM 43-3321] Static elaboration of top level VHDL design unit mux_16_1_tb in library work failed.
INFO: [USF-XSim-69] 'elaborate' step finished in '0' seconds
INFO: [USF-XSim-99] Step results log file:'/home/cesare/ASDI/1/mux4_1/mux4_1.sim/sim_1/behav/xsim/elaborate.log'
ERROR: [USF-XSim-62] 'elaborate' step failed with error(s). Please check the Tcl console output or '/home/cesare/ASDI/1/mux4_1/mux4_1.sim/sim_1/behav/xsim/elaborate.log' file for more information.
ERROR: [Vivado 12-4473] Detected error while running simulation. Please correct the issue and retry this operation.
ERROR: [Common 17-39] 'launch_simulation' failed due to earlier errors.
launch_simulation
Command: launch_simulation 
INFO: [Vivado 12-12493] Simulation top is 'mux_16_1_tb'
INFO: [Vivado 12-5682] Launching behavioral simulation in '/home/cesare/ASDI/1/mux4_1/mux4_1.sim/sim_1/behav/xsim'
INFO: [SIM-utils-51] Simulation object is 'sim_1'
INFO: [SIM-utils-72] Using boost library from '/tools/Xilinx/Vivado/2024.2/tps/boost_1_72_0'
INFO: [SIM-utils-54] Inspecting design source files for 'mux_16_1_tb' in fileset 'sim_1'...
INFO: [USF-XSim-97] Finding global include files...
INFO: [USF-XSim-98] Fetching design files from 'sim_1'...
INFO: [USF-XSim-2] XSim::Compile design
INFO: [USF-XSim-61] Executing 'COMPILE and ANALYZE' step in '/home/cesare/ASDI/1/mux4_1/mux4_1.sim/sim_1/behav/xsim'
xvhdl --incr --relax -prj mux_16_1_tb_vhdl.prj
Waiting for jobs to finish...
No pending jobs, compilation finished.
INFO: [USF-XSim-69] 'compile' step finished in '1' seconds
INFO: [USF-XSim-3] XSim::Elaborate design
INFO: [USF-XSim-61] Executing 'ELABORATE' step in '/home/cesare/ASDI/1/mux4_1/mux4_1.sim/sim_1/behav/xsim'
xelab --incr --debug typical --relax --mt 8 -L xil_defaultlib -L secureip --snapshot mux_16_1_tb_behav xil_defaultlib.mux_16_1_tb -log elaborate.log
Vivado Simulator v2024.2.0
Copyright 1986-2022 Xilinx, Inc. All Rights Reserved.
Copyright 2022-2024 Advanced Micro Devices, Inc. All Rights Reserved.
Running: /tools/Xilinx/Vivado/2024.2/bin/unwrapped/lnx64.o/xelab --incr --debug typical --relax --mt 8 -L xil_defaultlib -L secureip --snapshot mux_16_1_tb_behav xil_defaultlib.mux_16_1_tb -log elaborate.log 
Using 8 slave threads.
Starting static elaboration
ERROR: [VRFC 10-9239] null index range cannot have an index value [/home/cesare/ASDI/1/mux4_1/mux4_1.srcs/sources_1/new/mux_16_1_tb.vhd:92]
ERROR: [VRFC 10-9239] null index range cannot have an index value [/home/cesare/ASDI/1/mux4_1/mux4_1.srcs/sources_1/new/mux_16_1_tb.vhd:93]
ERROR: [VRFC 10-9239] null index range cannot have an index value [/home/cesare/ASDI/1/mux4_1/mux4_1.srcs/sources_1/new/mux_16_1_tb.vhd:94]
ERROR: [VRFC 10-9239] null index range cannot have an index value [/home/cesare/ASDI/1/mux4_1/mux4_1.srcs/sources_1/new/mux_16_1_tb.vhd:95]
ERROR: [XSIM 43-3321] Static elaboration of top level VHDL design unit mux_16_1_tb in library work failed.
INFO: [USF-XSim-69] 'elaborate' step finished in '1' seconds
INFO: [USF-XSim-99] Step results log file:'/home/cesare/ASDI/1/mux4_1/mux4_1.sim/sim_1/behav/xsim/elaborate.log'
ERROR: [USF-XSim-62] 'elaborate' step failed with error(s). Please check the Tcl console output or '/home/cesare/ASDI/1/mux4_1/mux4_1.sim/sim_1/behav/xsim/elaborate.log' file for more information.
ERROR: [Vivado 12-4473] Detected error while running simulation. Please correct the issue and retry this operation.
ERROR: [Common 17-39] 'launch_simulation' failed due to earlier errors.
WARNING: [filemgmt 56-199] Attempt to get parsing info during refresh. "On-the-fly" syntax checking information may be incorrect. [/home/cesare/ASDI/1/mux4_1/mux4_1.srcs/sources_1/new/mux_16_1.vhd:]
WARNING: [filemgmt 56-199] Attempt to get parsing info during refresh. "On-the-fly" syntax checking information may be incorrect. [/home/cesare/ASDI/1/mux4_1/mux4_1.srcs/sources_1/new/mux_16_4_tb.vhd:]
WARNING: [filemgmt 56-199] Attempt to get parsing info during refresh. "On-the-fly" syntax checking information may be incorrect. [/home/cesare/ASDI/1/mux4_1/mux4_1.srcs/sources_1/new/mux_16_1_tb.vhd:]
WARNING: [filemgmt 56-199] Attempt to get parsing info during refresh. "On-the-fly" syntax checking information may be incorrect. [/home/cesare/ASDI/1/mux4_1/mux4_1.srcs/sources_1/new/mux_16_1_tb.vhd:]
WARNING: [filemgmt 56-199] Attempt to get parsing info during refresh. "On-the-fly" syntax checking information may be incorrect. [/home/cesare/ASDI/1/mux4_1/mux4_1.srcs/sources_1/new/mux_16_1_tb.vhd:]
WARNING: [filemgmt 56-199] Attempt to get parsing info during refresh. "On-the-fly" syntax checking information may be incorrect. [/home/cesare/ASDI/1/mux4_1/mux4_1.srcs/sources_1/new/mux_16_1.vhd:]
WARNING: [filemgmt 56-199] Attempt to get parsing info during refresh. "On-the-fly" syntax checking information may be incorrect. [/home/cesare/ASDI/1/mux4_1/mux4_1.srcs/sources_1/new/mux_16_4_tb.vhd:]
WARNING: [filemgmt 56-199] Attempt to get parsing info during refresh. "On-the-fly" syntax checking information may be incorrect. [/home/cesare/ASDI/1/mux4_1/mux4_1.srcs/sources_1/new/mux_16_1_tb.vhd:]
WARNING: [filemgmt 56-199] Attempt to get parsing info during refresh. "On-the-fly" syntax checking information may be incorrect. [/home/cesare/ASDI/1/mux4_1/mux4_1.srcs/sources_1/new/mux_16_1_tb.vhd:]
WARNING: [filemgmt 56-199] Attempt to get parsing info during refresh. "On-the-fly" syntax checking information may be incorrect. [/home/cesare/ASDI/1/mux4_1/mux4_1.srcs/sources_1/new/mux_16_1_tb.vhd:]
WARNING: [filemgmt 56-199] Attempt to get parsing info during refresh. "On-the-fly" syntax checking information may be incorrect. [/home/cesare/ASDI/1/mux4_1/mux4_1.srcs/sources_1/new/mux_16_1.vhd:]
WARNING: [filemgmt 56-199] Attempt to get parsing info during refresh. "On-the-fly" syntax checking information may be incorrect. [/home/cesare/ASDI/1/mux4_1/mux4_1.srcs/sources_1/new/mux_16_4_tb.vhd:]
WARNING: [filemgmt 56-199] Attempt to get parsing info during refresh. "On-the-fly" syntax checking information may be incorrect. [/home/cesare/ASDI/1/mux4_1/mux4_1.srcs/sources_1/new/mux_16_1_tb.vhd:]
WARNING: [filemgmt 56-199] Attempt to get parsing info during refresh. "On-the-fly" syntax checking information may be incorrect. [/home/cesare/ASDI/1/mux4_1/mux4_1.srcs/sources_1/new/mux_16_1_tb.vhd:]
WARNING: [filemgmt 56-199] Attempt to get parsing info during refresh. "On-the-fly" syntax checking information may be incorrect. [/home/cesare/ASDI/1/mux4_1/mux4_1.srcs/sources_1/new/mux_16_1_tb.vhd:]
WARNING: [filemgmt 56-199] Attempt to get parsing info during refresh. "On-the-fly" syntax checking information may be incorrect. [/home/cesare/ASDI/1/mux4_1/mux4_1.srcs/sources_1/new/mux_16_1.vhd:]
WARNING: [filemgmt 56-199] Attempt to get parsing info during refresh. "On-the-fly" syntax checking information may be incorrect. [/home/cesare/ASDI/1/mux4_1/mux4_1.srcs/sources_1/new/mux_16_4_tb.vhd:]
WARNING: [filemgmt 56-199] Attempt to get parsing info during refresh. "On-the-fly" syntax checking information may be incorrect. [/home/cesare/ASDI/1/mux4_1/mux4_1.srcs/sources_1/new/mux_16_1_tb.vhd:]
WARNING: [filemgmt 56-199] Attempt to get parsing info during refresh. "On-the-fly" syntax checking information may be incorrect. [/home/cesare/ASDI/1/mux4_1/mux4_1.srcs/sources_1/new/mux_16_1_tb.vhd:]
WARNING: [filemgmt 56-199] Attempt to get parsing info during refresh. "On-the-fly" syntax checking information may be incorrect. [/home/cesare/ASDI/1/mux4_1/mux4_1.srcs/sources_1/new/mux_16_1_tb.vhd:]
WARNING: [filemgmt 56-199] Attempt to get parsing info during refresh. "On-the-fly" syntax checking information may be incorrect. [/home/cesare/ASDI/1/mux4_1/mux4_1.srcs/sources_1/new/mux_16_1.vhd:]
WARNING: [filemgmt 56-199] Attempt to get parsing info during refresh. "On-the-fly" syntax checking information may be incorrect. [/home/cesare/ASDI/1/mux4_1/mux4_1.srcs/sources_1/new/mux_16_4_tb.vhd:]
WARNING: [filemgmt 56-199] Attempt to get parsing info during refresh. "On-the-fly" syntax checking information may be incorrect. [/home/cesare/ASDI/1/mux4_1/mux4_1.srcs/sources_1/new/mux_16_1_tb.vhd:]
WARNING: [filemgmt 56-199] Attempt to get parsing info during refresh. "On-the-fly" syntax checking information may be incorrect. [/home/cesare/ASDI/1/mux4_1/mux4_1.srcs/sources_1/new/mux_16_1_tb.vhd:]
WARNING: [filemgmt 56-199] Attempt to get parsing info during refresh. "On-the-fly" syntax checking information may be incorrect. [/home/cesare/ASDI/1/mux4_1/mux4_1.srcs/sources_1/new/mux_16_1_tb.vhd:]
WARNING: [filemgmt 56-199] Attempt to get parsing info during refresh. "On-the-fly" syntax checking information may be incorrect. [/home/cesare/ASDI/1/mux4_1/mux4_1.srcs/sources_1/new/mux_16_1.vhd:]
WARNING: [filemgmt 56-199] Attempt to get parsing info during refresh. "On-the-fly" syntax checking information may be incorrect. [/home/cesare/ASDI/1/mux4_1/mux4_1.srcs/sources_1/new/mux_16_4_tb.vhd:]
WARNING: [filemgmt 56-199] Attempt to get parsing info during refresh. "On-the-fly" syntax checking information may be incorrect. [/home/cesare/ASDI/1/mux4_1/mux4_1.srcs/sources_1/new/mux_16_1_tb.vhd:]
WARNING: [filemgmt 56-199] Attempt to get parsing info during refresh. "On-the-fly" syntax checking information may be incorrect. [/home/cesare/ASDI/1/mux4_1/mux4_1.srcs/sources_1/new/mux_16_1.vhd:]
WARNING: [filemgmt 56-199] Attempt to get parsing info during refresh. "On-the-fly" syntax checking information may be incorrect. [/home/cesare/ASDI/1/mux4_1/mux4_1.srcs/sources_1/new/mux_16_1.vhd:]
WARNING: [filemgmt 56-199] Attempt to get parsing info during refresh. "On-the-fly" syntax checking information may be incorrect. [/home/cesare/ASDI/1/mux4_1/mux4_1.srcs/sources_1/new/mux_16_1.vhd:]
WARNING: [filemgmt 56-199] Attempt to get parsing info during refresh. "On-the-fly" syntax checking information may be incorrect. [/home/cesare/ASDI/1/mux4_1/mux4_1.srcs/sources_1/new/mux_16_4_tb.vhd:]
WARNING: [filemgmt 56-199] Attempt to get parsing info during refresh. "On-the-fly" syntax checking information may be incorrect. [/home/cesare/ASDI/1/mux4_1/mux4_1.srcs/sources_1/new/mux_16_1_tb.vhd:]
WARNING: [filemgmt 56-199] Attempt to get parsing info during refresh. "On-the-fly" syntax checking information may be incorrect. [/home/cesare/ASDI/1/mux4_1/mux4_1.srcs/sources_1/new/mux_16_1.vhd:]
WARNING: [filemgmt 56-199] Attempt to get parsing info during refresh. "On-the-fly" syntax checking information may be incorrect. [/home/cesare/ASDI/1/mux4_1/mux4_1.srcs/sources_1/new/mux_16_1.vhd:]
WARNING: [filemgmt 56-199] Attempt to get parsing info during refresh. "On-the-fly" syntax checking information may be incorrect. [/home/cesare/ASDI/1/mux4_1/mux4_1.srcs/sources_1/new/mux_16_1.vhd:]
WARNING: [filemgmt 56-199] Attempt to get parsing info during refresh. "On-the-fly" syntax checking information may be incorrect. [/home/cesare/ASDI/1/mux4_1/mux4_1.srcs/sources_1/new/mux_16_4_tb.vhd:]
WARNING: [filemgmt 56-199] Attempt to get parsing info during refresh. "On-the-fly" syntax checking information may be incorrect. [/home/cesare/ASDI/1/mux4_1/mux4_1.srcs/sources_1/new/mux_16_1_tb.vhd:]
WARNING: [filemgmt 56-199] Attempt to get parsing info during refresh. "On-the-fly" syntax checking information may be incorrect. [/home/cesare/ASDI/1/mux4_1/mux4_1.srcs/sources_1/new/mux_16_1.vhd:]
WARNING: [filemgmt 56-199] Attempt to get parsing info during refresh. "On-the-fly" syntax checking information may be incorrect. [/home/cesare/ASDI/1/mux4_1/mux4_1.srcs/sources_1/new/mux_16_1.vhd:]
reset_run synth_1
INFO: [Project 1-1161] Replacing file /home/cesare/ASDI/1/mux4_1/mux4_1.srcs/utils_1/imports/synth_1/mux_16_1.dcp with file /home/cesare/ASDI/1/mux4_1/mux4_1.runs/synth_1/mux_16_1_tb.dcp
launch_runs impl_1 -jobs 6
WARNING: [Project 1-478] Design 'synth_1' is stale and will not be used when launching 'impl_1'
[Tue Mar 18 12:36:45 2025] Launched synth_1...
Run output will be captured here: /home/cesare/ASDI/1/mux4_1/mux4_1.runs/synth_1/runme.log
[Tue Mar 18 12:36:45 2025] Launched impl_1...
Run output will be captured here: /home/cesare/ASDI/1/mux4_1/mux4_1.runs/impl_1/runme.log
WARNING: [filemgmt 56-199] Attempt to get parsing info during refresh. "On-the-fly" syntax checking information may be incorrect. [/home/cesare/ASDI/1/mux4_1/mux4_1.srcs/sources_1/new/mux_16_1.vhd:]
WARNING: [filemgmt 56-199] Attempt to get parsing info during refresh. "On-the-fly" syntax checking information may be incorrect. [/home/cesare/ASDI/1/mux4_1/mux4_1.srcs/sources_1/new/mux_16_4_tb.vhd:]
WARNING: [filemgmt 56-199] Attempt to get parsing info during refresh. "On-the-fly" syntax checking information may be incorrect. [/home/cesare/ASDI/1/mux4_1/mux4_1.srcs/sources_1/new/mux_16_1_tb.vhd:]
WARNING: [filemgmt 56-199] Attempt to get parsing info during refresh. "On-the-fly" syntax checking information may be incorrect. [/home/cesare/ASDI/1/mux4_1/mux4_1.srcs/sources_1/new/mux_16_1_tb.vhd:]
WARNING: [filemgmt 56-199] Attempt to get parsing info during refresh. "On-the-fly" syntax checking information may be incorrect. [/home/cesare/ASDI/1/mux4_1/mux4_1.srcs/sources_1/new/mux_16_1_tb.vhd:]
WARNING: [filemgmt 56-199] Attempt to get parsing info during refresh. "On-the-fly" syntax checking information may be incorrect. [/home/cesare/ASDI/1/mux4_1/mux4_1.srcs/sources_1/new/mux_16_1.vhd:]
WARNING: [filemgmt 56-199] Attempt to get parsing info during refresh. "On-the-fly" syntax checking information may be incorrect. [/home/cesare/ASDI/1/mux4_1/mux4_1.srcs/sources_1/new/mux_16_4_tb.vhd:]
WARNING: [filemgmt 56-199] Attempt to get parsing info during refresh. "On-the-fly" syntax checking information may be incorrect. [/home/cesare/ASDI/1/mux4_1/mux4_1.srcs/sources_1/new/mux_16_1_tb.vhd:]
WARNING: [filemgmt 56-199] Attempt to get parsing info during refresh. "On-the-fly" syntax checking information may be incorrect. [/home/cesare/ASDI/1/mux4_1/mux4_1.srcs/sources_1/new/mux_16_1_tb.vhd:]
WARNING: [filemgmt 56-199] Attempt to get parsing info during refresh. "On-the-fly" syntax checking information may be incorrect. [/home/cesare/ASDI/1/mux4_1/mux4_1.srcs/sources_1/new/mux_16_1_tb.vhd:]
WARNING: [filemgmt 56-199] Attempt to get parsing info during refresh. "On-the-fly" syntax checking information may be incorrect. [/home/cesare/ASDI/1/mux4_1/mux4_1.srcs/sources_1/new/mux_16_1.vhd:]
WARNING: [filemgmt 56-199] Attempt to get parsing info during refresh. "On-the-fly" syntax checking information may be incorrect. [/home/cesare/ASDI/1/mux4_1/mux4_1.srcs/sources_1/new/mux_16_4_tb.vhd:]
WARNING: [filemgmt 56-199] Attempt to get parsing info during refresh. "On-the-fly" syntax checking information may be incorrect. [/home/cesare/ASDI/1/mux4_1/mux4_1.srcs/sources_1/new/mux_16_1_tb.vhd:]
WARNING: [filemgmt 56-199] Attempt to get parsing info during refresh. "On-the-fly" syntax checking information may be incorrect. [/home/cesare/ASDI/1/mux4_1/mux4_1.srcs/sources_1/new/mux_16_1_tb.vhd:]
WARNING: [filemgmt 56-199] Attempt to get parsing info during refresh. "On-the-fly" syntax checking information may be incorrect. [/home/cesare/ASDI/1/mux4_1/mux4_1.srcs/sources_1/new/mux_16_1_tb.vhd:]
reset_run impl_1
launch_runs impl_1 -jobs 6
WARNING: [Project 1-478] Design 'synth_1' is stale and will not be used when launching 'impl_1'
[Tue Mar 18 12:39:37 2025] Launched impl_1...
Run output will be captured here: /home/cesare/ASDI/1/mux4_1/mux4_1.runs/impl_1/runme.log
refresh_design
Netlist sorting complete. Time (s): cpu = 00:00:00 ; elapsed = 00:00:00 . Memory (MB): peak = 9790.383 ; gain = 0.000 ; free physical = 21605 ; free virtual = 33860
INFO: [Project 1-479] Netlist was created with Vivado 2024.2
INFO: [Project 1-570] Preparing netlist for logic optimization
INFO: [Opt 31-138] Pushed 0 inverter(s) to 0 load pin(s).
reset_run impl_1
launch_runs impl_1 -jobs 6
[Tue Mar 18 12:40:56 2025] Launched impl_1...
Run output will be captured here: /home/cesare/ASDI/1/mux4_1/mux4_1.runs/impl_1/runme.log
WARNING: [filemgmt 56-199] Attempt to get parsing info during refresh. "On-the-fly" syntax checking information may be incorrect. [/home/cesare/ASDI/1/mux4_1/mux4_1.srcs/sources_1/new/mux_16_1.vhd:]
WARNING: [filemgmt 56-199] Attempt to get parsing info during refresh. "On-the-fly" syntax checking information may be incorrect. [/home/cesare/ASDI/1/mux4_1/mux4_1.srcs/sources_1/new/mux_16_4_tb.vhd:]
WARNING: [filemgmt 56-199] Attempt to get parsing info during refresh. "On-the-fly" syntax checking information may be incorrect. [/home/cesare/ASDI/1/mux4_1/mux4_1.srcs/sources_1/new/mux_16_1_tb.vhd:]
WARNING: [filemgmt 56-199] Attempt to get parsing info during refresh. "On-the-fly" syntax checking information may be incorrect. [/home/cesare/ASDI/1/mux4_1/mux4_1.srcs/sources_1/new/mux_16_1.vhd:]
WARNING: [filemgmt 56-199] Attempt to get parsing info during refresh. "On-the-fly" syntax checking information may be incorrect. [/home/cesare/ASDI/1/mux4_1/mux4_1.srcs/sources_1/new/mux_16_1.vhd:]
WARNING: [filemgmt 56-199] Attempt to get parsing info during refresh. "On-the-fly" syntax checking information may be incorrect. [/home/cesare/ASDI/1/mux4_1/mux4_1.srcs/sources_1/new/mux_16_1.vhd:]
WARNING: [filemgmt 56-199] Attempt to get parsing info during refresh. "On-the-fly" syntax checking information may be incorrect. [/home/cesare/ASDI/1/mux4_1/mux4_1.srcs/sources_1/new/mux_16_4_tb.vhd:]
WARNING: [filemgmt 56-199] Attempt to get parsing info during refresh. "On-the-fly" syntax checking information may be incorrect. [/home/cesare/ASDI/1/mux4_1/mux4_1.srcs/sources_1/new/mux_16_1_tb.vhd:]
WARNING: [filemgmt 56-199] Attempt to get parsing info during refresh. "On-the-fly" syntax checking information may be incorrect. [/home/cesare/ASDI/1/mux4_1/mux4_1.srcs/sources_1/new/mux_16_1.vhd:]
WARNING: [filemgmt 56-199] Attempt to get parsing info during refresh. "On-the-fly" syntax checking information may be incorrect. [/home/cesare/ASDI/1/mux4_1/mux4_1.srcs/sources_1/new/mux_16_1.vhd:]
reset_run impl_1
launch_runs impl_1 -jobs 6
[Tue Mar 18 12:42:34 2025] Launched impl_1...
Run output will be captured here: /home/cesare/ASDI/1/mux4_1/mux4_1.runs/impl_1/runme.log
WARNING: [filemgmt 56-199] Attempt to get parsing info during refresh. "On-the-fly" syntax checking information may be incorrect. [/home/cesare/ASDI/1/mux4_1/mux4_1.srcs/sources_1/new/mux_16_1.vhd:]
WARNING: [filemgmt 56-199] Attempt to get parsing info during refresh. "On-the-fly" syntax checking information may be incorrect. [/home/cesare/ASDI/1/mux4_1/mux4_1.srcs/sources_1/new/mux_16_4_tb.vhd:]
WARNING: [filemgmt 56-199] Attempt to get parsing info during refresh. "On-the-fly" syntax checking information may be incorrect. [/home/cesare/ASDI/1/mux4_1/mux4_1.srcs/sources_1/new/mux_16_1_tb.vhd:]
WARNING: [filemgmt 56-199] Attempt to get parsing info during refresh. "On-the-fly" syntax checking information may be incorrect. [/home/cesare/ASDI/1/mux4_1/mux4_1.srcs/sources_1/new/mux_16_1_tb.vhd:]
WARNING: [filemgmt 56-199] Attempt to get parsing info during refresh. "On-the-fly" syntax checking information may be incorrect. [/home/cesare/ASDI/1/mux4_1/mux4_1.srcs/sources_1/new/mux_16_1_tb.vhd:]
WARNING: [filemgmt 56-199] Attempt to get parsing info during refresh. "On-the-fly" syntax checking information may be incorrect. [/home/cesare/ASDI/1/mux4_1/mux4_1.srcs/sources_1/new/mux_16_1.vhd:]
WARNING: [filemgmt 56-199] Attempt to get parsing info during refresh. "On-the-fly" syntax checking information may be incorrect. [/home/cesare/ASDI/1/mux4_1/mux4_1.srcs/sources_1/new/mux_16_4_tb.vhd:]
WARNING: [filemgmt 56-199] Attempt to get parsing info during refresh. "On-the-fly" syntax checking information may be incorrect. [/home/cesare/ASDI/1/mux4_1/mux4_1.srcs/sources_1/new/mux_16_1_tb.vhd:]
WARNING: [filemgmt 56-199] Attempt to get parsing info during refresh. "On-the-fly" syntax checking information may be incorrect. [/home/cesare/ASDI/1/mux4_1/mux4_1.srcs/sources_1/new/mux_16_1_tb.vhd:]
WARNING: [filemgmt 56-199] Attempt to get parsing info during refresh. "On-the-fly" syntax checking information may be incorrect. [/home/cesare/ASDI/1/mux4_1/mux4_1.srcs/sources_1/new/mux_16_1_tb.vhd:]
WARNING: [filemgmt 56-199] Attempt to get parsing info during refresh. "On-the-fly" syntax checking information may be incorrect. [/home/cesare/ASDI/1/mux4_1/mux4_1.srcs/sources_1/new/mux_16_1.vhd:]
WARNING: [filemgmt 56-199] Attempt to get parsing info during refresh. "On-the-fly" syntax checking information may be incorrect. [/home/cesare/ASDI/1/mux4_1/mux4_1.srcs/sources_1/new/mux_16_4_tb.vhd:]
WARNING: [filemgmt 56-199] Attempt to get parsing info during refresh. "On-the-fly" syntax checking information may be incorrect. [/home/cesare/ASDI/1/mux4_1/mux4_1.srcs/sources_1/new/mux_16_1_tb.vhd:]
WARNING: [filemgmt 56-199] Attempt to get parsing info during refresh. "On-the-fly" syntax checking information may be incorrect. [/home/cesare/ASDI/1/mux4_1/mux4_1.srcs/sources_1/new/mux_16_1.vhd:]
WARNING: [filemgmt 56-199] Attempt to get parsing info during refresh. "On-the-fly" syntax checking information may be incorrect. [/home/cesare/ASDI/1/mux4_1/mux4_1.srcs/sources_1/new/mux_16_1.vhd:]
WARNING: [filemgmt 56-199] Attempt to get parsing info during refresh. "On-the-fly" syntax checking information may be incorrect. [/home/cesare/ASDI/1/mux4_1/mux4_1.srcs/sources_1/new/mux_16_1.vhd:]
WARNING: [filemgmt 56-199] Attempt to get parsing info during refresh. "On-the-fly" syntax checking information may be incorrect. [/home/cesare/ASDI/1/mux4_1/mux4_1.srcs/sources_1/new/mux_16_4_tb.vhd:]
WARNING: [filemgmt 56-199] Attempt to get parsing info during refresh. "On-the-fly" syntax checking information may be incorrect. [/home/cesare/ASDI/1/mux4_1/mux4_1.srcs/sources_1/new/mux_16_1_tb.vhd:]
WARNING: [filemgmt 56-199] Attempt to get parsing info during refresh. "On-the-fly" syntax checking information may be incorrect. [/home/cesare/ASDI/1/mux4_1/mux4_1.srcs/sources_1/new/mux_16_1.vhd:]
WARNING: [filemgmt 56-199] Attempt to get parsing info during refresh. "On-the-fly" syntax checking information may be incorrect. [/home/cesare/ASDI/1/mux4_1/mux4_1.srcs/sources_1/new/mux_16_1.vhd:]
WARNING: [filemgmt 56-199] Attempt to get parsing info during refresh. "On-the-fly" syntax checking information may be incorrect. [/home/cesare/ASDI/1/mux4_1/mux4_1.srcs/sources_1/new/mux_16_1.vhd:]
WARNING: [filemgmt 56-199] Attempt to get parsing info during refresh. "On-the-fly" syntax checking information may be incorrect. [/home/cesare/ASDI/1/mux4_1/mux4_1.srcs/sources_1/new/mux_16_4_tb.vhd:]
WARNING: [filemgmt 56-199] Attempt to get parsing info during refresh. "On-the-fly" syntax checking information may be incorrect. [/home/cesare/ASDI/1/mux4_1/mux4_1.srcs/sources_1/new/mux_16_1_tb.vhd:]
WARNING: [filemgmt 56-199] Attempt to get parsing info during refresh. "On-the-fly" syntax checking information may be incorrect. [/home/cesare/ASDI/1/mux4_1/mux4_1.srcs/sources_1/new/mux_16_1.vhd:]
WARNING: [filemgmt 56-199] Attempt to get parsing info during refresh. "On-the-fly" syntax checking information may be incorrect. [/home/cesare/ASDI/1/mux4_1/mux4_1.srcs/sources_1/new/mux_16_1.vhd:]
WARNING: [filemgmt 56-199] Attempt to get parsing info during refresh. "On-the-fly" syntax checking information may be incorrect. [/home/cesare/ASDI/1/mux4_1/mux4_1.srcs/sources_1/new/mux_16_1.vhd:]
WARNING: [filemgmt 56-199] Attempt to get parsing info during refresh. "On-the-fly" syntax checking information may be incorrect. [/home/cesare/ASDI/1/mux4_1/mux4_1.srcs/sources_1/new/mux_16_4_tb.vhd:]
WARNING: [filemgmt 56-199] Attempt to get parsing info during refresh. "On-the-fly" syntax checking information may be incorrect. [/home/cesare/ASDI/1/mux4_1/mux4_1.srcs/sources_1/new/mux_16_1_tb.vhd:]
WARNING: [filemgmt 56-199] Attempt to get parsing info during refresh. "On-the-fly" syntax checking information may be incorrect. [/home/cesare/ASDI/1/mux4_1/mux4_1.srcs/sources_1/new/mux_16_1.vhd:]
WARNING: [filemgmt 56-199] Attempt to get parsing info during refresh. "On-the-fly" syntax checking information may be incorrect. [/home/cesare/ASDI/1/mux4_1/mux4_1.srcs/sources_1/new/mux_16_1.vhd:]
reset_run impl_1
launch_runs impl_1 -jobs 6
[Tue Mar 18 12:47:24 2025] Launched impl_1...
Run output will be captured here: /home/cesare/ASDI/1/mux4_1/mux4_1.runs/impl_1/runme.log
WARNING: [filemgmt 56-199] Attempt to get parsing info during refresh. "On-the-fly" syntax checking information may be incorrect. [/home/cesare/ASDI/1/mux4_1/mux4_1.srcs/sources_1/new/mux_16_1.vhd:]
WARNING: [filemgmt 56-199] Attempt to get parsing info during refresh. "On-the-fly" syntax checking information may be incorrect. [/home/cesare/ASDI/1/mux4_1/mux4_1.srcs/sources_1/new/mux_16_4_tb.vhd:]
WARNING: [filemgmt 56-199] Attempt to get parsing info during refresh. "On-the-fly" syntax checking information may be incorrect. [/home/cesare/ASDI/1/mux4_1/mux4_1.srcs/sources_1/new/mux_16_1_tb.vhd:]
WARNING: [filemgmt 56-199] Attempt to get parsing info during refresh. "On-the-fly" syntax checking information may be incorrect. [/home/cesare/ASDI/1/mux4_1/mux4_1.srcs/sources_1/new/mux_16_1_tb.vhd:]
WARNING: [filemgmt 56-199] Attempt to get parsing info during refresh. "On-the-fly" syntax checking information may be incorrect. [/home/cesare/ASDI/1/mux4_1/mux4_1.srcs/sources_1/new/mux_16_1_tb.vhd:]
WARNING: [filemgmt 56-199] Attempt to get parsing info during refresh. "On-the-fly" syntax checking information may be incorrect. [/home/cesare/ASDI/1/mux4_1/mux4_1.srcs/sources_1/new/mux_16_1.vhd:]
WARNING: [filemgmt 56-199] Attempt to get parsing info during refresh. "On-the-fly" syntax checking information may be incorrect. [/home/cesare/ASDI/1/mux4_1/mux4_1.srcs/sources_1/new/mux_16_4_tb.vhd:]
WARNING: [filemgmt 56-199] Attempt to get parsing info during refresh. "On-the-fly" syntax checking information may be incorrect. [/home/cesare/ASDI/1/mux4_1/mux4_1.srcs/sources_1/new/mux_16_1_tb.vhd:]
WARNING: [filemgmt 56-199] Attempt to get parsing info during refresh. "On-the-fly" syntax checking information may be incorrect. [/home/cesare/ASDI/1/mux4_1/mux4_1.srcs/sources_1/new/mux_16_1.vhd:]
WARNING: [filemgmt 56-199] Attempt to get parsing info during refresh. "On-the-fly" syntax checking information may be incorrect. [/home/cesare/ASDI/1/mux4_1/mux4_1.srcs/sources_1/new/mux_16_1.vhd:]
WARNING: [filemgmt 56-199] Attempt to get parsing info during refresh. "On-the-fly" syntax checking information may be incorrect. [/home/cesare/ASDI/1/mux4_1/mux4_1.srcs/sources_1/new/mux_16_1.vhd:]
WARNING: [filemgmt 56-199] Attempt to get parsing info during refresh. "On-the-fly" syntax checking information may be incorrect. [/home/cesare/ASDI/1/mux4_1/mux4_1.srcs/sources_1/new/mux_16_4_tb.vhd:]
WARNING: [filemgmt 56-199] Attempt to get parsing info during refresh. "On-the-fly" syntax checking information may be incorrect. [/home/cesare/ASDI/1/mux4_1/mux4_1.srcs/sources_1/new/mux_16_1_tb.vhd:]
WARNING: [filemgmt 56-199] Attempt to get parsing info during refresh. "On-the-fly" syntax checking information may be incorrect. [/home/cesare/ASDI/1/mux4_1/mux4_1.srcs/sources_1/new/mux_16_1_tb.vhd:]
WARNING: [filemgmt 56-199] Attempt to get parsing info during refresh. "On-the-fly" syntax checking information may be incorrect. [/home/cesare/ASDI/1/mux4_1/mux4_1.srcs/sources_1/new/mux_16_1_tb.vhd:]
reset_run impl_1
launch_runs impl_1 -jobs 6
[Tue Mar 18 12:49:28 2025] Launched impl_1...
Run output will be captured here: /home/cesare/ASDI/1/mux4_1/mux4_1.runs/impl_1/runme.log
exit
INFO: [Common 17-206] Exiting Vivado at Tue Mar 18 12:50:27 2025...
