
*** Running vivado
    with args -log net_16_4.vdi -applog -m64 -product Vivado -messageDb vivado.pb -mode batch -source net_16_4.tcl -notrace


****** Vivado v2024.2 (64-bit)
  **** SW Build 5239630 on Fri Nov 08 22:34:34 MST 2024
  **** IP Build 5239520 on Sun Nov 10 16:12:51 MST 2024
  **** SharedData Build 5239561 on Fri Nov 08 14:39:27 MST 2024
  **** Start of session at: Thu Mar 20 13:53:36 2025
    ** Copyright 1986-2022 Xilinx, Inc. All Rights Reserved.
    ** Copyright 2022-2024 Advanced Micro Devices, Inc. All Rights Reserved.

source net_16_4.tcl -notrace
Command: link_design -top net_16_4 -part xc7a100tcsg324-1
Design is defaulting to srcset: sources_1
Design is defaulting to constrset: constrs_1
INFO: [Device 21-403] Loading part xc7a100tcsg324-1
Netlist sorting complete. Time (s): cpu = 00:00:00 ; elapsed = 00:00:00 . Memory (MB): peak = 1434.000 ; gain = 0.000 ; free physical = 15550 ; free virtual = 30212
INFO: [Netlist 29-17] Analyzing 3 Unisim elements for replacement
INFO: [Netlist 29-28] Unisim Transformation completed in 0 CPU seconds
INFO: [Project 1-479] Netlist was created with Vivado 2024.2
INFO: [Project 1-570] Preparing netlist for logic optimization
Read ShapeDB Complete: Time (s): cpu = 00:00:00 ; elapsed = 00:00:00.01 . Memory (MB): peak = 1490.844 ; gain = 0.000 ; free physical = 15486 ; free virtual = 30147
Netlist sorting complete. Time (s): cpu = 00:00:00 ; elapsed = 00:00:00 . Memory (MB): peak = 1490.844 ; gain = 0.000 ; free physical = 15484 ; free virtual = 30146
INFO: [Project 1-111] Unisim Transformation Summary:
No Unisim elements were transformed.

6 Infos, 0 Warnings, 0 Critical Warnings and 0 Errors encountered.
link_design completed successfully
Command: opt_design
Attempting to get a license for feature 'Implementation' and/or device 'xc7a100t'
INFO: [Common 17-349] Got license for feature 'Implementation' and/or device 'xc7a100t'
Running DRC as a precondition to command opt_design

Starting DRC Task
INFO: [DRC 23-27] Running DRC with 8 threads
INFO: [Project 1-461] DRC finished with 0 Errors
INFO: [Project 1-462] Please refer to the DRC report (report_drc) for more information.

Time (s): cpu = 00:00:00.53 ; elapsed = 00:00:00.2 . Memory (MB): peak = 1733.445 ; gain = 214.789 ; free physical = 15416 ; free virtual = 30077

Starting Cache Timing Information Task
INFO: [Timing 38-35] Done setting XDC timing constraints.
Ending Cache Timing Information Task | Checksum: 1a9f466ae

Time (s): cpu = 00:00:03 ; elapsed = 00:00:03 . Memory (MB): peak = 2098.367 ; gain = 364.922 ; free physical = 14959 ; free virtual = 29623

Starting Logic Optimization Task

Phase 1 Initialization

Phase 1.1 Core Generation And Design Setup
Phase 1.1 Core Generation And Design Setup | Checksum: 1a9f466ae

Time (s): cpu = 00:00:00 ; elapsed = 00:00:00 . Memory (MB): peak = 2442.289 ; gain = 0.000 ; free physical = 14599 ; free virtual = 29262

Phase 1.2 Setup Constraints And Sort Netlist
Phase 1.2 Setup Constraints And Sort Netlist | Checksum: 1a9f466ae

Time (s): cpu = 00:00:00 ; elapsed = 00:00:00.01 . Memory (MB): peak = 2442.289 ; gain = 0.000 ; free physical = 14599 ; free virtual = 29262
Phase 1 Initialization | Checksum: 1a9f466ae

Time (s): cpu = 00:00:00 ; elapsed = 00:00:00.01 . Memory (MB): peak = 2442.289 ; gain = 0.000 ; free physical = 14599 ; free virtual = 29262

Phase 2 Timer Update And Timing Data Collection

Phase 2.1 Timer Update
Phase 2.1 Timer Update | Checksum: 1a9f466ae

Time (s): cpu = 00:00:00 ; elapsed = 00:00:00.01 . Memory (MB): peak = 2442.289 ; gain = 0.000 ; free physical = 14599 ; free virtual = 29262

Phase 2.2 Timing Data Collection
Phase 2.2 Timing Data Collection | Checksum: 1a9f466ae

Time (s): cpu = 00:00:00.01 ; elapsed = 00:00:00.01 . Memory (MB): peak = 2442.289 ; gain = 0.000 ; free physical = 14599 ; free virtual = 29262
Phase 2 Timer Update And Timing Data Collection | Checksum: 1a9f466ae

Time (s): cpu = 00:00:00.01 ; elapsed = 00:00:00.01 . Memory (MB): peak = 2442.289 ; gain = 0.000 ; free physical = 14599 ; free virtual = 29262

Phase 3 Retarget
INFO: [Opt 31-1851] Number of loadless carry chains removed were: 0
INFO: [Opt 31-1834] Total Chains To Be Transformed Were: 0 AND Number of Transformed insts Created are: 0
INFO: [Opt 31-138] Pushed 0 inverter(s) to 0 load pin(s).
INFO: [Opt 31-49] Retargeted 0 cell(s).
Phase 3 Retarget | Checksum: 1a9f466ae

Time (s): cpu = 00:00:00.02 ; elapsed = 00:00:00.03 . Memory (MB): peak = 2442.289 ; gain = 0.000 ; free physical = 14599 ; free virtual = 29262
Retarget | Checksum: 1a9f466ae
INFO: [Opt 31-389] Phase Retarget created 0 cells and removed 0 cells

Phase 4 Constant propagation
INFO: [Opt 31-138] Pushed 0 inverter(s) to 0 load pin(s).
Phase 4 Constant propagation | Checksum: 1a9f466ae

Time (s): cpu = 00:00:00.02 ; elapsed = 00:00:00.03 . Memory (MB): peak = 2442.289 ; gain = 0.000 ; free physical = 14599 ; free virtual = 29262
Constant propagation | Checksum: 1a9f466ae
INFO: [Opt 31-389] Phase Constant propagation created 0 cells and removed 0 cells

Phase 5 Sweep
INFO: [Constraints 18-11670] Building netlist checker database with flags, 0x8
Done building netlist checker database: Time (s): cpu = 00:00:00 ; elapsed = 00:00:00 . Memory (MB): peak = 2442.289 ; gain = 0.000 ; free physical = 14599 ; free virtual = 29262
Phase 5 Sweep | Checksum: 1a9f466ae

Time (s): cpu = 00:00:00.02 ; elapsed = 00:00:00.03 . Memory (MB): peak = 2442.289 ; gain = 0.000 ; free physical = 14599 ; free virtual = 29262
Sweep | Checksum: 1a9f466ae
INFO: [Opt 31-389] Phase Sweep created 0 cells and removed 0 cells

Phase 6 BUFG optimization
Phase 6 BUFG optimization | Checksum: 1a9f466ae

Time (s): cpu = 00:00:00.02 ; elapsed = 00:00:00.03 . Memory (MB): peak = 2474.305 ; gain = 32.016 ; free physical = 14599 ; free virtual = 29262
BUFG optimization | Checksum: 1a9f466ae
INFO: [Opt 31-662] Phase BUFG optimization created 0 cells of which 0 are BUFGs and removed 0 cells.

Phase 7 Shift Register Optimization
INFO: [Opt 31-1064] SRL Remap converted 0 SRLs to 0 registers and converted 0 registers of register chains to 0 SRLs
Phase 7 Shift Register Optimization | Checksum: 1a9f466ae

Time (s): cpu = 00:00:00.02 ; elapsed = 00:00:00.03 . Memory (MB): peak = 2474.305 ; gain = 32.016 ; free physical = 14599 ; free virtual = 29262
Shift Register Optimization | Checksum: 1a9f466ae
INFO: [Opt 31-389] Phase Shift Register Optimization created 0 cells and removed 0 cells

Phase 8 Post Processing Netlist
Phase 8 Post Processing Netlist | Checksum: 1a9f466ae

Time (s): cpu = 00:00:00.02 ; elapsed = 00:00:00.03 . Memory (MB): peak = 2474.305 ; gain = 32.016 ; free physical = 14599 ; free virtual = 29262
Post Processing Netlist | Checksum: 1a9f466ae
INFO: [Opt 31-389] Phase Post Processing Netlist created 0 cells and removed 0 cells

Phase 9 Finalization

Phase 9.1 Finalizing Design Cores and Updating Shapes
Phase 9.1 Finalizing Design Cores and Updating Shapes | Checksum: 1a9f466ae

Time (s): cpu = 00:00:00.02 ; elapsed = 00:00:00.03 . Memory (MB): peak = 2474.305 ; gain = 32.016 ; free physical = 14599 ; free virtual = 29262

Phase 9.2 Verifying Netlist Connectivity

Starting Connectivity Check Task

Time (s): cpu = 00:00:00 ; elapsed = 00:00:00 . Memory (MB): peak = 2474.305 ; gain = 0.000 ; free physical = 14599 ; free virtual = 29262
Phase 9.2 Verifying Netlist Connectivity | Checksum: 1a9f466ae

Time (s): cpu = 00:00:00.03 ; elapsed = 00:00:00.03 . Memory (MB): peak = 2474.305 ; gain = 32.016 ; free physical = 14599 ; free virtual = 29262
Phase 9 Finalization | Checksum: 1a9f466ae

Time (s): cpu = 00:00:00.03 ; elapsed = 00:00:00.03 . Memory (MB): peak = 2474.305 ; gain = 32.016 ; free physical = 14599 ; free virtual = 29262
Opt_design Change Summary
=========================


-------------------------------------------------------------------------------------------------------------------------
|  Phase                        |  #Cells created  |  #Cells Removed  |  #Constrained objects preventing optimizations  |
-------------------------------------------------------------------------------------------------------------------------
|  Retarget                     |               0  |               0  |                                              0  |
|  Constant propagation         |               0  |               0  |                                              0  |
|  Sweep                        |               0  |               0  |                                              0  |
|  BUFG optimization            |               0  |               0  |                                              0  |
|  Shift Register Optimization  |               0  |               0  |                                              0  |
|  Post Processing Netlist      |               0  |               0  |                                              0  |
-------------------------------------------------------------------------------------------------------------------------


Ending Logic Optimization Task | Checksum: 1a9f466ae

Time (s): cpu = 00:00:00.03 ; elapsed = 00:00:00.03 . Memory (MB): peak = 2474.305 ; gain = 32.016 ; free physical = 14599 ; free virtual = 29262

Starting Power Optimization Task
INFO: [Pwropt 34-132] Skipping clock gating for clocks with a period < 2.00 ns.
Ending Power Optimization Task | Checksum: 1a9f466ae

Time (s): cpu = 00:00:00 ; elapsed = 00:00:00.01 . Memory (MB): peak = 2474.305 ; gain = 0.000 ; free physical = 14599 ; free virtual = 29262

Starting Final Cleanup Task
Ending Final Cleanup Task | Checksum: 1a9f466ae

Time (s): cpu = 00:00:00 ; elapsed = 00:00:00 . Memory (MB): peak = 2474.305 ; gain = 0.000 ; free physical = 14599 ; free virtual = 29262

Starting Netlist Obfuscation Task
Netlist sorting complete. Time (s): cpu = 00:00:00 ; elapsed = 00:00:00 . Memory (MB): peak = 2474.305 ; gain = 0.000 ; free physical = 14599 ; free virtual = 29262
Ending Netlist Obfuscation Task | Checksum: 1a9f466ae

Time (s): cpu = 00:00:00 ; elapsed = 00:00:00 . Memory (MB): peak = 2474.305 ; gain = 0.000 ; free physical = 14599 ; free virtual = 29262
INFO: [Common 17-83] Releasing license: Implementation
26 Infos, 0 Warnings, 0 Critical Warnings and 0 Errors encountered.
opt_design completed successfully
INFO: [Vivado 12-24828] Executing command : report_drc -file net_16_4_drc_opted.rpt -pb net_16_4_drc_opted.pb -rpx net_16_4_drc_opted.rpx
Command: report_drc -file net_16_4_drc_opted.rpt -pb net_16_4_drc_opted.pb -rpx net_16_4_drc_opted.rpx
INFO: [IP_Flow 19-234] Refreshing IP repositories
INFO: [IP_Flow 19-1704] No user IP repositories specified
INFO: [IP_Flow 19-2313] Loaded Vivado IP repository '/tools/Xilinx/Vivado/2024.2/data/ip'.
INFO: [DRC 23-27] Running DRC with 8 threads
INFO: [Vivado_Tcl 2-168] The results of DRC are in file /home/cesare/ASDI/1/1.2/project_1.2/project_1.2.runs/impl_1/net_16_4_drc_opted.rpt.
report_drc completed successfully
Write ShapeDB Complete: Time (s): cpu = 00:00:00 ; elapsed = 00:00:00 . Memory (MB): peak = 2520.555 ; gain = 0.000 ; free physical = 14538 ; free virtual = 29200
INFO: [Common 17-1381] The checkpoint '/home/cesare/ASDI/1/1.2/project_1.2/project_1.2.runs/impl_1/net_16_4_opt.dcp' has been generated.
Command: place_design
Attempting to get a license for feature 'Implementation' and/or device 'xc7a100t'
INFO: [Common 17-349] Got license for feature 'Implementation' and/or device 'xc7a100t'
INFO: [Common 17-83] Releasing license: Implementation
INFO: [DRC 23-27] Running DRC with 8 threads
INFO: [Vivado_Tcl 4-198] DRC finished with 0 Errors
INFO: [Vivado_Tcl 4-199] Please refer to the DRC report (report_drc) for more information.
Running DRC as a precondition to command place_design
INFO: [DRC 23-27] Running DRC with 8 threads
INFO: [Vivado_Tcl 4-198] DRC finished with 0 Errors
INFO: [Vivado_Tcl 4-199] Please refer to the DRC report (report_drc) for more information.
INFO: [Place 30-611] Multithreading enabled for place_design using a maximum of 8 CPUs

Starting Placer Task

Phase 1 Placer Initialization

Phase 1.1 Placer Initialization Netlist Sorting
Netlist sorting complete. Time (s): cpu = 00:00:00 ; elapsed = 00:00:00 . Memory (MB): peak = 2548.535 ; gain = 0.000 ; free physical = 14480 ; free virtual = 29143
Phase 1.1 Placer Initialization Netlist Sorting | Checksum: d128aa72

Time (s): cpu = 00:00:00 ; elapsed = 00:00:00 . Memory (MB): peak = 2548.535 ; gain = 0.000 ; free physical = 14480 ; free virtual = 29143
Netlist sorting complete. Time (s): cpu = 00:00:00 ; elapsed = 00:00:00 . Memory (MB): peak = 2548.535 ; gain = 0.000 ; free physical = 14480 ; free virtual = 29143

Phase 1.2 IO Placement/ Clock Placement/ Build Placer Device
INFO: [Timing 38-35] Done setting XDC timing constraints.
Phase 1.2 IO Placement/ Clock Placement/ Build Placer Device | Checksum: 1978354de

Time (s): cpu = 00:00:00.15 ; elapsed = 00:00:00.05 . Memory (MB): peak = 2580.551 ; gain = 32.016 ; free physical = 14473 ; free virtual = 29135

Phase 1.3 Build Placer Netlist Model
Phase 1.3 Build Placer Netlist Model | Checksum: 270f27641

Time (s): cpu = 00:00:00.21 ; elapsed = 00:00:00.07 . Memory (MB): peak = 2580.551 ; gain = 32.016 ; free physical = 14473 ; free virtual = 29135

Phase 1.4 Constrain Clocks/Macros
Phase 1.4 Constrain Clocks/Macros | Checksum: 270f27641

Time (s): cpu = 00:00:00.21 ; elapsed = 00:00:00.07 . Memory (MB): peak = 2580.551 ; gain = 32.016 ; free physical = 14473 ; free virtual = 29135
Phase 1 Placer Initialization | Checksum: 270f27641

Time (s): cpu = 00:00:00.21 ; elapsed = 00:00:00.07 . Memory (MB): peak = 2580.551 ; gain = 32.016 ; free physical = 14472 ; free virtual = 29134

Phase 2 Global Placement

Phase 2.1 Floorplanning
Phase 2.1 Floorplanning | Checksum: 270f27641

Time (s): cpu = 00:00:00.22 ; elapsed = 00:00:00.08 . Memory (MB): peak = 2580.551 ; gain = 32.016 ; free physical = 14472 ; free virtual = 29134

Phase 2.2 Update Timing before SLR Path Opt
Phase 2.2 Update Timing before SLR Path Opt | Checksum: 270f27641

Time (s): cpu = 00:00:00.22 ; elapsed = 00:00:00.08 . Memory (MB): peak = 2580.551 ; gain = 32.016 ; free physical = 14472 ; free virtual = 29134

Phase 2.3 Post-Processing in Floorplanning
Phase 2.3 Post-Processing in Floorplanning | Checksum: 270f27641

Time (s): cpu = 00:00:00.22 ; elapsed = 00:00:00.08 . Memory (MB): peak = 2580.551 ; gain = 32.016 ; free physical = 14472 ; free virtual = 29134

Phase 2.4 Global Place Phase1
Phase 2.4 Global Place Phase1 | Checksum: 1eece7e8f

Time (s): cpu = 00:00:00.43 ; elapsed = 00:00:00.16 . Memory (MB): peak = 2604.562 ; gain = 56.027 ; free physical = 14551 ; free virtual = 29213

Phase 2.5 Global Place Phase2
WARNING: [Place 46-29] Timing had been disabled during Placer and, therefore, physical synthesis in Placer will be skipped.
Phase 2.5 Global Place Phase2 | Checksum: 1a5edc4d1

Time (s): cpu = 00:00:00.54 ; elapsed = 00:00:00.19 . Memory (MB): peak = 2604.562 ; gain = 56.027 ; free physical = 14556 ; free virtual = 29218
Phase 2 Global Placement | Checksum: 1a5edc4d1

Time (s): cpu = 00:00:00.54 ; elapsed = 00:00:00.19 . Memory (MB): peak = 2604.562 ; gain = 56.027 ; free physical = 14556 ; free virtual = 29218

Phase 3 Detail Placement

Phase 3.1 Commit Multi Column Macros
Phase 3.1 Commit Multi Column Macros | Checksum: 1a5edc4d1

Time (s): cpu = 00:00:00.55 ; elapsed = 00:00:00.19 . Memory (MB): peak = 2604.562 ; gain = 56.027 ; free physical = 14556 ; free virtual = 29218

Phase 3.2 Commit Most Macros & LUTRAMs
Phase 3.2 Commit Most Macros & LUTRAMs | Checksum: 20d029378

Time (s): cpu = 00:00:00.58 ; elapsed = 00:00:00.19 . Memory (MB): peak = 2604.562 ; gain = 56.027 ; free physical = 14556 ; free virtual = 29218

Phase 3.3 Area Swap Optimization
Phase 3.3 Area Swap Optimization | Checksum: 25f02e2ff

Time (s): cpu = 00:00:00.6 ; elapsed = 00:00:00.2 . Memory (MB): peak = 2604.562 ; gain = 56.027 ; free physical = 14556 ; free virtual = 29218

Phase 3.4 Pipeline Register Optimization
Phase 3.4 Pipeline Register Optimization | Checksum: 25f02e2ff

Time (s): cpu = 00:00:00.6 ; elapsed = 00:00:00.2 . Memory (MB): peak = 2604.562 ; gain = 56.027 ; free physical = 14556 ; free virtual = 29218

Phase 3.5 Small Shape Detail Placement
Phase 3.5 Small Shape Detail Placement | Checksum: 2125c431d

Time (s): cpu = 00:00:00.79 ; elapsed = 00:00:00.26 . Memory (MB): peak = 2604.562 ; gain = 56.027 ; free physical = 14552 ; free virtual = 29214

Phase 3.6 Re-assign LUT pins
Phase 3.6 Re-assign LUT pins | Checksum: 2125c431d

Time (s): cpu = 00:00:00.79 ; elapsed = 00:00:00.26 . Memory (MB): peak = 2604.562 ; gain = 56.027 ; free physical = 14552 ; free virtual = 29214

Phase 3.7 Pipeline Register Optimization
Phase 3.7 Pipeline Register Optimization | Checksum: 2125c431d

Time (s): cpu = 00:00:00.79 ; elapsed = 00:00:00.26 . Memory (MB): peak = 2604.562 ; gain = 56.027 ; free physical = 14552 ; free virtual = 29214
Phase 3 Detail Placement | Checksum: 2125c431d

Time (s): cpu = 00:00:00.79 ; elapsed = 00:00:00.26 . Memory (MB): peak = 2604.562 ; gain = 56.027 ; free physical = 14552 ; free virtual = 29214

Phase 4 Post Placement Optimization and Clean-Up

Phase 4.1 Post Commit Optimization
Phase 4.1 Post Commit Optimization | Checksum: 2125c431d

Time (s): cpu = 00:00:00.84 ; elapsed = 00:00:00.28 . Memory (MB): peak = 2604.562 ; gain = 56.027 ; free physical = 14552 ; free virtual = 29214

Phase 4.2 Post Placement Cleanup
Phase 4.2 Post Placement Cleanup | Checksum: 2125c431d

Time (s): cpu = 00:00:00.86 ; elapsed = 00:00:00.28 . Memory (MB): peak = 2604.562 ; gain = 56.027 ; free physical = 14552 ; free virtual = 29214

Phase 4.3 Placer Reporting

Phase 4.3.1 Print Estimated Congestion
INFO: [Place 30-612] Post-Placement Estimated Congestion 
 ____________________________________________________
|           | Global Congestion | Short Congestion  |
| Direction | Region Size       | Region Size       |
|___________|___________________|___________________|
|      North|                1x1|                1x1|
|___________|___________________|___________________|
|      South|                1x1|                1x1|
|___________|___________________|___________________|
|       East|                1x1|                1x1|
|___________|___________________|___________________|
|       West|                1x1|                1x1|
|___________|___________________|___________________|

Phase 4.3.1 Print Estimated Congestion | Checksum: 2125c431d

Time (s): cpu = 00:00:00.87 ; elapsed = 00:00:00.29 . Memory (MB): peak = 2604.562 ; gain = 56.027 ; free physical = 14552 ; free virtual = 29214
Phase 4.3 Placer Reporting | Checksum: 2125c431d

Time (s): cpu = 00:00:00.87 ; elapsed = 00:00:00.29 . Memory (MB): peak = 2604.562 ; gain = 56.027 ; free physical = 14552 ; free virtual = 29214

Phase 4.4 Final Placement Cleanup
Netlist sorting complete. Time (s): cpu = 00:00:00 ; elapsed = 00:00:00 . Memory (MB): peak = 2604.562 ; gain = 0.000 ; free physical = 14552 ; free virtual = 29214

Time (s): cpu = 00:00:00.88 ; elapsed = 00:00:00.29 . Memory (MB): peak = 2604.562 ; gain = 56.027 ; free physical = 14552 ; free virtual = 29214
Phase 4 Post Placement Optimization and Clean-Up | Checksum: 2125c431d

Time (s): cpu = 00:00:00.88 ; elapsed = 00:00:00.29 . Memory (MB): peak = 2604.562 ; gain = 56.027 ; free physical = 14552 ; free virtual = 29214
Ending Placer Task | Checksum: 13ef7b6ac

Time (s): cpu = 00:00:00.89 ; elapsed = 00:00:00.29 . Memory (MB): peak = 2604.562 ; gain = 56.027 ; free physical = 14552 ; free virtual = 29214
44 Infos, 1 Warnings, 0 Critical Warnings and 0 Errors encountered.
place_design completed successfully
INFO: [Vivado 12-24838] Running report commands "report_control_sets, report_io, report_utilization" in parallel.
Running report generation with 3 threads.
INFO: [Vivado 12-24828] Executing command : report_control_sets -verbose -file net_16_4_control_sets_placed.rpt
report_control_sets: Time (s): cpu = 00:00:00.05 ; elapsed = 00:00:00.07 . Memory (MB): peak = 2604.562 ; gain = 0.000 ; free physical = 14538 ; free virtual = 29200
INFO: [Vivado 12-24828] Executing command : report_utilization -file net_16_4_utilization_placed.rpt -pb net_16_4_utilization_placed.pb
INFO: [Vivado 12-24828] Executing command : report_io -file net_16_4_io_placed.rpt
report_io: Time (s): cpu = 00:00:00.07 ; elapsed = 00:00:00.13 . Memory (MB): peak = 2604.562 ; gain = 0.000 ; free physical = 14513 ; free virtual = 29176
Write ShapeDB Complete: Time (s): cpu = 00:00:00 ; elapsed = 00:00:00 . Memory (MB): peak = 2604.562 ; gain = 0.000 ; free physical = 14513 ; free virtual = 29176
Wrote PlaceDB: Time (s): cpu = 00:00:00 ; elapsed = 00:00:00 . Memory (MB): peak = 2604.562 ; gain = 0.000 ; free physical = 14513 ; free virtual = 29175
Wrote PulsedLatchDB: Time (s): cpu = 00:00:00 ; elapsed = 00:00:00 . Memory (MB): peak = 2604.562 ; gain = 0.000 ; free physical = 14513 ; free virtual = 29175
Writing XDEF routing.
Writing XDEF routing logical nets.
Writing XDEF routing special nets.
Wrote RouteStorage: Time (s): cpu = 00:00:00.03 ; elapsed = 00:00:00.03 . Memory (MB): peak = 2604.562 ; gain = 0.000 ; free physical = 14511 ; free virtual = 29173
Wrote Netlist Cache: Time (s): cpu = 00:00:00 ; elapsed = 00:00:00 . Memory (MB): peak = 2604.562 ; gain = 0.000 ; free physical = 14511 ; free virtual = 29173
Wrote Device Cache: Time (s): cpu = 00:00:00 ; elapsed = 00:00:00 . Memory (MB): peak = 2604.562 ; gain = 0.000 ; free physical = 14511 ; free virtual = 29174
Write Physdb Complete: Time (s): cpu = 00:00:00.03 ; elapsed = 00:00:00.04 . Memory (MB): peak = 2604.562 ; gain = 0.000 ; free physical = 14511 ; free virtual = 29174
INFO: [Common 17-1381] The checkpoint '/home/cesare/ASDI/1/1.2/project_1.2/project_1.2.runs/impl_1/net_16_4_placed.dcp' has been generated.
Command: phys_opt_design
Attempting to get a license for feature 'Implementation' and/or device 'xc7a100t'
INFO: [Common 17-349] Got license for feature 'Implementation' and/or device 'xc7a100t'

Starting Initial Update Timing Task

Time (s): cpu = 00:00:00.01 ; elapsed = 00:00:00.01 . Memory (MB): peak = 2604.562 ; gain = 0.000 ; free physical = 14505 ; free virtual = 29168
INFO: [Vivado_Tcl 4-235] No timing constraint found. The netlist was not modified.
INFO: [Common 17-83] Releasing license: Implementation
52 Infos, 1 Warnings, 0 Critical Warnings and 0 Errors encountered.
phys_opt_design completed successfully
Write ShapeDB Complete: Time (s): cpu = 00:00:00 ; elapsed = 00:00:00 . Memory (MB): peak = 2604.562 ; gain = 0.000 ; free physical = 14505 ; free virtual = 29168
Wrote PlaceDB: Time (s): cpu = 00:00:00 ; elapsed = 00:00:00.01 . Memory (MB): peak = 2604.562 ; gain = 0.000 ; free physical = 14505 ; free virtual = 29168
Wrote PulsedLatchDB: Time (s): cpu = 00:00:00 ; elapsed = 00:00:00 . Memory (MB): peak = 2604.562 ; gain = 0.000 ; free physical = 14505 ; free virtual = 29168
Writing XDEF routing.
Writing XDEF routing logical nets.
Writing XDEF routing special nets.
Wrote RouteStorage: Time (s): cpu = 00:00:00.01 ; elapsed = 00:00:00 . Memory (MB): peak = 2604.562 ; gain = 0.000 ; free physical = 14505 ; free virtual = 29168
Wrote Netlist Cache: Time (s): cpu = 00:00:00 ; elapsed = 00:00:00 . Memory (MB): peak = 2604.562 ; gain = 0.000 ; free physical = 14505 ; free virtual = 29168
Wrote Device Cache: Time (s): cpu = 00:00:00 ; elapsed = 00:00:00 . Memory (MB): peak = 2604.562 ; gain = 0.000 ; free physical = 14505 ; free virtual = 29168
Write Physdb Complete: Time (s): cpu = 00:00:00.01 ; elapsed = 00:00:00.01 . Memory (MB): peak = 2604.562 ; gain = 0.000 ; free physical = 14505 ; free virtual = 29168
INFO: [Common 17-1381] The checkpoint '/home/cesare/ASDI/1/1.2/project_1.2/project_1.2.runs/impl_1/net_16_4_physopt.dcp' has been generated.
Command: route_design
Attempting to get a license for feature 'Implementation' and/or device 'xc7a100t'
INFO: [Common 17-349] Got license for feature 'Implementation' and/or device 'xc7a100t'


Starting Routing Task
INFO: [Route 35-254] Multithreading enabled for route_design using a maximum of 8 CPUs

Phase 1 Build RT Design
Checksum: PlaceDB: 6dcf0c3a ConstDB: 0 ShapeSum: 1f564adc RouteDB: b1d25f96
Post Restoration Checksum: NetGraph: 6000b2f2 | NumContArr: e8279680 | Constraints: c2a8fa9d | Timing: c2a8fa9d
Phase 1 Build RT Design | Checksum: 2cd7a3eac

Time (s): cpu = 00:00:13 ; elapsed = 00:00:11 . Memory (MB): peak = 2683.516 ; gain = 78.953 ; free physical = 14192 ; free virtual = 28851

Phase 2 Router Initialization
INFO: [Route 35-64] No timing constraints were detected. The router will operate in resource-optimization mode.

Phase 2.1 Fix Topology Constraints
Phase 2.1 Fix Topology Constraints | Checksum: 2cd7a3eac

Time (s): cpu = 00:00:13 ; elapsed = 00:00:11 . Memory (MB): peak = 2716.516 ; gain = 111.953 ; free physical = 14155 ; free virtual = 28815

Phase 2.2 Pre Route Cleanup
Phase 2.2 Pre Route Cleanup | Checksum: 2cd7a3eac

Time (s): cpu = 00:00:13 ; elapsed = 00:00:11 . Memory (MB): peak = 2716.516 ; gain = 111.953 ; free physical = 14153 ; free virtual = 28813
 Number of Nodes with overlaps = 0

Router Utilization Summary
  Global Vertical Routing Utilization    = 0 %
  Global Horizontal Routing Utilization  = 0 %
  Routable Net Status*
  *Does not include unroutable nets such as driverless and loadless.
  Run report_route_status for detailed report.
  Number of Failed Nets               = 29
    (Failed Nets is the sum of unrouted and partially routed nets)
  Number of Unrouted Nets             = 29
  Number of Partially Routed Nets     = 0
  Number of Node Overlaps             = 0

Phase 2 Router Initialization | Checksum: 2a2c4cab5

Time (s): cpu = 00:00:14 ; elapsed = 00:00:11 . Memory (MB): peak = 2747.719 ; gain = 143.156 ; free physical = 14121 ; free virtual = 28785

Phase 3 Global Routing
Phase 3 Global Routing | Checksum: 2a2c4cab5

Time (s): cpu = 00:00:14 ; elapsed = 00:00:11 . Memory (MB): peak = 2747.719 ; gain = 143.156 ; free physical = 14121 ; free virtual = 28785

Phase 4 Initial Routing

Phase 4.1 Initial Net Routing Pass
Phase 4.1 Initial Net Routing Pass | Checksum: 1e5847c11

Time (s): cpu = 00:00:14 ; elapsed = 00:00:11 . Memory (MB): peak = 2747.719 ; gain = 143.156 ; free physical = 14082 ; free virtual = 28745
Phase 4 Initial Routing | Checksum: 1e5847c11

Time (s): cpu = 00:00:14 ; elapsed = 00:00:11 . Memory (MB): peak = 2747.719 ; gain = 143.156 ; free physical = 14082 ; free virtual = 28745

Phase 5 Rip-up And Reroute

Phase 5.1 Global Iteration 0
 Number of Nodes with overlaps = 0
Phase 5.1 Global Iteration 0 | Checksum: 26be3a0dd

Time (s): cpu = 00:00:14 ; elapsed = 00:00:11 . Memory (MB): peak = 2747.719 ; gain = 143.156 ; free physical = 14055 ; free virtual = 28718
Phase 5 Rip-up And Reroute | Checksum: 26be3a0dd

Time (s): cpu = 00:00:14 ; elapsed = 00:00:11 . Memory (MB): peak = 2747.719 ; gain = 143.156 ; free physical = 14055 ; free virtual = 28718

Phase 6 Delay and Skew Optimization
Phase 6 Delay and Skew Optimization | Checksum: 26be3a0dd

Time (s): cpu = 00:00:14 ; elapsed = 00:00:11 . Memory (MB): peak = 2747.719 ; gain = 143.156 ; free physical = 14055 ; free virtual = 28718

Phase 7 Post Hold Fix

Phase 7.1 Hold Fix Iter
Phase 7.1 Hold Fix Iter | Checksum: 26be3a0dd

Time (s): cpu = 00:00:14 ; elapsed = 00:00:11 . Memory (MB): peak = 2747.719 ; gain = 143.156 ; free physical = 14054 ; free virtual = 28717
Phase 7 Post Hold Fix | Checksum: 26be3a0dd

Time (s): cpu = 00:00:14 ; elapsed = 00:00:11 . Memory (MB): peak = 2747.719 ; gain = 143.156 ; free physical = 14046 ; free virtual = 28709

Phase 8 Route finalize

Router Utilization Summary
  Global Vertical Routing Utilization    = 0.00491796 %
  Global Horizontal Routing Utilization  = 0.00454675 %
  Routable Net Status*
  *Does not include unroutable nets such as driverless and loadless.
  Run report_route_status for detailed report.
  Number of Failed Nets               = 0
    (Failed Nets is the sum of unrouted and partially routed nets)
  Number of Unrouted Nets             = 0
  Number of Partially Routed Nets     = 0
  Number of Node Overlaps             = 0


--GLOBAL Congestion:
Utilization threshold used for congestion level computation: 0.85
Congestion Report
North Dir 1x1 Area, Max Cong = 5.40541%, No Congested Regions.
South Dir 1x1 Area, Max Cong = 5.40541%, No Congested Regions.
East Dir 1x1 Area, Max Cong = 10.2941%, No Congested Regions.
West Dir 1x1 Area, Max Cong = 7.35294%, No Congested Regions.

------------------------------
Reporting congestion hotspots
------------------------------
Direction: North
----------------
Congested clusters found at Level 0
Effective congestion level: 0 Aspect Ratio: 1 Sparse Ratio: 0
Direction: South
----------------
Congested clusters found at Level 0
Effective congestion level: 0 Aspect Ratio: 1 Sparse Ratio: 0
Direction: East
----------------
Congested clusters found at Level 0
Effective congestion level: 0 Aspect Ratio: 1 Sparse Ratio: 0
Direction: West
----------------
Congested clusters found at Level 0
Effective congestion level: 0 Aspect Ratio: 1 Sparse Ratio: 0

Phase 8 Route finalize | Checksum: 26be3a0dd

Time (s): cpu = 00:00:14 ; elapsed = 00:00:11 . Memory (MB): peak = 2747.719 ; gain = 143.156 ; free physical = 14037 ; free virtual = 28700

Phase 9 Verifying routed nets

 Verification completed successfully
Phase 9 Verifying routed nets | Checksum: 26be3a0dd

Time (s): cpu = 00:00:14 ; elapsed = 00:00:11 . Memory (MB): peak = 2747.719 ; gain = 143.156 ; free physical = 14037 ; free virtual = 28700

Phase 10 Depositing Routes
Phase 10 Depositing Routes | Checksum: 260f01808

Time (s): cpu = 00:00:14 ; elapsed = 00:00:11 . Memory (MB): peak = 2747.719 ; gain = 143.156 ; free physical = 14037 ; free virtual = 28700

Phase 11 Post Process Routing
Phase 11 Post Process Routing | Checksum: 260f01808

Time (s): cpu = 00:00:14 ; elapsed = 00:00:11 . Memory (MB): peak = 2747.719 ; gain = 143.156 ; free physical = 14037 ; free virtual = 28700
Total Elapsed time in route_design: 11.15 secs

Phase 12 Post-Route Event Processing
Phase 12 Post-Route Event Processing | Checksum: c0f2a1ee

Time (s): cpu = 00:00:14 ; elapsed = 00:00:11 . Memory (MB): peak = 2747.719 ; gain = 143.156 ; free physical = 14029 ; free virtual = 28692
INFO: [Route 35-16] Router Completed Successfully
Ending Routing Task | Checksum: c0f2a1ee

Time (s): cpu = 00:00:14 ; elapsed = 00:00:11 . Memory (MB): peak = 2747.719 ; gain = 143.156 ; free physical = 14029 ; free virtual = 28692

Routing Is Done.
INFO: [Common 17-83] Releasing license: Implementation
58 Infos, 1 Warnings, 0 Critical Warnings and 0 Errors encountered.
route_design completed successfully
route_design: Time (s): cpu = 00:00:14 ; elapsed = 00:00:11 . Memory (MB): peak = 2747.719 ; gain = 143.156 ; free physical = 14020 ; free virtual = 28683
INFO: [Vivado 12-24828] Executing command : report_drc -file net_16_4_drc_routed.rpt -pb net_16_4_drc_routed.pb -rpx net_16_4_drc_routed.rpx
Command: report_drc -file net_16_4_drc_routed.rpt -pb net_16_4_drc_routed.pb -rpx net_16_4_drc_routed.rpx
INFO: [IP_Flow 19-1839] IP Catalog is up to date.
INFO: [DRC 23-27] Running DRC with 8 threads
INFO: [Vivado_Tcl 2-168] The results of DRC are in file /home/cesare/ASDI/1/1.2/project_1.2/project_1.2.runs/impl_1/net_16_4_drc_routed.rpt.
report_drc completed successfully
INFO: [Vivado 12-24828] Executing command : report_methodology -file net_16_4_methodology_drc_routed.rpt -pb net_16_4_methodology_drc_routed.pb -rpx net_16_4_methodology_drc_routed.rpx
Command: report_methodology -file net_16_4_methodology_drc_routed.rpt -pb net_16_4_methodology_drc_routed.pb -rpx net_16_4_methodology_drc_routed.rpx
INFO: [Timing 38-35] Done setting XDC timing constraints.
INFO: [DRC 23-133] Running Methodology with 8 threads
INFO: [Vivado_Tcl 2-1520] The results of Report Methodology are in file /home/cesare/ASDI/1/1.2/project_1.2/project_1.2.runs/impl_1/net_16_4_methodology_drc_routed.rpt.
report_methodology completed successfully
INFO: [Vivado 12-24828] Executing command : report_timing_summary -max_paths 10 -report_unconstrained -file net_16_4_timing_summary_routed.rpt -pb net_16_4_timing_summary_routed.pb -rpx net_16_4_timing_summary_routed.rpx -warn_on_violation 
INFO: [Timing 38-35] Done setting XDC timing constraints.
INFO: [Timing 38-91] UpdateTimingParams: Speed grade: -1, Delay Type: min_max.
INFO: [Timing 38-191] Multithreading enabled for timing update using a maximum of 8 CPUs
WARNING: [Timing 38-313] There are no user specified timing constraints. Timing constraints are needed for proper timing analysis.
INFO: [Vivado 12-24838] Running report commands "report_bus_skew, report_incremental_reuse, report_route_status" in parallel.
Running report generation with 3 threads.
INFO: [Vivado 12-24828] Executing command : report_route_status -file net_16_4_route_status.rpt -pb net_16_4_route_status.pb
INFO: [Vivado 12-24828] Executing command : report_incremental_reuse -file net_16_4_incremental_reuse_routed.rpt
INFO: [Vivado_Tcl 4-1062] Incremental flow is disabled. No incremental reuse Info to report.
INFO: [Vivado 12-24828] Executing command : report_bus_skew -warn_on_violation -file net_16_4_bus_skew_routed.rpt -pb net_16_4_bus_skew_routed.pb -rpx net_16_4_bus_skew_routed.rpx
INFO: [Timing 38-91] UpdateTimingParams: Speed grade: -1, Delay Type: min_max.
INFO: [Timing 38-191] Multithreading enabled for timing update using a maximum of 8 CPUs
INFO: [Vivado 12-24828] Executing command : report_power -file net_16_4_power_routed.rpt -pb net_16_4_power_summary_routed.pb -rpx net_16_4_power_routed.rpx
Command: report_power -file net_16_4_power_routed.rpt -pb net_16_4_power_summary_routed.pb -rpx net_16_4_power_routed.rpx
WARNING: [Power 33-232] No user defined clocks were found in the design! Power estimation will be inaccurate until this is corrected.
Resolution: Please specify clocks using create_clock/create_generated_clock for sequential elements. For pure combinatorial circuits, please specify a virtual clock, otherwise the vectorless estimation might be inaccurate
Running Vector-less Activity Propagation...

Finished Running Vector-less Activity Propagation
78 Infos, 3 Warnings, 0 Critical Warnings and 0 Errors encountered.
report_power completed successfully
INFO: [Vivado 12-24828] Executing command : report_clock_utilization -file net_16_4_clock_utilization_routed.rpt
Write ShapeDB Complete: Time (s): cpu = 00:00:00 ; elapsed = 00:00:00 . Memory (MB): peak = 2882.930 ; gain = 0.000 ; free physical = 13691 ; free virtual = 28357
Wrote PlaceDB: Time (s): cpu = 00:00:00 ; elapsed = 00:00:00 . Memory (MB): peak = 2882.930 ; gain = 0.000 ; free physical = 13691 ; free virtual = 28357
Wrote PulsedLatchDB: Time (s): cpu = 00:00:00 ; elapsed = 00:00:00 . Memory (MB): peak = 2882.930 ; gain = 0.000 ; free physical = 13691 ; free virtual = 28357
Writing XDEF routing.
Writing XDEF routing logical nets.
Writing XDEF routing special nets.
Wrote RouteStorage: Time (s): cpu = 00:00:00.01 ; elapsed = 00:00:00.01 . Memory (MB): peak = 2882.930 ; gain = 0.000 ; free physical = 13691 ; free virtual = 28357
Wrote Netlist Cache: Time (s): cpu = 00:00:00 ; elapsed = 00:00:00 . Memory (MB): peak = 2882.930 ; gain = 0.000 ; free physical = 13691 ; free virtual = 28357
Wrote Device Cache: Time (s): cpu = 00:00:00 ; elapsed = 00:00:00 . Memory (MB): peak = 2882.930 ; gain = 0.000 ; free physical = 13691 ; free virtual = 28358
Write Physdb Complete: Time (s): cpu = 00:00:00.01 ; elapsed = 00:00:00.01 . Memory (MB): peak = 2882.930 ; gain = 0.000 ; free physical = 13691 ; free virtual = 28358
INFO: [Common 17-1381] The checkpoint '/home/cesare/ASDI/1/1.2/project_1.2/project_1.2.runs/impl_1/net_16_4_routed.dcp' has been generated.
INFO: [Common 17-206] Exiting Vivado at Thu Mar 20 13:53:57 2025...
