#-----------------------------------------------------------
# Vivado v2024.2 (64-bit)
# SW Build 5239630 on Fri Nov 08 22:34:34 MST 2024
# IP Build 5239520 on Sun Nov 10 16:12:51 MST 2024
# SharedData Build 5239561 on Fri Nov 08 14:39:27 MST 2024
# Start of session at: Thu Mar 20 11:48:00 2025
# Process ID         : 22525
# Current directory  : /home/cesare/ASDI/1/1.2
# Command line       : vivado .
# Log file           : /home/cesare/ASDI/1/1.2/vivado.log
# Journal file       : /home/cesare/ASDI/1/1.2/vivado.jou
# Running On         : cesare-desktop
# Platform           : Ubuntu
# Operating System   : Ubuntu 24.04.2 LTS
# Processor Detail   : AMD Ryzen 5 7600X 6-Core Processor
# CPU Frequency      : 4339.883 MHz
# CPU Physical cores : 6
# CPU Logical cores  : 12
# Host memory        : 32792 MB
# Swap memory        : 8589 MB
# Total Virtual      : 41382 MB
# Available Virtual  : 36011 MB
#-----------------------------------------------------------
start_gui
create_project project_1.2 /home/cesare/ASDI/1/1.2/project_1.2 -part xc7a100tcsg324-1
INFO: [IP_Flow 19-234] Refreshing IP repositories
INFO: [IP_Flow 19-1704] No user IP repositories specified
INFO: [IP_Flow 19-2313] Loaded Vivado IP repository '/tools/Xilinx/Vivado/2024.2/data/ip'.
set_property board_part digilentinc.com:arty-a7-100:part0:1.1 [current_project]
file mkdir /home/cesare/ASDI/1/1.2/project_1.2/project_1.2.srcs/sources_1/new
close [ open /home/cesare/ASDI/1/1.2/project_1.2/project_1.2.srcs/sources_1/new/demux_1_4.vhd w ]
add_files /home/cesare/ASDI/1/1.2/project_1.2/project_1.2.srcs/sources_1/new/demux_1_4.vhd
update_compile_order -fileset sources_1
update_compile_order -fileset sources_1
update_compile_order -fileset sources_1
update_compile_order -fileset sources_1
update_compile_order -fileset sources_1
launch_runs impl_1 -jobs 6
[Thu Mar 20 12:16:46 2025] Launched synth_1...
Run output will be captured here: /home/cesare/ASDI/1/1.2/project_1.2/project_1.2.runs/synth_1/runme.log
[Thu Mar 20 12:16:46 2025] Launched impl_1...
Run output will be captured here: /home/cesare/ASDI/1/1.2/project_1.2/project_1.2.runs/impl_1/runme.log
open_run impl_1
INFO: [Device 21-403] Loading part xc7a100tcsg324-1
Netlist sorting complete. Time (s): cpu = 00:00:00 ; elapsed = 00:00:00 . Memory (MB): peak = 8372.414 ; gain = 0.000 ; free physical = 17051 ; free virtual = 30614
INFO: [Project 1-479] Netlist was created with Vivado 2024.2
INFO: [Project 1-570] Preparing netlist for logic optimization
Read ShapeDB Complete: Time (s): cpu = 00:00:00.01 ; elapsed = 00:00:00 . Memory (MB): peak = 8413.352 ; gain = 0.000 ; free physical = 16993 ; free virtual = 30557
INFO: [Designutils 20-5722] Start Reading Physical Databases.
Reading placement.
Read Netlist Cache: Time (s): cpu = 00:00:00 ; elapsed = 00:00:00 . Memory (MB): peak = 8414.352 ; gain = 0.000 ; free physical = 16993 ; free virtual = 30557
Reading placer database...
Read Device Cache: Time (s): cpu = 00:00:00 ; elapsed = 00:00:00 . Memory (MB): peak = 8415.352 ; gain = 1.000 ; free physical = 16993 ; free virtual = 30557
Read PlaceDB: Time (s): cpu = 00:00:00 ; elapsed = 00:00:00 . Memory (MB): peak = 8416.352 ; gain = 1.000 ; free physical = 16993 ; free virtual = 30557
Read PulsedLatchDB: Time (s): cpu = 00:00:00 ; elapsed = 00:00:00 . Memory (MB): peak = 8416.352 ; gain = 0.000 ; free physical = 16993 ; free virtual = 30557
Reading routing.
Read RouteStorage: Time (s): cpu = 00:00:00.01 ; elapsed = 00:00:00 . Memory (MB): peak = 8472.379 ; gain = 56.027 ; free physical = 16993 ; free virtual = 30557
Read Physdb Files: Time (s): cpu = 00:00:00.01 ; elapsed = 00:00:00 . Memory (MB): peak = 8472.379 ; gain = 58.027 ; free physical = 16993 ; free virtual = 30557
Restored from archive | CPU: 0.010000 secs | Memory: 0.052750 MB |
Finished XDEF File Restore: Time (s): cpu = 00:00:00.01 ; elapsed = 00:00:00 . Memory (MB): peak = 8472.379 ; gain = 58.027 ; free physical = 16993 ; free virtual = 30557
Netlist sorting complete. Time (s): cpu = 00:00:00 ; elapsed = 00:00:00 . Memory (MB): peak = 8857.301 ; gain = 0.000 ; free physical = 16619 ; free virtual = 30185
INFO: [Project 1-111] Unisim Transformation Summary:
No Unisim elements were transformed.

WARNING: [Timing 38-313] There are no user specified timing constraints. Timing constraints are needed for proper timing analysis.
close_design
open_run synth_1 -name synth_1
Design is defaulting to impl run constrset: constrs_1
Design is defaulting to synth run part: xc7a100tcsg324-1
Netlist sorting complete. Time (s): cpu = 00:00:00 ; elapsed = 00:00:00 . Memory (MB): peak = 9211.992 ; gain = 0.000 ; free physical = 17713 ; free virtual = 31283
INFO: [Project 1-479] Netlist was created with Vivado 2024.2
INFO: [Project 1-570] Preparing netlist for logic optimization
INFO: [Opt 31-138] Pushed 0 inverter(s) to 0 load pin(s).
Netlist sorting complete. Time (s): cpu = 00:00:00 ; elapsed = 00:00:00 . Memory (MB): peak = 9234.109 ; gain = 0.000 ; free physical = 17690 ; free virtual = 31257
INFO: [Project 1-111] Unisim Transformation Summary:
No Unisim elements were transformed.

close_design
synth_design -rtl -rtl_skip_mlo -name rtl_1
Command: synth_design -rtl -rtl_skip_mlo -name rtl_1
Starting synth_design
Using part: xc7a100tcsg324-1
Top: demux_1_4
INFO: [Synth 8-7079] Multithreading enabled for synth_design using a maximum of 7 processes.
INFO: [Synth 8-7078] Launching helper process for spawning children vivado processes
INFO: [Synth 8-7075] Helper process launched with PID 30989
---------------------------------------------------------------------------------
Starting RTL Elaboration : Time (s): cpu = 00:00:02 ; elapsed = 00:00:02 . Memory (MB): peak = 9280.117 ; gain = 0.000 ; free physical = 17609 ; free virtual = 31177
---------------------------------------------------------------------------------
INFO: [Synth 8-638] synthesizing module 'demux_1_4' [/home/cesare/ASDI/1/1.2/project_1.2/project_1.2.srcs/sources_1/new/demux_1_4.vhd:42]
INFO: [Synth 8-256] done synthesizing module 'demux_1_4' (0#1) [/home/cesare/ASDI/1/1.2/project_1.2/project_1.2.srcs/sources_1/new/demux_1_4.vhd:42]
---------------------------------------------------------------------------------
Finished RTL Elaboration : Time (s): cpu = 00:00:03 ; elapsed = 00:00:03 . Memory (MB): peak = 9280.117 ; gain = 0.000 ; free physical = 17695 ; free virtual = 31260
---------------------------------------------------------------------------------
---------------------------------------------------------------------------------
Start Handling Custom Attributes
---------------------------------------------------------------------------------
---------------------------------------------------------------------------------
Finished Handling Custom Attributes : Time (s): cpu = 00:00:03 ; elapsed = 00:00:03 . Memory (MB): peak = 9280.117 ; gain = 0.000 ; free physical = 17687 ; free virtual = 31252
---------------------------------------------------------------------------------
---------------------------------------------------------------------------------
Finished RTL Optimization Phase 1 : Time (s): cpu = 00:00:03 ; elapsed = 00:00:03 . Memory (MB): peak = 9280.117 ; gain = 0.000 ; free physical = 17687 ; free virtual = 31252
---------------------------------------------------------------------------------
Netlist sorting complete. Time (s): cpu = 00:00:00 ; elapsed = 00:00:00 . Memory (MB): peak = 9280.117 ; gain = 0.000 ; free physical = 17687 ; free virtual = 31252
INFO: [Project 1-570] Preparing netlist for logic optimization

Processing XDC Constraints
Initializing timing engine
Completed Processing XDC Constraints

Netlist sorting complete. Time (s): cpu = 00:00:00 ; elapsed = 00:00:00 . Memory (MB): peak = 9280.117 ; gain = 0.000 ; free physical = 17726 ; free virtual = 31290
INFO: [Project 1-111] Unisim Transformation Summary:
No Unisim elements were transformed.

RTL Elaboration Complete:  : Time (s): cpu = 00:00:07 ; elapsed = 00:00:04 . Memory (MB): peak = 9290.117 ; gain = 10.000 ; free physical = 17686 ; free virtual = 31261
7 Infos, 0 Warnings, 0 Critical Warnings and 0 Errors encountered.
synth_design completed successfully
open_run synth_1 -name synth_1
Design is defaulting to impl run constrset: constrs_1
Design is defaulting to synth run part: xc7a100tcsg324-1
Netlist sorting complete. Time (s): cpu = 00:00:00 ; elapsed = 00:00:00 . Memory (MB): peak = 9290.117 ; gain = 0.000 ; free physical = 17798 ; free virtual = 31366
INFO: [Project 1-479] Netlist was created with Vivado 2024.2
INFO: [Project 1-570] Preparing netlist for logic optimization
INFO: [Opt 31-138] Pushed 0 inverter(s) to 0 load pin(s).
Netlist sorting complete. Time (s): cpu = 00:00:00 ; elapsed = 00:00:00 . Memory (MB): peak = 9290.117 ; gain = 0.000 ; free physical = 17790 ; free virtual = 31355
INFO: [Project 1-111] Unisim Transformation Summary:
No Unisim elements were transformed.

close [ open /home/cesare/ASDI/1/1.2/project_1.2/project_1.2.srcs/sources_1/new/net_16_4.vhd w ]
add_files /home/cesare/ASDI/1/1.2/project_1.2/project_1.2.srcs/sources_1/new/net_16_4.vhd
update_compile_order -fileset sources_1
WARNING: [filemgmt 56-199] Attempt to get parsing info during refresh. "On-the-fly" syntax checking information may be incorrect. [/home/cesare/ASDI/1/1.2/project_1.2/project_1.2.srcs/sources_1/new/net_16_4.vhd:]
WARNING: [filemgmt 56-199] Attempt to get parsing info during refresh. "On-the-fly" syntax checking information may be incorrect. [/home/cesare/ASDI/1/1.2/project_1.2/project_1.2.srcs/sources_1/new/demux_1_4.vhd:]
WARNING: [filemgmt 56-199] Attempt to get parsing info during refresh. "On-the-fly" syntax checking information may be incorrect. [/home/cesare/ASDI/1/1.2/project_1.2/project_1.2.srcs/sources_1/new/demux_1_4.vhd:]
WARNING: [filemgmt 56-199] Attempt to get parsing info during refresh. "On-the-fly" syntax checking information may be incorrect. [/home/cesare/ASDI/1/1.2/project_1.2/project_1.2.srcs/sources_1/new/demux_1_4.vhd:]
WARNING: [filemgmt 56-199] Attempt to get parsing info during refresh. "On-the-fly" syntax checking information may be incorrect. [/home/cesare/ASDI/1/1.2/project_1.2/project_1.2.srcs/sources_1/new/net_16_4.vhd:]
WARNING: [filemgmt 56-199] Attempt to get parsing info during refresh. "On-the-fly" syntax checking information may be incorrect. [/home/cesare/ASDI/1/1.2/project_1.2/project_1.2.srcs/sources_1/new/demux_1_4.vhd:]
WARNING: [filemgmt 56-199] Attempt to get parsing info during refresh. "On-the-fly" syntax checking information may be incorrect. [/home/cesare/ASDI/1/1.2/project_1.2/project_1.2.srcs/sources_1/new/demux_1_4.vhd:]
WARNING: [filemgmt 56-199] Attempt to get parsing info during refresh. "On-the-fly" syntax checking information may be incorrect. [/home/cesare/ASDI/1/1.2/project_1.2/project_1.2.srcs/sources_1/new/demux_1_4.vhd:]
WARNING: [filemgmt 56-199] Attempt to get parsing info during refresh. "On-the-fly" syntax checking information may be incorrect. [/home/cesare/ASDI/1/1.2/project_1.2/project_1.2.srcs/sources_1/new/net_16_4.vhd:]
WARNING: [filemgmt 56-199] Attempt to get parsing info during refresh. "On-the-fly" syntax checking information may be incorrect. [/home/cesare/ASDI/1/1.2/project_1.2/project_1.2.srcs/sources_1/new/demux_1_4.vhd:]
WARNING: [filemgmt 56-199] Attempt to get parsing info during refresh. "On-the-fly" syntax checking information may be incorrect. [/home/cesare/ASDI/1/1.2/project_1.2/project_1.2.srcs/sources_1/new/demux_1_4.vhd:]
WARNING: [filemgmt 56-199] Attempt to get parsing info during refresh. "On-the-fly" syntax checking information may be incorrect. [/home/cesare/ASDI/1/1.2/project_1.2/project_1.2.srcs/sources_1/new/demux_1_4.vhd:]
WARNING: [filemgmt 56-199] Attempt to get parsing info during refresh. "On-the-fly" syntax checking information may be incorrect. [/home/cesare/ASDI/1/1.2/project_1.2/project_1.2.srcs/sources_1/new/net_16_4.vhd:]
WARNING: [filemgmt 56-199] Attempt to get parsing info during refresh. "On-the-fly" syntax checking information may be incorrect. [/home/cesare/ASDI/1/1.2/project_1.2/project_1.2.srcs/sources_1/new/demux_1_4.vhd:]
WARNING: [filemgmt 56-199] Attempt to get parsing info during refresh. "On-the-fly" syntax checking information may be incorrect. [/home/cesare/ASDI/1/1.2/project_1.2/project_1.2.srcs/sources_1/new/demux_1_4.vhd:]
WARNING: [filemgmt 56-199] Attempt to get parsing info during refresh. "On-the-fly" syntax checking information may be incorrect. [/home/cesare/ASDI/1/1.2/project_1.2/project_1.2.srcs/sources_1/new/demux_1_4.vhd:]
WARNING: [filemgmt 56-199] Attempt to get parsing info during refresh. "On-the-fly" syntax checking information may be incorrect. [/home/cesare/ASDI/1/1.2/project_1.2/project_1.2.srcs/sources_1/new/net_16_4.vhd:]
WARNING: [filemgmt 56-199] Attempt to get parsing info during refresh. "On-the-fly" syntax checking information may be incorrect. [/home/cesare/ASDI/1/1.2/project_1.2/project_1.2.srcs/sources_1/new/demux_1_4.vhd:]
WARNING: [filemgmt 56-199] Attempt to get parsing info during refresh. "On-the-fly" syntax checking information may be incorrect. [/home/cesare/ASDI/1/1.2/project_1.2/project_1.2.srcs/sources_1/new/net_16_4.vhd:]
WARNING: [filemgmt 56-199] Attempt to get parsing info during refresh. "On-the-fly" syntax checking information may be incorrect. [/home/cesare/ASDI/1/1.2/project_1.2/project_1.2.srcs/sources_1/new/net_16_4.vhd:]
WARNING: [filemgmt 56-199] Attempt to get parsing info during refresh. "On-the-fly" syntax checking information may be incorrect. [/home/cesare/ASDI/1/1.2/project_1.2/project_1.2.srcs/sources_1/new/net_16_4.vhd:]
WARNING: [filemgmt 56-199] Attempt to get parsing info during refresh. "On-the-fly" syntax checking information may be incorrect. [/home/cesare/ASDI/1/1.2/project_1.2/project_1.2.srcs/sources_1/new/demux_1_4.vhd:]
WARNING: [filemgmt 56-199] Attempt to get parsing info during refresh. "On-the-fly" syntax checking information may be incorrect. [/home/cesare/ASDI/1/1.2/project_1.2/project_1.2.srcs/sources_1/new/demux_1_4.vhd:]
WARNING: [filemgmt 56-199] Attempt to get parsing info during refresh. "On-the-fly" syntax checking information may be incorrect. [/home/cesare/ASDI/1/1.2/project_1.2/project_1.2.srcs/sources_1/new/demux_1_4.vhd:]
WARNING: [filemgmt 56-199] Attempt to get parsing info during refresh. "On-the-fly" syntax checking information may be incorrect. [/home/cesare/ASDI/1/1.2/project_1.2/project_1.2.srcs/sources_1/new/net_16_4.vhd:]
WARNING: [filemgmt 56-199] Attempt to get parsing info during refresh. "On-the-fly" syntax checking information may be incorrect. [/home/cesare/ASDI/1/1.2/project_1.2/project_1.2.srcs/sources_1/new/demux_1_4.vhd:]
WARNING: [filemgmt 56-199] Attempt to get parsing info during refresh. "On-the-fly" syntax checking information may be incorrect. [/home/cesare/ASDI/1/1.2/project_1.2/project_1.2.srcs/sources_1/new/net_16_4.vhd:]
WARNING: [filemgmt 56-199] Attempt to get parsing info during refresh. "On-the-fly" syntax checking information may be incorrect. [/home/cesare/ASDI/1/1.2/project_1.2/project_1.2.srcs/sources_1/new/net_16_4.vhd:]
WARNING: [filemgmt 56-199] Attempt to get parsing info during refresh. "On-the-fly" syntax checking information may be incorrect. [/home/cesare/ASDI/1/1.2/project_1.2/project_1.2.srcs/sources_1/new/net_16_4.vhd:]
WARNING: [filemgmt 56-199] Attempt to get parsing info during refresh. "On-the-fly" syntax checking information may be incorrect. [/home/cesare/ASDI/1/1.2/project_1.2/project_1.2.srcs/sources_1/new/demux_1_4.vhd:]
WARNING: [filemgmt 56-199] Attempt to get parsing info during refresh. "On-the-fly" syntax checking information may be incorrect. [/home/cesare/ASDI/1/1.2/project_1.2/project_1.2.srcs/sources_1/new/demux_1_4.vhd:]
WARNING: [filemgmt 56-199] Attempt to get parsing info during refresh. "On-the-fly" syntax checking information may be incorrect. [/home/cesare/ASDI/1/1.2/project_1.2/project_1.2.srcs/sources_1/new/demux_1_4.vhd:]
WARNING: [filemgmt 56-199] Attempt to get parsing info during refresh. "On-the-fly" syntax checking information may be incorrect. [/home/cesare/ASDI/1/1.2/project_1.2/project_1.2.srcs/sources_1/new/net_16_4.vhd:]
WARNING: [filemgmt 56-199] Attempt to get parsing info during refresh. "On-the-fly" syntax checking information may be incorrect. [/home/cesare/ASDI/1/1.2/project_1.2/project_1.2.srcs/sources_1/new/demux_1_4.vhd:]
WARNING: [filemgmt 56-199] Attempt to get parsing info during refresh. "On-the-fly" syntax checking information may be incorrect. [/home/cesare/ASDI/1/1.2/project_1.2/project_1.2.srcs/sources_1/new/net_16_4.vhd:]
WARNING: [filemgmt 56-199] Attempt to get parsing info during refresh. "On-the-fly" syntax checking information may be incorrect. [/home/cesare/ASDI/1/1.2/project_1.2/project_1.2.srcs/sources_1/new/net_16_4.vhd:]
WARNING: [filemgmt 56-199] Attempt to get parsing info during refresh. "On-the-fly" syntax checking information may be incorrect. [/home/cesare/ASDI/1/1.2/project_1.2/project_1.2.srcs/sources_1/new/net_16_4.vhd:]
WARNING: [filemgmt 56-199] Attempt to get parsing info during refresh. "On-the-fly" syntax checking information may be incorrect. [/home/cesare/ASDI/1/1.2/project_1.2/project_1.2.srcs/sources_1/new/demux_1_4.vhd:]
WARNING: [filemgmt 56-199] Attempt to get parsing info during refresh. "On-the-fly" syntax checking information may be incorrect. [/home/cesare/ASDI/1/1.2/project_1.2/project_1.2.srcs/sources_1/new/net_16_4.vhd:]
WARNING: [filemgmt 56-199] Attempt to get parsing info during refresh. "On-the-fly" syntax checking information may be incorrect. [/home/cesare/ASDI/1/1.2/project_1.2/project_1.2.srcs/sources_1/new/net_16_4.vhd:]
WARNING: [filemgmt 56-199] Attempt to get parsing info during refresh. "On-the-fly" syntax checking information may be incorrect. [/home/cesare/ASDI/1/1.2/project_1.2/project_1.2.srcs/sources_1/new/net_16_4.vhd:]
WARNING: [filemgmt 56-199] Attempt to get parsing info during refresh. "On-the-fly" syntax checking information may be incorrect. [/home/cesare/ASDI/1/1.2/project_1.2/project_1.2.srcs/sources_1/new/demux_1_4.vhd:]
WARNING: [filemgmt 56-199] Attempt to get parsing info during refresh. "On-the-fly" syntax checking information may be incorrect. [/home/cesare/ASDI/1/1.2/project_1.2/project_1.2.srcs/sources_1/new/demux_1_4.vhd:]
WARNING: [filemgmt 56-199] Attempt to get parsing info during refresh. "On-the-fly" syntax checking information may be incorrect. [/home/cesare/ASDI/1/1.2/project_1.2/project_1.2.srcs/sources_1/new/demux_1_4.vhd:]
WARNING: [filemgmt 56-199] Attempt to get parsing info during refresh. "On-the-fly" syntax checking information may be incorrect. [/home/cesare/ASDI/1/1.2/project_1.2/project_1.2.srcs/sources_1/new/net_16_4.vhd:]
WARNING: [filemgmt 56-199] Attempt to get parsing info during refresh. "On-the-fly" syntax checking information may be incorrect. [/home/cesare/ASDI/1/1.2/project_1.2/project_1.2.srcs/sources_1/new/demux_1_4.vhd:]
WARNING: [filemgmt 56-199] Attempt to get parsing info during refresh. "On-the-fly" syntax checking information may be incorrect. [/home/cesare/ASDI/1/1.2/project_1.2/project_1.2.srcs/sources_1/new/demux_1_4.vhd:]
WARNING: [filemgmt 56-199] Attempt to get parsing info during refresh. "On-the-fly" syntax checking information may be incorrect. [/home/cesare/ASDI/1/1.2/project_1.2/project_1.2.srcs/sources_1/new/demux_1_4.vhd:]
WARNING: [filemgmt 56-199] Attempt to get parsing info during refresh. "On-the-fly" syntax checking information may be incorrect. [/home/cesare/ASDI/1/1.2/project_1.2/project_1.2.srcs/sources_1/new/net_16_4.vhd:]
WARNING: [filemgmt 56-199] Attempt to get parsing info during refresh. "On-the-fly" syntax checking information may be incorrect. [/home/cesare/ASDI/1/1.2/project_1.2/project_1.2.srcs/sources_1/new/demux_1_4.vhd:]
WARNING: [filemgmt 56-199] Attempt to get parsing info during refresh. "On-the-fly" syntax checking information may be incorrect. [/home/cesare/ASDI/1/1.2/project_1.2/project_1.2.srcs/sources_1/new/net_16_4.vhd:]
WARNING: [filemgmt 56-199] Attempt to get parsing info during refresh. "On-the-fly" syntax checking information may be incorrect. [/home/cesare/ASDI/1/1.2/project_1.2/project_1.2.srcs/sources_1/new/net_16_4.vhd:]
update_compile_order -fileset sources_1
WARNING: [filemgmt 56-199] Attempt to get parsing info during refresh. "On-the-fly" syntax checking information may be incorrect. [/home/cesare/ASDI/1/1.2/project_1.2/project_1.2.srcs/sources_1/new/net_16_4.vhd:]
WARNING: [filemgmt 56-199] Attempt to get parsing info during refresh. "On-the-fly" syntax checking information may be incorrect. [/home/cesare/ASDI/1/1.2/project_1.2/project_1.2.srcs/sources_1/new/demux_1_4.vhd:]
WARNING: [filemgmt 56-199] Attempt to get parsing info during refresh. "On-the-fly" syntax checking information may be incorrect. [/home/cesare/ASDI/1/1.2/project_1.2/project_1.2.srcs/sources_1/new/net_16_4.vhd:]
WARNING: [filemgmt 56-199] Attempt to get parsing info during refresh. "On-the-fly" syntax checking information may be incorrect. [/home/cesare/ASDI/1/1.2/project_1.2/project_1.2.srcs/sources_1/new/net_16_4.vhd:]
WARNING: [filemgmt 56-199] Attempt to get parsing info during refresh. "On-the-fly" syntax checking information may be incorrect. [/home/cesare/ASDI/1/1.2/project_1.2/project_1.2.srcs/sources_1/new/net_16_4.vhd:]
WARNING: [filemgmt 56-199] Attempt to get parsing info during refresh. "On-the-fly" syntax checking information may be incorrect. [/home/cesare/ASDI/1/1.2/project_1.2/project_1.2.srcs/sources_1/new/demux_1_4.vhd:]
WARNING: [filemgmt 56-199] Attempt to get parsing info during refresh. "On-the-fly" syntax checking information may be incorrect. [/home/cesare/ASDI/1/1.2/project_1.2/project_1.2.srcs/sources_1/new/demux_1_4.vhd:]
WARNING: [filemgmt 56-199] Attempt to get parsing info during refresh. "On-the-fly" syntax checking information may be incorrect. [/home/cesare/ASDI/1/1.2/project_1.2/project_1.2.srcs/sources_1/new/demux_1_4.vhd:]
WARNING: [filemgmt 56-199] Attempt to get parsing info during refresh. "On-the-fly" syntax checking information may be incorrect. [/home/cesare/ASDI/1/1.2/project_1.2/project_1.2.srcs/sources_1/new/net_16_4.vhd:]
WARNING: [filemgmt 56-199] Attempt to get parsing info during refresh. "On-the-fly" syntax checking information may be incorrect. [/home/cesare/ASDI/1/1.2/project_1.2/project_1.2.srcs/sources_1/new/demux_1_4.vhd:]
WARNING: [filemgmt 56-199] Attempt to get parsing info during refresh. "On-the-fly" syntax checking information may be incorrect. [/home/cesare/ASDI/1/1.2/project_1.2/project_1.2.srcs/sources_1/new/demux_1_4.vhd:]
WARNING: [filemgmt 56-199] Attempt to get parsing info during refresh. "On-the-fly" syntax checking information may be incorrect. [/home/cesare/ASDI/1/1.2/project_1.2/project_1.2.srcs/sources_1/new/demux_1_4.vhd:]
update_compile_order -fileset sources_1
WARNING: [filemgmt 56-199] Attempt to get parsing info during refresh. "On-the-fly" syntax checking information may be incorrect. [/home/cesare/ASDI/1/1.2/project_1.2/project_1.2.srcs/sources_1/new/net_16_4.vhd:]
WARNING: [filemgmt 56-199] Attempt to get parsing info during refresh. "On-the-fly" syntax checking information may be incorrect. [/home/cesare/ASDI/1/1.2/project_1.2/project_1.2.srcs/sources_1/new/demux_1_4.vhd:]
WARNING: [filemgmt 56-199] Attempt to get parsing info during refresh. "On-the-fly" syntax checking information may be incorrect. [/home/cesare/ASDI/1/1.2/project_1.2/project_1.2.srcs/sources_1/new/net_16_4.vhd:]
WARNING: [filemgmt 56-199] Attempt to get parsing info during refresh. "On-the-fly" syntax checking information may be incorrect. [/home/cesare/ASDI/1/1.2/project_1.2/project_1.2.srcs/sources_1/new/net_16_4.vhd:]
WARNING: [filemgmt 56-199] Attempt to get parsing info during refresh. "On-the-fly" syntax checking information may be incorrect. [/home/cesare/ASDI/1/1.2/project_1.2/project_1.2.srcs/sources_1/new/net_16_4.vhd:]
WARNING: [filemgmt 56-199] Attempt to get parsing info during refresh. "On-the-fly" syntax checking information may be incorrect. [/home/cesare/ASDI/1/1.2/project_1.2/project_1.2.srcs/sources_1/new/demux_1_4.vhd:]
WARNING: [filemgmt 56-199] Attempt to get parsing info during refresh. "On-the-fly" syntax checking information may be incorrect. [/home/cesare/ASDI/1/1.2/project_1.2/project_1.2.srcs/sources_1/new/net_16_4.vhd:]
WARNING: [filemgmt 56-199] Attempt to get parsing info during refresh. "On-the-fly" syntax checking information may be incorrect. [/home/cesare/ASDI/1/1.2/project_1.2/project_1.2.srcs/sources_1/new/net_16_4.vhd:]
WARNING: [filemgmt 56-199] Attempt to get parsing info during refresh. "On-the-fly" syntax checking information may be incorrect. [/home/cesare/ASDI/1/1.2/project_1.2/project_1.2.srcs/sources_1/new/net_16_4.vhd:]
WARNING: [filemgmt 56-199] Attempt to get parsing info during refresh. "On-the-fly" syntax checking information may be incorrect. [/home/cesare/ASDI/1/1.2/project_1.2/project_1.2.srcs/sources_1/new/demux_1_4.vhd:]
WARNING: [filemgmt 56-199] Attempt to get parsing info during refresh. "On-the-fly" syntax checking information may be incorrect. [/home/cesare/ASDI/1/1.2/project_1.2/project_1.2.srcs/sources_1/new/demux_1_4.vhd:]
WARNING: [filemgmt 56-199] Attempt to get parsing info during refresh. "On-the-fly" syntax checking information may be incorrect. [/home/cesare/ASDI/1/1.2/project_1.2/project_1.2.srcs/sources_1/new/demux_1_4.vhd:]
WARNING: [filemgmt 56-199] Attempt to get parsing info during refresh. "On-the-fly" syntax checking information may be incorrect. [/home/cesare/ASDI/1/1.2/project_1.2/project_1.2.srcs/sources_1/new/net_16_4.vhd:]
WARNING: [filemgmt 56-199] Attempt to get parsing info during refresh. "On-the-fly" syntax checking information may be incorrect. [/home/cesare/ASDI/1/1.2/project_1.2/project_1.2.srcs/sources_1/new/demux_1_4.vhd:]
WARNING: [filemgmt 56-199] Attempt to get parsing info during refresh. "On-the-fly" syntax checking information may be incorrect. [/home/cesare/ASDI/1/1.2/project_1.2/project_1.2.srcs/sources_1/new/demux_1_4.vhd:]
WARNING: [filemgmt 56-199] Attempt to get parsing info during refresh. "On-the-fly" syntax checking information may be incorrect. [/home/cesare/ASDI/1/1.2/project_1.2/project_1.2.srcs/sources_1/new/demux_1_4.vhd:]
reset_run synth_1
INFO: [Project 1-1160] Copying file /home/cesare/ASDI/1/1.2/project_1.2/project_1.2.runs/synth_1/demux_1_4.dcp to /home/cesare/ASDI/1/1.2/project_1.2/project_1.2.srcs/utils_1/imports/synth_1 and adding it to utils fileset
WARNING: [filemgmt 56-199] Attempt to get parsing info during refresh. "On-the-fly" syntax checking information may be incorrect. [/home/cesare/ASDI/1/1.2/project_1.2/project_1.2.srcs/sources_1/new/net_16_4.vhd:]
WARNING: [filemgmt 56-199] Attempt to get parsing info during refresh. "On-the-fly" syntax checking information may be incorrect. [/home/cesare/ASDI/1/1.2/project_1.2/project_1.2.srcs/sources_1/new/demux_1_4.vhd:]
WARNING: [filemgmt 56-199] Attempt to get parsing info during refresh. "On-the-fly" syntax checking information may be incorrect. [/home/cesare/ASDI/1/1.2/project_1.2/project_1.2.srcs/sources_1/new/demux_1_4.vhd:]
WARNING: [filemgmt 56-199] Attempt to get parsing info during refresh. "On-the-fly" syntax checking information may be incorrect. [/home/cesare/ASDI/1/1.2/project_1.2/project_1.2.srcs/sources_1/new/demux_1_4.vhd:]
launch_runs impl_1 -jobs 6
WARNING: [Project 1-478] Design 'synth_1' is stale and will not be used when launching 'impl_1'
[Thu Mar 20 12:40:15 2025] Launched synth_1...
Run output will be captured here: /home/cesare/ASDI/1/1.2/project_1.2/project_1.2.runs/synth_1/runme.log
[Thu Mar 20 12:40:15 2025] Launched impl_1...
Run output will be captured here: /home/cesare/ASDI/1/1.2/project_1.2/project_1.2.runs/impl_1/runme.log
WARNING: [filemgmt 56-199] Attempt to get parsing info during refresh. "On-the-fly" syntax checking information may be incorrect. [/home/cesare/ASDI/1/1.2/project_1.2/project_1.2.srcs/sources_1/new/net_16_4.vhd:]
WARNING: [filemgmt 56-199] Attempt to get parsing info during refresh. "On-the-fly" syntax checking information may be incorrect. [/home/cesare/ASDI/1/1.2/project_1.2/project_1.2.srcs/sources_1/new/demux_1_4.vhd:]
WARNING: [filemgmt 56-199] Attempt to get parsing info during refresh. "On-the-fly" syntax checking information may be incorrect. [/home/cesare/ASDI/1/1.2/project_1.2/project_1.2.srcs/sources_1/new/net_16_4.vhd:]
WARNING: [filemgmt 56-199] Attempt to get parsing info during refresh. "On-the-fly" syntax checking information may be incorrect. [/home/cesare/ASDI/1/1.2/project_1.2/project_1.2.srcs/sources_1/new/net_16_4.vhd:]
WARNING: [filemgmt 56-199] Attempt to get parsing info during refresh. "On-the-fly" syntax checking information may be incorrect. [/home/cesare/ASDI/1/1.2/project_1.2/project_1.2.srcs/sources_1/new/net_16_4.vhd:]
WARNING: [filemgmt 56-199] Attempt to get parsing info during refresh. "On-the-fly" syntax checking information may be incorrect. [/home/cesare/ASDI/1/1.2/project_1.2/project_1.2.srcs/sources_1/new/demux_1_4.vhd:]
WARNING: [filemgmt 56-199] Attempt to get parsing info during refresh. "On-the-fly" syntax checking information may be incorrect. [/home/cesare/ASDI/1/1.2/project_1.2/project_1.2.srcs/sources_1/new/demux_1_4.vhd:]
WARNING: [filemgmt 56-199] Attempt to get parsing info during refresh. "On-the-fly" syntax checking information may be incorrect. [/home/cesare/ASDI/1/1.2/project_1.2/project_1.2.srcs/sources_1/new/demux_1_4.vhd:]
WARNING: [filemgmt 56-199] Attempt to get parsing info during refresh. "On-the-fly" syntax checking information may be incorrect. [/home/cesare/ASDI/1/1.2/project_1.2/project_1.2.srcs/sources_1/new/net_16_4.vhd:]
WARNING: [filemgmt 56-199] Attempt to get parsing info during refresh. "On-the-fly" syntax checking information may be incorrect. [/home/cesare/ASDI/1/1.2/project_1.2/project_1.2.srcs/sources_1/new/demux_1_4.vhd:]
WARNING: [filemgmt 56-199] Attempt to get parsing info during refresh. "On-the-fly" syntax checking information may be incorrect. [/home/cesare/ASDI/1/1.2/project_1.2/project_1.2.srcs/sources_1/new/net_16_4.vhd:]
WARNING: [filemgmt 56-199] Attempt to get parsing info during refresh. "On-the-fly" syntax checking information may be incorrect. [/home/cesare/ASDI/1/1.2/project_1.2/project_1.2.srcs/sources_1/new/net_16_4.vhd:]
reset_run synth_1
launch_runs impl_1 -jobs 6
WARNING: [Project 1-478] Design 'synth_1' is stale and will not be used when launching 'impl_1'
[Thu Mar 20 12:41:57 2025] Launched synth_1...
Run output will be captured here: /home/cesare/ASDI/1/1.2/project_1.2/project_1.2.runs/synth_1/runme.log
[Thu Mar 20 12:41:57 2025] Launched impl_1...
Run output will be captured here: /home/cesare/ASDI/1/1.2/project_1.2/project_1.2.runs/impl_1/runme.log
add_files {/home/cesare/ASDI/1/1.1/mux_16_1/mux_16_1.srcs/sources_1.1/new/mux_16_1.vhd /home/cesare/ASDI/1/1.1/mux_16_1/mux_16_1.srcs/sources_1.1/new/mux_16_1_tb.vhd /home/cesare/ASDI/1/1.1/mux_16_1/mux_16_1.srcs/utils_1/imports/synth_1/mux_16_1.dcp /home/cesare/ASDI/1/1.1/mux_16_1/mux4_1.runs/synth_1/mux_16_1_tb.dcp /home/cesare/ASDI/1/1.1/mux_16_1/mux_16_1.srcs/sources_1.1/new/mux_4_1.vhd}
update_compile_order -fileset sources_1
WARNING: [filemgmt 56-199] Attempt to get parsing info during refresh. "On-the-fly" syntax checking information may be incorrect. [/home/cesare/ASDI/1/1.2/project_1.2/project_1.2.srcs/sources_1/new/net_16_4.vhd:]
WARNING: [filemgmt 56-199] Attempt to get parsing info during refresh. "On-the-fly" syntax checking information may be incorrect. [/home/cesare/ASDI/1/1.2/project_1.2/project_1.2.srcs/sources_1/new/demux_1_4.vhd:]
WARNING: [filemgmt 56-199] Attempt to get parsing info during refresh. "On-the-fly" syntax checking information may be incorrect. [/home/cesare/ASDI/1/1.2/project_1.2/project_1.2.srcs/sources_1/new/net_16_4.vhd:]
WARNING: [filemgmt 56-199] Attempt to get parsing info during refresh. "On-the-fly" syntax checking information may be incorrect. [/home/cesare/ASDI/1/1.2/project_1.2/project_1.2.srcs/sources_1/new/net_16_4.vhd:]
reset_run impl_1
launch_runs impl_1 -jobs 6
WARNING: [Project 1-478] Design 'synth_1' is stale and will not be used when launching 'impl_1'
[Thu Mar 20 12:43:32 2025] Launched impl_1...
Run output will be captured here: /home/cesare/ASDI/1/1.2/project_1.2/project_1.2.runs/impl_1/runme.log
remove_files  {/home/cesare/ASDI/1/1.1/mux_16_1/mux_16_1.srcs/sources_1.1/new/mux_4_1.vhd /home/cesare/ASDI/1/1.1/mux_16_1/mux_16_1.srcs/sources_1.1/new/mux_16_1_tb.vhd /home/cesare/ASDI/1/1.1/mux_16_1/mux4_1.runs/synth_1/mux_16_1_tb.dcp}
remove_files  /home/cesare/ASDI/1/1.1/mux_16_1/mux_16_1.srcs/utils_1/imports/synth_1/mux_16_1.dcp
add_files -norecurse /home/cesare/ASDI/1/1.1/mux_16_1/mux_16_1.srcs/sources_1.1/new/mux_16_1.vhd
WARNING: [filemgmt 56-12] File '/home/cesare/ASDI/1/1.1/mux_16_1/mux_16_1.srcs/sources_1.1/new/mux_16_1.vhd' cannot be added to the project because it already exists in the project, skipping this file
refresh_design
Netlist sorting complete. Time (s): cpu = 00:00:00 ; elapsed = 00:00:00 . Memory (MB): peak = 10296.406 ; gain = 0.000 ; free physical = 16988 ; free virtual = 31000
INFO: [Project 1-479] Netlist was created with Vivado 2024.2
INFO: [Project 1-570] Preparing netlist for logic optimization
INFO: [Opt 31-138] Pushed 0 inverter(s) to 0 load pin(s).
CRITICAL WARNING: [Project 1-486] Could not resolve non-primitive black box cell 'mux_16_1' instantiated as 'mux0' [/home/cesare/ASDI/1/1.2/project_1.2/project_1.2.srcs/sources_1/new/net_16_4.vhd:65]
reset_run impl_1
launch_runs impl_1 -jobs 6
Write ShapeDB Complete: Time (s): cpu = 00:00:00.01 ; elapsed = 00:00:00 . Memory (MB): peak = 10324.289 ; gain = 0.000 ; free physical = 17238 ; free virtual = 31249
[Thu Mar 20 12:48:09 2025] Launched impl_1...
Run output will be captured here: /home/cesare/ASDI/1/1.2/project_1.2/project_1.2.runs/impl_1/runme.log
add_files -norecurse /home/cesare/ASDI/1/1.1/mux_16_1/mux_16_1.srcs/sources_1.1/new/mux_4_1.vhd
WARNING: [filemgmt 56-199] Attempt to get parsing info during refresh. "On-the-fly" syntax checking information may be incorrect. [/home/cesare/ASDI/1/1.2/project_1.2/project_1.2.srcs/sources_1/new/net_16_4.vhd:]
WARNING: [filemgmt 56-199] Attempt to get parsing info during refresh. "On-the-fly" syntax checking information may be incorrect. [/home/cesare/ASDI/1/1.2/project_1.2/project_1.2.srcs/sources_1/new/demux_1_4.vhd:]
WARNING: [filemgmt 56-199] Attempt to get parsing info during refresh. "On-the-fly" syntax checking information may be incorrect. [/home/cesare/ASDI/1/1.2/project_1.2/project_1.2.srcs/sources_1/new/net_16_4.vhd:]
WARNING: [filemgmt 56-199] Attempt to get parsing info during refresh. "On-the-fly" syntax checking information may be incorrect. [/home/cesare/ASDI/1/1.2/project_1.2/project_1.2.srcs/sources_1/new/net_16_4.vhd:]
update_compile_order -fileset sources_1
WARNING: [filemgmt 56-199] Attempt to get parsing info during refresh. "On-the-fly" syntax checking information may be incorrect. [/home/cesare/ASDI/1/1.2/project_1.2/project_1.2.srcs/sources_1/new/net_16_4.vhd:]
WARNING: [filemgmt 56-199] Attempt to get parsing info during refresh. "On-the-fly" syntax checking information may be incorrect. [/home/cesare/ASDI/1/1.2/project_1.2/project_1.2.srcs/sources_1/new/demux_1_4.vhd:]
WARNING: [filemgmt 56-199] Attempt to get parsing info during refresh. "On-the-fly" syntax checking information may be incorrect. [/home/cesare/ASDI/1/1.2/project_1.2/project_1.2.srcs/sources_1/new/net_16_4.vhd:]
WARNING: [filemgmt 56-199] Attempt to get parsing info during refresh. "On-the-fly" syntax checking information may be incorrect. [/home/cesare/ASDI/1/1.2/project_1.2/project_1.2.srcs/sources_1/new/net_16_4.vhd:]
reset_run synth_1
INFO: [Project 1-1161] Replacing file /home/cesare/ASDI/1/1.2/project_1.2/project_1.2.srcs/utils_1/imports/synth_1/demux_1_4.dcp with file /home/cesare/ASDI/1/1.2/project_1.2/project_1.2.runs/synth_1/net_16_4.dcp
launch_runs impl_1 -jobs 6
WARNING: [Project 1-478] Design 'synth_1' is stale and will not be used when launching 'impl_1'
[Thu Mar 20 12:48:45 2025] Launched synth_1...
Run output will be captured here: /home/cesare/ASDI/1/1.2/project_1.2/project_1.2.runs/synth_1/runme.log
[Thu Mar 20 12:48:45 2025] Launched impl_1...
Run output will be captured here: /home/cesare/ASDI/1/1.2/project_1.2/project_1.2.runs/impl_1/runme.log
WARNING: [filemgmt 56-199] Attempt to get parsing info during refresh. "On-the-fly" syntax checking information may be incorrect. [/home/cesare/ASDI/1/1.2/project_1.2/project_1.2.srcs/sources_1/new/net_16_4.vhd:]
WARNING: [filemgmt 56-199] Attempt to get parsing info during refresh. "On-the-fly" syntax checking information may be incorrect. [/home/cesare/ASDI/1/1.2/project_1.2/project_1.2.srcs/sources_1/new/demux_1_4.vhd:]
WARNING: [filemgmt 56-199] Attempt to get parsing info during refresh. "On-the-fly" syntax checking information may be incorrect. [/home/cesare/ASDI/1/1.2/project_1.2/project_1.2.srcs/sources_1/new/demux_1_4.vhd:]
WARNING: [filemgmt 56-199] Attempt to get parsing info during refresh. "On-the-fly" syntax checking information may be incorrect. [/home/cesare/ASDI/1/1.2/project_1.2/project_1.2.srcs/sources_1/new/demux_1_4.vhd:]
close_design
open_run impl_1
Netlist sorting complete. Time (s): cpu = 00:00:00 ; elapsed = 00:00:00 . Memory (MB): peak = 10346.289 ; gain = 0.000 ; free physical = 15087 ; free virtual = 29122
INFO: [Netlist 29-17] Analyzing 3 Unisim elements for replacement
INFO: [Netlist 29-28] Unisim Transformation completed in 0 CPU seconds
INFO: [Project 1-479] Netlist was created with Vivado 2024.2
INFO: [Project 1-570] Preparing netlist for logic optimization
Read ShapeDB Complete: Time (s): cpu = 00:00:00 ; elapsed = 00:00:00 . Memory (MB): peak = 10346.289 ; gain = 0.000 ; free physical = 15078 ; free virtual = 29113
INFO: [Designutils 20-5722] Start Reading Physical Databases.
Reading placement.
Read Netlist Cache: Time (s): cpu = 00:00:00 ; elapsed = 00:00:00 . Memory (MB): peak = 10346.289 ; gain = 0.000 ; free physical = 15078 ; free virtual = 29113
Reading placer database...
Read Device Cache: Time (s): cpu = 00:00:00.01 ; elapsed = 00:00:00 . Memory (MB): peak = 10346.289 ; gain = 0.000 ; free physical = 15078 ; free virtual = 29113
Read PlaceDB: Time (s): cpu = 00:00:00 ; elapsed = 00:00:00 . Memory (MB): peak = 10346.289 ; gain = 0.000 ; free physical = 15078 ; free virtual = 29113
Read PulsedLatchDB: Time (s): cpu = 00:00:00 ; elapsed = 00:00:00 . Memory (MB): peak = 10346.289 ; gain = 0.000 ; free physical = 15078 ; free virtual = 29113
Reading routing.
Read RouteStorage: Time (s): cpu = 00:00:00 ; elapsed = 00:00:00.01 . Memory (MB): peak = 10346.289 ; gain = 0.000 ; free physical = 15078 ; free virtual = 29113
Read Physdb Files: Time (s): cpu = 00:00:00.01 ; elapsed = 00:00:00.01 . Memory (MB): peak = 10346.289 ; gain = 0.000 ; free physical = 15078 ; free virtual = 29113
Restored from archive | CPU: 0.010000 secs | Memory: 0.052734 MB |
Finished XDEF File Restore: Time (s): cpu = 00:00:00.01 ; elapsed = 00:00:00.01 . Memory (MB): peak = 10346.289 ; gain = 0.000 ; free physical = 15078 ; free virtual = 29113
Netlist sorting complete. Time (s): cpu = 00:00:00 ; elapsed = 00:00:00 . Memory (MB): peak = 10346.289 ; gain = 0.000 ; free physical = 15078 ; free virtual = 29113
INFO: [Project 1-111] Unisim Transformation Summary:
No Unisim elements were transformed.

WARNING: [Timing 38-313] There are no user specified timing constraints. Timing constraints are needed for proper timing analysis.
open_run synth_1 -name synth_1
Design is defaulting to impl run constrset: constrs_1
Design is defaulting to synth run part: xc7a100tcsg324-1
Netlist sorting complete. Time (s): cpu = 00:00:00 ; elapsed = 00:00:00 . Memory (MB): peak = 10365.266 ; gain = 0.000 ; free physical = 16679 ; free virtual = 30709
INFO: [Netlist 29-17] Analyzing 3 Unisim elements for replacement
INFO: [Netlist 29-28] Unisim Transformation completed in 0 CPU seconds
INFO: [Project 1-479] Netlist was created with Vivado 2024.2
INFO: [Project 1-570] Preparing netlist for logic optimization
INFO: [Opt 31-138] Pushed 0 inverter(s) to 0 load pin(s).
Netlist sorting complete. Time (s): cpu = 00:00:00 ; elapsed = 00:00:00 . Memory (MB): peak = 10399.141 ; gain = 0.000 ; free physical = 16672 ; free virtual = 30702
INFO: [Project 1-111] Unisim Transformation Summary:
No Unisim elements were transformed.

current_design rtl_1
refresh_design
INFO: [Synth 8-7079] Multithreading enabled for synth_design using a maximum of 7 processes.
---------------------------------------------------------------------------------
Starting RTL Elaboration : Time (s): cpu = 00:00:02 ; elapsed = 00:00:02 . Memory (MB): peak = 10564.086 ; gain = 96.383 ; free physical = 16479 ; free virtual = 30510
---------------------------------------------------------------------------------
INFO: [Synth 8-638] synthesizing module 'net_16_4' [/home/cesare/ASDI/1/1.2/project_1.2/project_1.2.srcs/sources_1/new/net_16_4.vhd:42]
INFO: [Synth 8-3491] module 'mux_16_1' declared at '/home/cesare/ASDI/1/1.1/mux_16_1/mux_16_1.srcs/sources_1.1/new/mux_16_1.vhd:34' bound to instance 'mux0' of component 'mux_16_1' [/home/cesare/ASDI/1/1.2/project_1.2/project_1.2.srcs/sources_1/new/net_16_4.vhd:65]
INFO: [Synth 8-638] synthesizing module 'mux_16_1' [/home/cesare/ASDI/1/1.1/mux_16_1/mux_16_1.srcs/sources_1.1/new/mux_16_1.vhd:45]
INFO: [Synth 8-3491] module 'mux_4_1' declared at '/home/cesare/ASDI/1/1.1/mux_16_1/mux_16_1.srcs/sources_1.1/new/mux_4_1.vhd:34' bound to instance 'mux0' of component 'mux_4_1' [/home/cesare/ASDI/1/1.1/mux_16_1/mux_16_1.srcs/sources_1.1/new/mux_16_1.vhd:65]
INFO: [Synth 8-638] synthesizing module 'mux_4_1' [/home/cesare/ASDI/1/1.1/mux_16_1/mux_16_1.srcs/sources_1.1/new/mux_4_1.vhd:46]
INFO: [Synth 8-256] done synthesizing module 'mux_4_1' (0#1) [/home/cesare/ASDI/1/1.1/mux_16_1/mux_16_1.srcs/sources_1.1/new/mux_4_1.vhd:46]
INFO: [Synth 8-3491] module 'mux_4_1' declared at '/home/cesare/ASDI/1/1.1/mux_16_1/mux_16_1.srcs/sources_1.1/new/mux_4_1.vhd:34' bound to instance 'mux1' of component 'mux_4_1' [/home/cesare/ASDI/1/1.1/mux_16_1/mux_16_1.srcs/sources_1.1/new/mux_16_1.vhd:75]
INFO: [Synth 8-3491] module 'mux_4_1' declared at '/home/cesare/ASDI/1/1.1/mux_16_1/mux_16_1.srcs/sources_1.1/new/mux_4_1.vhd:34' bound to instance 'mux2' of component 'mux_4_1' [/home/cesare/ASDI/1/1.1/mux_16_1/mux_16_1.srcs/sources_1.1/new/mux_16_1.vhd:85]
INFO: [Synth 8-3491] module 'mux_4_1' declared at '/home/cesare/ASDI/1/1.1/mux_16_1/mux_16_1.srcs/sources_1.1/new/mux_4_1.vhd:34' bound to instance 'mux3' of component 'mux_4_1' [/home/cesare/ASDI/1/1.1/mux_16_1/mux_16_1.srcs/sources_1.1/new/mux_16_1.vhd:95]
INFO: [Synth 8-3491] module 'mux_4_1' declared at '/home/cesare/ASDI/1/1.1/mux_16_1/mux_16_1.srcs/sources_1.1/new/mux_4_1.vhd:34' bound to instance 'mux4' of component 'mux_4_1' [/home/cesare/ASDI/1/1.1/mux_16_1/mux_16_1.srcs/sources_1.1/new/mux_16_1.vhd:105]
INFO: [Synth 8-256] done synthesizing module 'mux_16_1' (0#1) [/home/cesare/ASDI/1/1.1/mux_16_1/mux_16_1.srcs/sources_1.1/new/mux_16_1.vhd:45]
INFO: [Synth 8-3491] module 'demux_1_4' declared at '/home/cesare/ASDI/1/1.2/project_1.2/project_1.2.srcs/sources_1/new/demux_1_4.vhd:34' bound to instance 'demux0' of component 'demux_1_4' [/home/cesare/ASDI/1/1.2/project_1.2/project_1.2.srcs/sources_1/new/net_16_4.vhd:74]
INFO: [Synth 8-638] synthesizing module 'demux_1_4' [/home/cesare/ASDI/1/1.2/project_1.2/project_1.2.srcs/sources_1/new/demux_1_4.vhd:42]
INFO: [Synth 8-256] done synthesizing module 'demux_1_4' (0#1) [/home/cesare/ASDI/1/1.2/project_1.2/project_1.2.srcs/sources_1/new/demux_1_4.vhd:42]
INFO: [Synth 8-256] done synthesizing module 'net_16_4' (0#1) [/home/cesare/ASDI/1/1.2/project_1.2/project_1.2.srcs/sources_1/new/net_16_4.vhd:42]
---------------------------------------------------------------------------------
Finished RTL Elaboration : Time (s): cpu = 00:00:03 ; elapsed = 00:00:03 . Memory (MB): peak = 10643.055 ; gain = 175.352 ; free physical = 16390 ; free virtual = 30421
---------------------------------------------------------------------------------
---------------------------------------------------------------------------------
Start Handling Custom Attributes
---------------------------------------------------------------------------------
---------------------------------------------------------------------------------
Finished Handling Custom Attributes : Time (s): cpu = 00:00:03 ; elapsed = 00:00:03 . Memory (MB): peak = 10643.055 ; gain = 175.352 ; free physical = 16390 ; free virtual = 30421
---------------------------------------------------------------------------------
---------------------------------------------------------------------------------
Finished RTL Optimization Phase 1 : Time (s): cpu = 00:00:03 ; elapsed = 00:00:03 . Memory (MB): peak = 10643.055 ; gain = 175.352 ; free physical = 16390 ; free virtual = 30421
---------------------------------------------------------------------------------
Netlist sorting complete. Time (s): cpu = 00:00:00 ; elapsed = 00:00:00 . Memory (MB): peak = 10643.062 ; gain = 0.000 ; free physical = 16440 ; free virtual = 30472
INFO: [Project 1-570] Preparing netlist for logic optimization

Processing XDC Constraints
Initializing timing engine
Completed Processing XDC Constraints

launch_simulation
Command: launch_simulation 
INFO: [Vivado 12-12493] Simulation top is 'net_16_4'
INFO: [Vivado 12-5682] Launching behavioral simulation in '/home/cesare/ASDI/1/1.2/project_1.2/project_1.2.sim/sim_1/behav/xsim'
INFO: [SIM-utils-51] Simulation object is 'sim_1'
INFO: [SIM-utils-72] Using boost library from '/tools/Xilinx/Vivado/2024.2/tps/boost_1_72_0'
INFO: [SIM-utils-54] Inspecting design source files for 'net_16_4' in fileset 'sim_1'...
INFO: [USF-XSim-97] Finding global include files...
INFO: [USF-XSim-98] Fetching design files from 'sim_1'...
INFO: [USF-XSim-2] XSim::Compile design
INFO: [USF-XSim-61] Executing 'COMPILE and ANALYZE' step in '/home/cesare/ASDI/1/1.2/project_1.2/project_1.2.sim/sim_1/behav/xsim'
xvhdl --incr --relax -prj net_16_4_vhdl.prj
INFO: [VRFC 10-163] Analyzing VHDL file "/home/cesare/ASDI/1/1.2/project_1.2/project_1.2.srcs/sources_1/new/demux_1_4.vhd" into library xil_defaultlib
INFO: [VRFC 10-3107] analyzing entity 'demux_1_4'
INFO: [VRFC 10-163] Analyzing VHDL file "/home/cesare/ASDI/1/1.1/mux_16_1/mux_16_1.srcs/sources_1.1/new/mux_16_1.vhd" into library xil_defaultlib
INFO: [VRFC 10-3107] analyzing entity 'mux_16_1'
INFO: [VRFC 10-163] Analyzing VHDL file "/home/cesare/ASDI/1/1.1/mux_16_1/mux_16_1.srcs/sources_1.1/new/mux_4_1.vhd" into library xil_defaultlib
INFO: [VRFC 10-3107] analyzing entity 'mux_4_1'
INFO: [VRFC 10-163] Analyzing VHDL file "/home/cesare/ASDI/1/1.2/project_1.2/project_1.2.srcs/sources_1/new/net_16_4.vhd" into library xil_defaultlib
INFO: [VRFC 10-3107] analyzing entity 'net_16_4'
Waiting for jobs to finish...
No pending jobs, compilation finished.
INFO: [USF-XSim-69] 'compile' step finished in '1' seconds
INFO: [USF-XSim-3] XSim::Elaborate design
INFO: [USF-XSim-61] Executing 'ELABORATE' step in '/home/cesare/ASDI/1/1.2/project_1.2/project_1.2.sim/sim_1/behav/xsim'
xelab --incr --debug typical --relax --mt 8 -L xil_defaultlib -L secureip --snapshot net_16_4_behav xil_defaultlib.net_16_4 -log elaborate.log
Vivado Simulator v2024.2.0
Copyright 1986-2022 Xilinx, Inc. All Rights Reserved.
Copyright 2022-2024 Advanced Micro Devices, Inc. All Rights Reserved.
Running: /tools/Xilinx/Vivado/2024.2/bin/unwrapped/lnx64.o/xelab --incr --debug typical --relax --mt 8 -L xil_defaultlib -L secureip --snapshot net_16_4_behav xil_defaultlib.net_16_4 -log elaborate.log 
Using 8 slave threads.
Starting static elaboration
Completed static elaboration
Starting simulation data flow analysis
Completed simulation data flow analysis
Time Resolution for simulation is 1ps
Compiling package std.standard
Compiling package std.textio
Compiling package ieee.std_logic_1164
Compiling architecture dataflow of entity xil_defaultlib.mux_4_1 [mux_4_1_default]
Compiling architecture structural of entity xil_defaultlib.mux_16_1 [mux_16_1_default]
Compiling architecture behavioral of entity xil_defaultlib.demux_1_4 [demux_1_4_default]
Compiling architecture structural of entity xil_defaultlib.net_16_4
Built simulation snapshot net_16_4_behav
INFO: [USF-XSim-69] 'elaborate' step finished in '1' seconds
INFO: [USF-XSim-4] XSim::Simulate design
INFO: [USF-XSim-61] Executing 'SIMULATE' step in '/home/cesare/ASDI/1/1.2/project_1.2/project_1.2.sim/sim_1/behav/xsim'
INFO: [USF-XSim-98] *** Running xsim
   with args "net_16_4_behav -key {Behavioral:sim_1:Functional:net_16_4} -tclbatch {net_16_4.tcl} -log {simulate.log}"
INFO: [USF-XSim-8] Loading simulator feature
Time resolution is 1 ps
source net_16_4.tcl
# set curr_wave [current_wave_config]
# if { [string length $curr_wave] == 0 } {
#   if { [llength [get_objects]] > 0} {
#     add_wave /
#     set_property needs_save false [current_wave_config]
#   } else {
#      send_msg_id Add_Wave-1 WARNING "No top level signals found. Simulator will start without a wave window. If you want to open a wave window go to 'File->New Waveform Configuration' or type 'create_wave_config' in the TCL console."
#   }
# }
# run 1000ns
INFO: [USF-XSim-96] XSim completed. Design snapshot 'net_16_4_behav' loaded.
INFO: [USF-XSim-97] XSim simulation ran for 1000ns
file mkdir /home/cesare/ASDI/1/1.2/project_1.2/project_1.2.srcs/sim_1/new
set_property SOURCE_SET sources_1 [get_filesets sim_1]
close [ open /home/cesare/ASDI/1/1.2/project_1.2/project_1.2.srcs/sim_1/new/net_16_4_tb.vhd w ]
add_files -fileset sim_1 /home/cesare/ASDI/1/1.2/project_1.2/project_1.2.srcs/sim_1/new/net_16_4_tb.vhd
update_compile_order -fileset sim_1
WARNING: [filemgmt 56-199] Attempt to get parsing info during refresh. "On-the-fly" syntax checking information may be incorrect. [/home/cesare/ASDI/1/1.2/project_1.2/project_1.2.srcs/sources_1/new/net_16_4.vhd:]
WARNING: [filemgmt 56-199] Attempt to get parsing info during refresh. "On-the-fly" syntax checking information may be incorrect. [/home/cesare/ASDI/1/1.2/project_1.2/project_1.2.srcs/sim_1/new/net_16_4_tb.vhd:]
WARNING: [filemgmt 56-199] Attempt to get parsing info during refresh. "On-the-fly" syntax checking information may be incorrect. [/home/cesare/ASDI/1/1.2/project_1.2/project_1.2.srcs/sources_1/new/net_16_4.vhd:]
WARNING: [filemgmt 56-199] Attempt to get parsing info during refresh. "On-the-fly" syntax checking information may be incorrect. [/home/cesare/ASDI/1/1.2/project_1.2/project_1.2.srcs/sources_1/new/net_16_4.vhd:]
WARNING: [filemgmt 56-199] Attempt to get parsing info during refresh. "On-the-fly" syntax checking information may be incorrect. [/home/cesare/ASDI/1/1.2/project_1.2/project_1.2.srcs/sources_1/new/net_16_4.vhd:]
WARNING: [filemgmt 56-199] Attempt to get parsing info during refresh. "On-the-fly" syntax checking information may be incorrect. [/home/cesare/ASDI/1/1.2/project_1.2/project_1.2.srcs/sim_1/new/net_16_4_tb.vhd:]
WARNING: [filemgmt 56-199] Attempt to get parsing info during refresh. "On-the-fly" syntax checking information may be incorrect. [/home/cesare/ASDI/1/1.2/project_1.2/project_1.2.srcs/sources_1/new/net_16_4.vhd:]
WARNING: [filemgmt 56-199] Attempt to get parsing info during refresh. "On-the-fly" syntax checking information may be incorrect. [/home/cesare/ASDI/1/1.2/project_1.2/project_1.2.srcs/sources_1/new/net_16_4.vhd:]
WARNING: [filemgmt 56-199] Attempt to get parsing info during refresh. "On-the-fly" syntax checking information may be incorrect. [/home/cesare/ASDI/1/1.2/project_1.2/project_1.2.srcs/sources_1/new/net_16_4.vhd:]
WARNING: [filemgmt 56-199] Attempt to get parsing info during refresh. "On-the-fly" syntax checking information may be incorrect. [/home/cesare/ASDI/1/1.2/project_1.2/project_1.2.srcs/sim_1/new/net_16_4_tb.vhd:]
WARNING: [filemgmt 56-199] Attempt to get parsing info during refresh. "On-the-fly" syntax checking information may be incorrect. [/home/cesare/ASDI/1/1.2/project_1.2/project_1.2.srcs/sources_1/new/net_16_4.vhd:]
WARNING: [filemgmt 56-199] Attempt to get parsing info during refresh. "On-the-fly" syntax checking information may be incorrect. [/home/cesare/ASDI/1/1.2/project_1.2/project_1.2.srcs/sources_1/new/net_16_4.vhd:]
WARNING: [filemgmt 56-199] Attempt to get parsing info during refresh. "On-the-fly" syntax checking information may be incorrect. [/home/cesare/ASDI/1/1.2/project_1.2/project_1.2.srcs/sources_1/new/net_16_4.vhd:]
WARNING: [filemgmt 56-199] Attempt to get parsing info during refresh. "On-the-fly" syntax checking information may be incorrect. [/home/cesare/ASDI/1/1.2/project_1.2/project_1.2.srcs/sim_1/new/net_16_4_tb.vhd:]
WARNING: [filemgmt 56-199] Attempt to get parsing info during refresh. "On-the-fly" syntax checking information may be incorrect. [/home/cesare/ASDI/1/1.2/project_1.2/project_1.2.srcs/sources_1/new/net_16_4.vhd:]
WARNING: [filemgmt 56-199] Attempt to get parsing info during refresh. "On-the-fly" syntax checking information may be incorrect. [/home/cesare/ASDI/1/1.2/project_1.2/project_1.2.srcs/sources_1/new/net_16_4.vhd:]
WARNING: [filemgmt 56-199] Attempt to get parsing info during refresh. "On-the-fly" syntax checking information may be incorrect. [/home/cesare/ASDI/1/1.2/project_1.2/project_1.2.srcs/sources_1/new/net_16_4.vhd:]
WARNING: [filemgmt 56-199] Attempt to get parsing info during refresh. "On-the-fly" syntax checking information may be incorrect. [/home/cesare/ASDI/1/1.2/project_1.2/project_1.2.srcs/sim_1/new/net_16_4_tb.vhd:]
WARNING: [filemgmt 56-199] Attempt to get parsing info during refresh. "On-the-fly" syntax checking information may be incorrect. [/home/cesare/ASDI/1/1.2/project_1.2/project_1.2.srcs/sim_1/new/net_16_4_tb.vhd:]
WARNING: [filemgmt 56-199] Attempt to get parsing info during refresh. "On-the-fly" syntax checking information may be incorrect. [/home/cesare/ASDI/1/1.2/project_1.2/project_1.2.srcs/sim_1/new/net_16_4_tb.vhd:]
WARNING: [filemgmt 56-199] Attempt to get parsing info during refresh. "On-the-fly" syntax checking information may be incorrect. [/home/cesare/ASDI/1/1.2/project_1.2/project_1.2.srcs/sources_1/new/net_16_4.vhd:]
WARNING: [filemgmt 56-199] Attempt to get parsing info during refresh. "On-the-fly" syntax checking information may be incorrect. [/home/cesare/ASDI/1/1.2/project_1.2/project_1.2.srcs/sim_1/new/net_16_4_tb.vhd:]
WARNING: [filemgmt 56-199] Attempt to get parsing info during refresh. "On-the-fly" syntax checking information may be incorrect. [/home/cesare/ASDI/1/1.2/project_1.2/project_1.2.srcs/sources_1/new/net_16_4.vhd:]
WARNING: [filemgmt 56-199] Attempt to get parsing info during refresh. "On-the-fly" syntax checking information may be incorrect. [/home/cesare/ASDI/1/1.2/project_1.2/project_1.2.srcs/sources_1/new/net_16_4.vhd:]
WARNING: [filemgmt 56-199] Attempt to get parsing info during refresh. "On-the-fly" syntax checking information may be incorrect. [/home/cesare/ASDI/1/1.2/project_1.2/project_1.2.srcs/sources_1/new/net_16_4.vhd:]
WARNING: [filemgmt 56-199] Attempt to get parsing info during refresh. "On-the-fly" syntax checking information may be incorrect. [/home/cesare/ASDI/1/1.2/project_1.2/project_1.2.srcs/sim_1/new/net_16_4_tb.vhd:]
WARNING: [filemgmt 56-199] Attempt to get parsing info during refresh. "On-the-fly" syntax checking information may be incorrect. [/home/cesare/ASDI/1/1.2/project_1.2/project_1.2.srcs/sim_1/new/net_16_4_tb.vhd:]
WARNING: [filemgmt 56-199] Attempt to get parsing info during refresh. "On-the-fly" syntax checking information may be incorrect. [/home/cesare/ASDI/1/1.2/project_1.2/project_1.2.srcs/sim_1/new/net_16_4_tb.vhd:]
WARNING: [filemgmt 56-199] Attempt to get parsing info during refresh. "On-the-fly" syntax checking information may be incorrect. [/home/cesare/ASDI/1/1.2/project_1.2/project_1.2.srcs/sources_1/new/net_16_4.vhd:]
WARNING: [filemgmt 56-199] Attempt to get parsing info during refresh. "On-the-fly" syntax checking information may be incorrect. [/home/cesare/ASDI/1/1.2/project_1.2/project_1.2.srcs/sim_1/new/net_16_4_tb.vhd:]
WARNING: [filemgmt 56-199] Attempt to get parsing info during refresh. "On-the-fly" syntax checking information may be incorrect. [/home/cesare/ASDI/1/1.2/project_1.2/project_1.2.srcs/sources_1/new/net_16_4.vhd:]
WARNING: [filemgmt 56-199] Attempt to get parsing info during refresh. "On-the-fly" syntax checking information may be incorrect. [/home/cesare/ASDI/1/1.2/project_1.2/project_1.2.srcs/sources_1/new/net_16_4.vhd:]
WARNING: [filemgmt 56-199] Attempt to get parsing info during refresh. "On-the-fly" syntax checking information may be incorrect. [/home/cesare/ASDI/1/1.2/project_1.2/project_1.2.srcs/sources_1/new/net_16_4.vhd:]
WARNING: [filemgmt 56-199] Attempt to get parsing info during refresh. "On-the-fly" syntax checking information may be incorrect. [/home/cesare/ASDI/1/1.2/project_1.2/project_1.2.srcs/sim_1/new/net_16_4_tb.vhd:]
WARNING: [filemgmt 56-199] Attempt to get parsing info during refresh. "On-the-fly" syntax checking information may be incorrect. [/home/cesare/ASDI/1/1.2/project_1.2/project_1.2.srcs/sim_1/new/net_16_4_tb.vhd:]
WARNING: [filemgmt 56-199] Attempt to get parsing info during refresh. "On-the-fly" syntax checking information may be incorrect. [/home/cesare/ASDI/1/1.2/project_1.2/project_1.2.srcs/sim_1/new/net_16_4_tb.vhd:]
WARNING: [filemgmt 56-199] Attempt to get parsing info during refresh. "On-the-fly" syntax checking information may be incorrect. [/home/cesare/ASDI/1/1.2/project_1.2/project_1.2.srcs/sources_1/new/net_16_4.vhd:]
WARNING: [filemgmt 56-199] Attempt to get parsing info during refresh. "On-the-fly" syntax checking information may be incorrect. [/home/cesare/ASDI/1/1.2/project_1.2/project_1.2.srcs/sim_1/new/net_16_4_tb.vhd:]
WARNING: [filemgmt 56-199] Attempt to get parsing info during refresh. "On-the-fly" syntax checking information may be incorrect. [/home/cesare/ASDI/1/1.2/project_1.2/project_1.2.srcs/sources_1/new/net_16_4.vhd:]
WARNING: [filemgmt 56-199] Attempt to get parsing info during refresh. "On-the-fly" syntax checking information may be incorrect. [/home/cesare/ASDI/1/1.2/project_1.2/project_1.2.srcs/sources_1/new/net_16_4.vhd:]
WARNING: [filemgmt 56-199] Attempt to get parsing info during refresh. "On-the-fly" syntax checking information may be incorrect. [/home/cesare/ASDI/1/1.2/project_1.2/project_1.2.srcs/sources_1/new/net_16_4.vhd:]
WARNING: [filemgmt 56-199] Attempt to get parsing info during refresh. "On-the-fly" syntax checking information may be incorrect. [/home/cesare/ASDI/1/1.2/project_1.2/project_1.2.srcs/sim_1/new/net_16_4_tb.vhd:]
WARNING: [filemgmt 56-199] Attempt to get parsing info during refresh. "On-the-fly" syntax checking information may be incorrect. [/home/cesare/ASDI/1/1.2/project_1.2/project_1.2.srcs/sources_1/new/net_16_4.vhd:]
WARNING: [filemgmt 56-199] Attempt to get parsing info during refresh. "On-the-fly" syntax checking information may be incorrect. [/home/cesare/ASDI/1/1.2/project_1.2/project_1.2.srcs/sources_1/new/net_16_4.vhd:]
WARNING: [filemgmt 56-199] Attempt to get parsing info during refresh. "On-the-fly" syntax checking information may be incorrect. [/home/cesare/ASDI/1/1.2/project_1.2/project_1.2.srcs/sources_1/new/net_16_4.vhd:]
WARNING: [filemgmt 56-199] Attempt to get parsing info during refresh. "On-the-fly" syntax checking information may be incorrect. [/home/cesare/ASDI/1/1.2/project_1.2/project_1.2.srcs/sim_1/new/net_16_4_tb.vhd:]
WARNING: [filemgmt 56-199] Attempt to get parsing info during refresh. "On-the-fly" syntax checking information may be incorrect. [/home/cesare/ASDI/1/1.2/project_1.2/project_1.2.srcs/sources_1/new/net_16_4.vhd:]
WARNING: [filemgmt 56-199] Attempt to get parsing info during refresh. "On-the-fly" syntax checking information may be incorrect. [/home/cesare/ASDI/1/1.2/project_1.2/project_1.2.srcs/sources_1/new/net_16_4.vhd:]
WARNING: [filemgmt 56-199] Attempt to get parsing info during refresh. "On-the-fly" syntax checking information may be incorrect. [/home/cesare/ASDI/1/1.2/project_1.2/project_1.2.srcs/sources_1/new/net_16_4.vhd:]
WARNING: [filemgmt 56-199] Attempt to get parsing info during refresh. "On-the-fly" syntax checking information may be incorrect. [/home/cesare/ASDI/1/1.2/project_1.2/project_1.2.srcs/sim_1/new/net_16_4_tb.vhd:]
WARNING: [filemgmt 56-199] Attempt to get parsing info during refresh. "On-the-fly" syntax checking information may be incorrect. [/home/cesare/ASDI/1/1.2/project_1.2/project_1.2.srcs/sim_1/new/net_16_4_tb.vhd:]
WARNING: [filemgmt 56-199] Attempt to get parsing info during refresh. "On-the-fly" syntax checking information may be incorrect. [/home/cesare/ASDI/1/1.2/project_1.2/project_1.2.srcs/sim_1/new/net_16_4_tb.vhd:]
WARNING: [filemgmt 56-199] Attempt to get parsing info during refresh. "On-the-fly" syntax checking information may be incorrect. [/home/cesare/ASDI/1/1.2/project_1.2/project_1.2.srcs/sources_1/new/net_16_4.vhd:]
WARNING: [filemgmt 56-199] Attempt to get parsing info during refresh. "On-the-fly" syntax checking information may be incorrect. [/home/cesare/ASDI/1/1.2/project_1.2/project_1.2.srcs/sim_1/new/net_16_4_tb.vhd:]
WARNING: [filemgmt 56-199] Attempt to get parsing info during refresh. "On-the-fly" syntax checking information may be incorrect. [/home/cesare/ASDI/1/1.2/project_1.2/project_1.2.srcs/sources_1/new/net_16_4.vhd:]
WARNING: [filemgmt 56-199] Attempt to get parsing info during refresh. "On-the-fly" syntax checking information may be incorrect. [/home/cesare/ASDI/1/1.2/project_1.2/project_1.2.srcs/sources_1/new/net_16_4.vhd:]
WARNING: [filemgmt 56-199] Attempt to get parsing info during refresh. "On-the-fly" syntax checking information may be incorrect. [/home/cesare/ASDI/1/1.2/project_1.2/project_1.2.srcs/sources_1/new/net_16_4.vhd:]
WARNING: [filemgmt 56-199] Attempt to get parsing info during refresh. "On-the-fly" syntax checking information may be incorrect. [/home/cesare/ASDI/1/1.2/project_1.2/project_1.2.srcs/sim_1/new/net_16_4_tb.vhd:]
WARNING: [filemgmt 56-199] Attempt to get parsing info during refresh. "On-the-fly" syntax checking information may be incorrect. [/home/cesare/ASDI/1/1.2/project_1.2/project_1.2.srcs/sim_1/new/net_16_4_tb.vhd:]
WARNING: [filemgmt 56-199] Attempt to get parsing info during refresh. "On-the-fly" syntax checking information may be incorrect. [/home/cesare/ASDI/1/1.2/project_1.2/project_1.2.srcs/sim_1/new/net_16_4_tb.vhd:]
WARNING: [filemgmt 56-199] Attempt to get parsing info during refresh. "On-the-fly" syntax checking information may be incorrect. [/home/cesare/ASDI/1/1.2/project_1.2/project_1.2.srcs/sources_1/new/net_16_4.vhd:]
WARNING: [filemgmt 56-199] Attempt to get parsing info during refresh. "On-the-fly" syntax checking information may be incorrect. [/home/cesare/ASDI/1/1.2/project_1.2/project_1.2.srcs/sim_1/new/net_16_4_tb.vhd:]
WARNING: [filemgmt 56-199] Attempt to get parsing info during refresh. "On-the-fly" syntax checking information may be incorrect. [/home/cesare/ASDI/1/1.2/project_1.2/project_1.2.srcs/sim_1/new/net_16_4_tb.vhd:]
WARNING: [filemgmt 56-199] Attempt to get parsing info during refresh. "On-the-fly" syntax checking information may be incorrect. [/home/cesare/ASDI/1/1.2/project_1.2/project_1.2.srcs/sim_1/new/net_16_4_tb.vhd:]
WARNING: [filemgmt 56-199] Attempt to get parsing info during refresh. "On-the-fly" syntax checking information may be incorrect. [/home/cesare/ASDI/1/1.2/project_1.2/project_1.2.srcs/sources_1/new/net_16_4.vhd:]
WARNING: [filemgmt 56-199] Attempt to get parsing info during refresh. "On-the-fly" syntax checking information may be incorrect. [/home/cesare/ASDI/1/1.2/project_1.2/project_1.2.srcs/sim_1/new/net_16_4_tb.vhd:]
WARNING: [filemgmt 56-199] Attempt to get parsing info during refresh. "On-the-fly" syntax checking information may be incorrect. [/home/cesare/ASDI/1/1.2/project_1.2/project_1.2.srcs/sources_1/new/net_16_4.vhd:]
WARNING: [filemgmt 56-199] Attempt to get parsing info during refresh. "On-the-fly" syntax checking information may be incorrect. [/home/cesare/ASDI/1/1.2/project_1.2/project_1.2.srcs/sources_1/new/net_16_4.vhd:]
WARNING: [filemgmt 56-199] Attempt to get parsing info during refresh. "On-the-fly" syntax checking information may be incorrect. [/home/cesare/ASDI/1/1.2/project_1.2/project_1.2.srcs/sources_1/new/net_16_4.vhd:]
WARNING: [filemgmt 56-199] Attempt to get parsing info during refresh. "On-the-fly" syntax checking information may be incorrect. [/home/cesare/ASDI/1/1.2/project_1.2/project_1.2.srcs/sim_1/new/net_16_4_tb.vhd:]
WARNING: [filemgmt 56-199] Attempt to get parsing info during refresh. "On-the-fly" syntax checking information may be incorrect. [/home/cesare/ASDI/1/1.2/project_1.2/project_1.2.srcs/sources_1/new/net_16_4.vhd:]
WARNING: [filemgmt 56-199] Attempt to get parsing info during refresh. "On-the-fly" syntax checking information may be incorrect. [/home/cesare/ASDI/1/1.2/project_1.2/project_1.2.srcs/sources_1/new/net_16_4.vhd:]
WARNING: [filemgmt 56-199] Attempt to get parsing info during refresh. "On-the-fly" syntax checking information may be incorrect. [/home/cesare/ASDI/1/1.2/project_1.2/project_1.2.srcs/sources_1/new/net_16_4.vhd:]
WARNING: [filemgmt 56-199] Attempt to get parsing info during refresh. "On-the-fly" syntax checking information may be incorrect. [/home/cesare/ASDI/1/1.2/project_1.2/project_1.2.srcs/sim_1/new/net_16_4_tb.vhd:]
WARNING: [filemgmt 56-199] Attempt to get parsing info during refresh. "On-the-fly" syntax checking information may be incorrect. [/home/cesare/ASDI/1/1.2/project_1.2/project_1.2.srcs/sources_1/new/net_16_4.vhd:]
WARNING: [filemgmt 56-199] Attempt to get parsing info during refresh. "On-the-fly" syntax checking information may be incorrect. [/home/cesare/ASDI/1/1.2/project_1.2/project_1.2.srcs/sources_1/new/net_16_4.vhd:]
WARNING: [filemgmt 56-199] Attempt to get parsing info during refresh. "On-the-fly" syntax checking information may be incorrect. [/home/cesare/ASDI/1/1.2/project_1.2/project_1.2.srcs/sources_1/new/net_16_4.vhd:]
WARNING: [filemgmt 56-199] Attempt to get parsing info during refresh. "On-the-fly" syntax checking information may be incorrect. [/home/cesare/ASDI/1/1.2/project_1.2/project_1.2.srcs/sim_1/new/net_16_4_tb.vhd:]
WARNING: [filemgmt 56-199] Attempt to get parsing info during refresh. "On-the-fly" syntax checking information may be incorrect. [/home/cesare/ASDI/1/1.2/project_1.2/project_1.2.srcs/sources_1/new/net_16_4.vhd:]
WARNING: [filemgmt 56-199] Attempt to get parsing info during refresh. "On-the-fly" syntax checking information may be incorrect. [/home/cesare/ASDI/1/1.2/project_1.2/project_1.2.srcs/sources_1/new/net_16_4.vhd:]
WARNING: [filemgmt 56-199] Attempt to get parsing info during refresh. "On-the-fly" syntax checking information may be incorrect. [/home/cesare/ASDI/1/1.2/project_1.2/project_1.2.srcs/sources_1/new/net_16_4.vhd:]
WARNING: [filemgmt 56-199] Attempt to get parsing info during refresh. "On-the-fly" syntax checking information may be incorrect. [/home/cesare/ASDI/1/1.2/project_1.2/project_1.2.srcs/sim_1/new/net_16_4_tb.vhd:]
WARNING: [filemgmt 56-199] Attempt to get parsing info during refresh. "On-the-fly" syntax checking information may be incorrect. [/home/cesare/ASDI/1/1.2/project_1.2/project_1.2.srcs/sim_1/new/net_16_4_tb.vhd:]
WARNING: [filemgmt 56-199] Attempt to get parsing info during refresh. "On-the-fly" syntax checking information may be incorrect. [/home/cesare/ASDI/1/1.2/project_1.2/project_1.2.srcs/sim_1/new/net_16_4_tb.vhd:]
WARNING: [filemgmt 56-199] Attempt to get parsing info during refresh. "On-the-fly" syntax checking information may be incorrect. [/home/cesare/ASDI/1/1.2/project_1.2/project_1.2.srcs/sources_1/new/net_16_4.vhd:]
WARNING: [filemgmt 56-199] Attempt to get parsing info during refresh. "On-the-fly" syntax checking information may be incorrect. [/home/cesare/ASDI/1/1.2/project_1.2/project_1.2.srcs/sim_1/new/net_16_4_tb.vhd:]
WARNING: [filemgmt 56-199] Attempt to get parsing info during refresh. "On-the-fly" syntax checking information may be incorrect. [/home/cesare/ASDI/1/1.2/project_1.2/project_1.2.srcs/sources_1/new/net_16_4.vhd:]
WARNING: [filemgmt 56-199] Attempt to get parsing info during refresh. "On-the-fly" syntax checking information may be incorrect. [/home/cesare/ASDI/1/1.2/project_1.2/project_1.2.srcs/sources_1/new/net_16_4.vhd:]
WARNING: [filemgmt 56-199] Attempt to get parsing info during refresh. "On-the-fly" syntax checking information may be incorrect. [/home/cesare/ASDI/1/1.2/project_1.2/project_1.2.srcs/sources_1/new/net_16_4.vhd:]
WARNING: [filemgmt 56-199] Attempt to get parsing info during refresh. "On-the-fly" syntax checking information may be incorrect. [/home/cesare/ASDI/1/1.2/project_1.2/project_1.2.srcs/sim_1/new/net_16_4_tb.vhd:]
WARNING: [filemgmt 56-199] Attempt to get parsing info during refresh. "On-the-fly" syntax checking information may be incorrect. [/home/cesare/ASDI/1/1.2/project_1.2/project_1.2.srcs/sim_1/new/net_16_4_tb.vhd:]
WARNING: [filemgmt 56-199] Attempt to get parsing info during refresh. "On-the-fly" syntax checking information may be incorrect. [/home/cesare/ASDI/1/1.2/project_1.2/project_1.2.srcs/sim_1/new/net_16_4_tb.vhd:]
WARNING: [filemgmt 56-199] Attempt to get parsing info during refresh. "On-the-fly" syntax checking information may be incorrect. [/home/cesare/ASDI/1/1.2/project_1.2/project_1.2.srcs/sources_1/new/net_16_4.vhd:]
WARNING: [filemgmt 56-199] Attempt to get parsing info during refresh. "On-the-fly" syntax checking information may be incorrect. [/home/cesare/ASDI/1/1.2/project_1.2/project_1.2.srcs/sim_1/new/net_16_4_tb.vhd:]
WARNING: [filemgmt 56-199] Attempt to get parsing info during refresh. "On-the-fly" syntax checking information may be incorrect. [/home/cesare/ASDI/1/1.2/project_1.2/project_1.2.srcs/sources_1/new/net_16_4.vhd:]
WARNING: [filemgmt 56-199] Attempt to get parsing info during refresh. "On-the-fly" syntax checking information may be incorrect. [/home/cesare/ASDI/1/1.2/project_1.2/project_1.2.srcs/sources_1/new/net_16_4.vhd:]
WARNING: [filemgmt 56-199] Attempt to get parsing info during refresh. "On-the-fly" syntax checking information may be incorrect. [/home/cesare/ASDI/1/1.2/project_1.2/project_1.2.srcs/sources_1/new/net_16_4.vhd:]
WARNING: [filemgmt 56-199] Attempt to get parsing info during refresh. "On-the-fly" syntax checking information may be incorrect. [/home/cesare/ASDI/1/1.2/project_1.2/project_1.2.srcs/sim_1/new/net_16_4_tb.vhd:]
WARNING: [filemgmt 56-199] Attempt to get parsing info during refresh. "On-the-fly" syntax checking information may be incorrect. [/home/cesare/ASDI/1/1.2/project_1.2/project_1.2.srcs/sources_1/new/net_16_4.vhd:]
WARNING: [filemgmt 56-199] Attempt to get parsing info during refresh. "On-the-fly" syntax checking information may be incorrect. [/home/cesare/ASDI/1/1.2/project_1.2/project_1.2.srcs/sources_1/new/net_16_4.vhd:]
WARNING: [filemgmt 56-199] Attempt to get parsing info during refresh. "On-the-fly" syntax checking information may be incorrect. [/home/cesare/ASDI/1/1.2/project_1.2/project_1.2.srcs/sources_1/new/net_16_4.vhd:]
WARNING: [filemgmt 56-199] Attempt to get parsing info during refresh. "On-the-fly" syntax checking information may be incorrect. [/home/cesare/ASDI/1/1.2/project_1.2/project_1.2.srcs/sim_1/new/net_16_4_tb.vhd:]
WARNING: [filemgmt 56-199] Attempt to get parsing info during refresh. "On-the-fly" syntax checking information may be incorrect. [/home/cesare/ASDI/1/1.2/project_1.2/project_1.2.srcs/sources_1/new/net_16_4.vhd:]
WARNING: [filemgmt 56-199] Attempt to get parsing info during refresh. "On-the-fly" syntax checking information may be incorrect. [/home/cesare/ASDI/1/1.2/project_1.2/project_1.2.srcs/sources_1/new/net_16_4.vhd:]
WARNING: [filemgmt 56-199] Attempt to get parsing info during refresh. "On-the-fly" syntax checking information may be incorrect. [/home/cesare/ASDI/1/1.2/project_1.2/project_1.2.srcs/sources_1/new/net_16_4.vhd:]
WARNING: [filemgmt 56-199] Attempt to get parsing info during refresh. "On-the-fly" syntax checking information may be incorrect. [/home/cesare/ASDI/1/1.2/project_1.2/project_1.2.srcs/sim_1/new/net_16_4_tb.vhd:]
WARNING: [filemgmt 56-199] Attempt to get parsing info during refresh. "On-the-fly" syntax checking information may be incorrect. [/home/cesare/ASDI/1/1.2/project_1.2/project_1.2.srcs/sim_1/new/net_16_4_tb.vhd:]
WARNING: [filemgmt 56-199] Attempt to get parsing info during refresh. "On-the-fly" syntax checking information may be incorrect. [/home/cesare/ASDI/1/1.2/project_1.2/project_1.2.srcs/sim_1/new/net_16_4_tb.vhd:]
close_sim
INFO: [Simtcl 6-16] Simulation closed
launch_simulation
Command: launch_simulation 
INFO: [Vivado 12-12493] Simulation top is 'net_16_4'
INFO: [Vivado 12-5682] Launching behavioral simulation in '/home/cesare/ASDI/1/1.2/project_1.2/project_1.2.sim/sim_1/behav/xsim'
INFO: [SIM-utils-51] Simulation object is 'sim_1'
INFO: [SIM-utils-72] Using boost library from '/tools/Xilinx/Vivado/2024.2/tps/boost_1_72_0'
INFO: [SIM-utils-54] Inspecting design source files for 'net_16_4' in fileset 'sim_1'...
INFO: [USF-XSim-97] Finding global include files...
INFO: [USF-XSim-98] Fetching design files from 'sim_1'...
INFO: [USF-XSim-2] XSim::Compile design
INFO: [USF-XSim-61] Executing 'COMPILE and ANALYZE' step in '/home/cesare/ASDI/1/1.2/project_1.2/project_1.2.sim/sim_1/behav/xsim'
xvhdl --incr --relax -prj net_16_4_vhdl.prj
Waiting for jobs to finish...
No pending jobs, compilation finished.
INFO: [USF-XSim-69] 'compile' step finished in '1' seconds
INFO: [USF-XSim-3] XSim::Elaborate design
INFO: [USF-XSim-61] Executing 'ELABORATE' step in '/home/cesare/ASDI/1/1.2/project_1.2/project_1.2.sim/sim_1/behav/xsim'
xelab --incr --debug typical --relax --mt 8 -L xil_defaultlib -L secureip --snapshot net_16_4_behav xil_defaultlib.net_16_4 -log elaborate.log
Vivado Simulator v2024.2.0
Copyright 1986-2022 Xilinx, Inc. All Rights Reserved.
Copyright 2022-2024 Advanced Micro Devices, Inc. All Rights Reserved.
Running: /tools/Xilinx/Vivado/2024.2/bin/unwrapped/lnx64.o/xelab --incr --debug typical --relax --mt 8 -L xil_defaultlib -L secureip --snapshot net_16_4_behav xil_defaultlib.net_16_4 -log elaborate.log 
Using 8 slave threads.
Starting static elaboration
Completed static elaboration
INFO: [XSIM 43-4323] No Change in HDL. Linking previously generated obj files to create kernel
INFO: [USF-XSim-69] 'elaborate' step finished in '1' seconds
INFO: [USF-XSim-4] XSim::Simulate design
INFO: [USF-XSim-61] Executing 'SIMULATE' step in '/home/cesare/ASDI/1/1.2/project_1.2/project_1.2.sim/sim_1/behav/xsim'
INFO: [USF-XSim-98] *** Running xsim
   with args "net_16_4_behav -key {Behavioral:sim_1:Functional:net_16_4} -tclbatch {net_16_4.tcl} -log {simulate.log}"
INFO: [USF-XSim-8] Loading simulator feature
Time resolution is 1 ps
source net_16_4.tcl
# set curr_wave [current_wave_config]
# if { [string length $curr_wave] == 0 } {
#   if { [llength [get_objects]] > 0} {
#     add_wave /
#     set_property needs_save false [current_wave_config]
#   } else {
#      send_msg_id Add_Wave-1 WARNING "No top level signals found. Simulator will start without a wave window. If you want to open a wave window go to 'File->New Waveform Configuration' or type 'create_wave_config' in the TCL console."
#   }
# }
# run 1000ns
INFO: [USF-XSim-96] XSim completed. Design snapshot 'net_16_4_behav' loaded.
INFO: [USF-XSim-97] XSim simulation ran for 1000ns
close_sim
INFO: [Simtcl 6-16] Simulation closed
exit
INFO: [Common 17-206] Exiting Vivado at Thu Mar 20 13:39:04 2025...
