
*** Running vivado
    with args -log net_16_4_fpga.vds -m64 -product Vivado -mode batch -messageDb vivado.pb -notrace -source net_16_4_fpga.tcl


****** Vivado v2024.2 (64-bit)
  **** SW Build 5239630 on Fri Nov 08 22:34:34 MST 2024
  **** IP Build 5239520 on Sun Nov 10 16:12:51 MST 2024
  **** SharedData Build 5239561 on Fri Nov 08 14:39:27 MST 2024
  **** Start of session at: Fri Mar 21 14:49:47 2025
    ** Copyright 1986-2022 Xilinx, Inc. All Rights Reserved.
    ** Copyright 2022-2024 Advanced Micro Devices, Inc. All Rights Reserved.

source net_16_4_fpga.tcl -notrace
Command: read_checkpoint -auto_incremental -incremental /home/cesare/ASDI/1/1.3/project_1.3/project_1.3.srcs/utils_1/imports/synth_1/net_16_4_fpga.dcp
INFO: [Vivado 12-5825] Read reference checkpoint from /home/cesare/ASDI/1/1.3/project_1.3/project_1.3.srcs/utils_1/imports/synth_1/net_16_4_fpga.dcp for incremental synthesis
INFO: [Vivado 12-7989] Please ensure there are no constraint changes
Command: synth_design -top net_16_4_fpga -part xc7a100tcsg324-1
Starting synth_design
Attempting to get a license for feature 'Synthesis' and/or device 'xc7a100t'
INFO: [Common 17-349] Got license for feature 'Synthesis' and/or device 'xc7a100t'
INFO: [Device 21-403] Loading part xc7a100tcsg324-1
INFO: [Designutils 20-5440] No compile time benefit to using incremental synthesis; A full resynthesis will be run
INFO: [Designutils 20-4379] Flow is switching to default flow due to incremental criteria not met. If you would like to alter this behaviour and have the flow terminate instead, please set the following parameter config_implementation {autoIncr.Synth.RejectBehavior Terminate}
INFO: [Synth 8-7079] Multithreading enabled for synth_design using a maximum of 7 processes.
INFO: [Synth 8-7078] Launching helper process for spawning children vivado processes
INFO: [Synth 8-7075] Helper process launched with PID 39590
---------------------------------------------------------------------------------
Starting RTL Elaboration : Time (s): cpu = 00:00:02 ; elapsed = 00:00:02 . Memory (MB): peak = 1847.871 ; gain = 413.855 ; free physical = 15127 ; free virtual = 29137
---------------------------------------------------------------------------------
INFO: [Synth 8-638] synthesizing module 'net_16_4_fpga' [/home/cesare/ASDI/1/1.3/project_1.3/net_16_4_fpga.vhd:46]
INFO: [Synth 8-3491] module 'switch_8_capture' declared at '/home/cesare/ASDI/1/1.3/project_1.3/switch_8_capture.vhd:34' bound to instance 'switch_0' of component 'switch_8_capture' [/home/cesare/ASDI/1/1.3/project_1.3/net_16_4_fpga.vhd:71]
INFO: [Synth 8-638] synthesizing module 'switch_8_capture' [/home/cesare/ASDI/1/1.3/project_1.3/switch_8_capture.vhd:45]
INFO: [Synth 8-256] done synthesizing module 'switch_8_capture' (0#1) [/home/cesare/ASDI/1/1.3/project_1.3/switch_8_capture.vhd:45]
INFO: [Synth 8-3491] module 'switch_8_capture' declared at '/home/cesare/ASDI/1/1.3/project_1.3/switch_8_capture.vhd:34' bound to instance 'switch_1' of component 'switch_8_capture' [/home/cesare/ASDI/1/1.3/project_1.3/net_16_4_fpga.vhd:79]
INFO: [Synth 8-3491] module 'net_16_4' declared at '/home/cesare/ASDI/1/1.2/project_1.2/project_1.2.srcs/sources_1/new/net_16_4.vhd:34' bound to instance 'net' of component 'net_16_4' [/home/cesare/ASDI/1/1.3/project_1.3/net_16_4_fpga.vhd:87]
INFO: [Synth 8-638] synthesizing module 'net_16_4' [/home/cesare/ASDI/1/1.2/project_1.2/project_1.2.srcs/sources_1/new/net_16_4.vhd:42]
INFO: [Synth 8-3491] module 'mux_16_1' declared at '/home/cesare/ASDI/1/1.1/mux_16_1/mux_16_1.srcs/sources_1.1/new/mux_16_1.vhd:34' bound to instance 'mux0' of component 'mux_16_1' [/home/cesare/ASDI/1/1.2/project_1.2/project_1.2.srcs/sources_1/new/net_16_4.vhd:65]
INFO: [Synth 8-638] synthesizing module 'mux_16_1' [/home/cesare/ASDI/1/1.1/mux_16_1/mux_16_1.srcs/sources_1.1/new/mux_16_1.vhd:45]
INFO: [Synth 8-3491] module 'mux_4_1' declared at '/home/cesare/ASDI/1/1.1/mux_16_1/mux_16_1.srcs/sources_1.1/new/mux_4_1.vhd:34' bound to instance 'mux0' of component 'mux_4_1' [/home/cesare/ASDI/1/1.1/mux_16_1/mux_16_1.srcs/sources_1.1/new/mux_16_1.vhd:65]
INFO: [Synth 8-638] synthesizing module 'mux_4_1' [/home/cesare/ASDI/1/1.1/mux_16_1/mux_16_1.srcs/sources_1.1/new/mux_4_1.vhd:46]
INFO: [Synth 8-256] done synthesizing module 'mux_4_1' (0#1) [/home/cesare/ASDI/1/1.1/mux_16_1/mux_16_1.srcs/sources_1.1/new/mux_4_1.vhd:46]
INFO: [Synth 8-3491] module 'mux_4_1' declared at '/home/cesare/ASDI/1/1.1/mux_16_1/mux_16_1.srcs/sources_1.1/new/mux_4_1.vhd:34' bound to instance 'mux1' of component 'mux_4_1' [/home/cesare/ASDI/1/1.1/mux_16_1/mux_16_1.srcs/sources_1.1/new/mux_16_1.vhd:75]
INFO: [Synth 8-3491] module 'mux_4_1' declared at '/home/cesare/ASDI/1/1.1/mux_16_1/mux_16_1.srcs/sources_1.1/new/mux_4_1.vhd:34' bound to instance 'mux2' of component 'mux_4_1' [/home/cesare/ASDI/1/1.1/mux_16_1/mux_16_1.srcs/sources_1.1/new/mux_16_1.vhd:85]
INFO: [Synth 8-3491] module 'mux_4_1' declared at '/home/cesare/ASDI/1/1.1/mux_16_1/mux_16_1.srcs/sources_1.1/new/mux_4_1.vhd:34' bound to instance 'mux3' of component 'mux_4_1' [/home/cesare/ASDI/1/1.1/mux_16_1/mux_16_1.srcs/sources_1.1/new/mux_16_1.vhd:95]
INFO: [Synth 8-3491] module 'mux_4_1' declared at '/home/cesare/ASDI/1/1.1/mux_16_1/mux_16_1.srcs/sources_1.1/new/mux_4_1.vhd:34' bound to instance 'mux4' of component 'mux_4_1' [/home/cesare/ASDI/1/1.1/mux_16_1/mux_16_1.srcs/sources_1.1/new/mux_16_1.vhd:105]
INFO: [Synth 8-256] done synthesizing module 'mux_16_1' (0#1) [/home/cesare/ASDI/1/1.1/mux_16_1/mux_16_1.srcs/sources_1.1/new/mux_16_1.vhd:45]
INFO: [Synth 8-3491] module 'demux_1_4' declared at '/home/cesare/ASDI/1/1.2/project_1.2/project_1.2.srcs/sources_1/new/demux_1_4.vhd:34' bound to instance 'demux0' of component 'demux_1_4' [/home/cesare/ASDI/1/1.2/project_1.2/project_1.2.srcs/sources_1/new/net_16_4.vhd:74]
INFO: [Synth 8-638] synthesizing module 'demux_1_4' [/home/cesare/ASDI/1/1.2/project_1.2/project_1.2.srcs/sources_1/new/demux_1_4.vhd:42]
INFO: [Synth 8-256] done synthesizing module 'demux_1_4' (0#1) [/home/cesare/ASDI/1/1.2/project_1.2/project_1.2.srcs/sources_1/new/demux_1_4.vhd:42]
INFO: [Synth 8-256] done synthesizing module 'net_16_4' (0#1) [/home/cesare/ASDI/1/1.2/project_1.2/project_1.2.srcs/sources_1/new/net_16_4.vhd:42]
INFO: [Synth 8-256] done synthesizing module 'net_16_4_fpga' (0#1) [/home/cesare/ASDI/1/1.3/project_1.3/net_16_4_fpga.vhd:46]
---------------------------------------------------------------------------------
Finished RTL Elaboration : Time (s): cpu = 00:00:03 ; elapsed = 00:00:03 . Memory (MB): peak = 1918.809 ; gain = 484.793 ; free physical = 14985 ; free virtual = 28996
---------------------------------------------------------------------------------
---------------------------------------------------------------------------------
Start Handling Custom Attributes
---------------------------------------------------------------------------------
---------------------------------------------------------------------------------
Finished Handling Custom Attributes : Time (s): cpu = 00:00:03 ; elapsed = 00:00:03 . Memory (MB): peak = 1936.621 ; gain = 502.605 ; free physical = 14985 ; free virtual = 28996
---------------------------------------------------------------------------------
---------------------------------------------------------------------------------
Finished RTL Optimization Phase 1 : Time (s): cpu = 00:00:03 ; elapsed = 00:00:03 . Memory (MB): peak = 1936.621 ; gain = 502.605 ; free physical = 14985 ; free virtual = 28996
---------------------------------------------------------------------------------
Netlist sorting complete. Time (s): cpu = 00:00:00 ; elapsed = 00:00:00 . Memory (MB): peak = 1936.621 ; gain = 0.000 ; free physical = 14985 ; free virtual = 28996
INFO: [Project 1-570] Preparing netlist for logic optimization

Processing XDC Constraints
Initializing timing engine
Parsing XDC File [/home/cesare/ASDI/1/1.3/project_1.3/Nexys-A7-100T-Master.xdc]
Finished Parsing XDC File [/home/cesare/ASDI/1/1.3/project_1.3/Nexys-A7-100T-Master.xdc]
INFO: [Project 1-236] Implementation specific constraints were found while reading constraint file [/home/cesare/ASDI/1/1.3/project_1.3/Nexys-A7-100T-Master.xdc]. These constraints will be ignored for synthesis but will be used in implementation. Impacted constraints are listed in the file [.Xil/net_16_4_fpga_propImpl.xdc].
Resolution: To avoid this warning, move constraints listed in [.Xil/net_16_4_fpga_propImpl.xdc] to another XDC file and exclude this new file from synthesis with the used_in_synthesis property (File Properties dialog in GUI) and re-run elaboration/synthesis.
Completed Processing XDC Constraints

Netlist sorting complete. Time (s): cpu = 00:00:00 ; elapsed = 00:00:00 . Memory (MB): peak = 2081.371 ; gain = 0.000 ; free physical = 14970 ; free virtual = 28982
INFO: [Project 1-111] Unisim Transformation Summary:
No Unisim elements were transformed.

Constraint Validation Runtime : Time (s): cpu = 00:00:00 ; elapsed = 00:00:00 . Memory (MB): peak = 2081.371 ; gain = 0.000 ; free physical = 14970 ; free virtual = 28982
INFO: [Designutils 20-5440] No compile time benefit to using incremental synthesis; A full resynthesis will be run
INFO: [Designutils 20-4379] Flow is switching to default flow due to incremental criteria not met. If you would like to alter this behaviour and have the flow terminate instead, please set the following parameter config_implementation {autoIncr.Synth.RejectBehavior Terminate}
---------------------------------------------------------------------------------
Finished Constraint Validation : Time (s): cpu = 00:00:06 ; elapsed = 00:00:06 . Memory (MB): peak = 2081.371 ; gain = 647.355 ; free physical = 15044 ; free virtual = 29055
---------------------------------------------------------------------------------
---------------------------------------------------------------------------------
Start Loading Part and Timing Information
---------------------------------------------------------------------------------
Loading part: xc7a100tcsg324-1
---------------------------------------------------------------------------------
Finished Loading Part and Timing Information : Time (s): cpu = 00:00:06 ; elapsed = 00:00:06 . Memory (MB): peak = 2089.375 ; gain = 655.359 ; free physical = 15044 ; free virtual = 29055
---------------------------------------------------------------------------------
---------------------------------------------------------------------------------
Start Applying 'set_property' XDC Constraints
---------------------------------------------------------------------------------
---------------------------------------------------------------------------------
Finished applying 'set_property' XDC Constraints : Time (s): cpu = 00:00:06 ; elapsed = 00:00:06 . Memory (MB): peak = 2089.375 ; gain = 655.359 ; free physical = 15044 ; free virtual = 29055
---------------------------------------------------------------------------------
WARNING: [Synth 8-327] inferring latch for variable 'y_reg' [/home/cesare/ASDI/1/1.2/project_1.2/project_1.2.srcs/sources_1/new/demux_1_4.vhd:48]
---------------------------------------------------------------------------------
Finished RTL Optimization Phase 2 : Time (s): cpu = 00:00:06 ; elapsed = 00:00:06 . Memory (MB): peak = 2089.375 ; gain = 655.359 ; free physical = 15044 ; free virtual = 29056
---------------------------------------------------------------------------------
---------------------------------------------------------------------------------
Start RTL Component Statistics 
---------------------------------------------------------------------------------
Detailed RTL Component Info : 
+---Registers : 
	                8 Bit    Registers := 2     
+---Muxes : 
	   4 Input    4 Bit        Muxes := 1     
---------------------------------------------------------------------------------
Finished RTL Component Statistics 
---------------------------------------------------------------------------------
---------------------------------------------------------------------------------
Start Part Resource Summary
---------------------------------------------------------------------------------
Part Resources:
DSPs: 240 (col length:80)
BRAMs: 270 (col length: RAMB18 80 RAMB36 40)
---------------------------------------------------------------------------------
Finished Part Resource Summary
---------------------------------------------------------------------------------
---------------------------------------------------------------------------------
Start Cross Boundary and Area Optimization
---------------------------------------------------------------------------------
WARNING: [Synth 8-7080] Parallel synthesis criteria is not met
---------------------------------------------------------------------------------
Finished Cross Boundary and Area Optimization : Time (s): cpu = 00:00:06 ; elapsed = 00:00:07 . Memory (MB): peak = 2089.375 ; gain = 655.359 ; free physical = 15032 ; free virtual = 29048
---------------------------------------------------------------------------------
---------------------------------------------------------------------------------
Start Applying XDC Timing Constraints
---------------------------------------------------------------------------------
---------------------------------------------------------------------------------
Finished Applying XDC Timing Constraints : Time (s): cpu = 00:00:09 ; elapsed = 00:00:09 . Memory (MB): peak = 2111.375 ; gain = 677.359 ; free physical = 14972 ; free virtual = 28989
---------------------------------------------------------------------------------
---------------------------------------------------------------------------------
Start Timing Optimization
---------------------------------------------------------------------------------
---------------------------------------------------------------------------------
Finished Timing Optimization : Time (s): cpu = 00:00:09 ; elapsed = 00:00:09 . Memory (MB): peak = 2111.375 ; gain = 677.359 ; free physical = 14972 ; free virtual = 28989
---------------------------------------------------------------------------------
---------------------------------------------------------------------------------
Start Technology Mapping
---------------------------------------------------------------------------------
---------------------------------------------------------------------------------
Finished Technology Mapping : Time (s): cpu = 00:00:09 ; elapsed = 00:00:09 . Memory (MB): peak = 2121.391 ; gain = 687.375 ; free physical = 14964 ; free virtual = 28981
---------------------------------------------------------------------------------
---------------------------------------------------------------------------------
Start IO Insertion
---------------------------------------------------------------------------------
---------------------------------------------------------------------------------
Start Flattening Before IO Insertion
---------------------------------------------------------------------------------
---------------------------------------------------------------------------------
Finished Flattening Before IO Insertion
---------------------------------------------------------------------------------
---------------------------------------------------------------------------------
Start Final Netlist Cleanup
---------------------------------------------------------------------------------
---------------------------------------------------------------------------------
Finished Final Netlist Cleanup
---------------------------------------------------------------------------------
---------------------------------------------------------------------------------
Finished IO Insertion : Time (s): cpu = 00:00:10 ; elapsed = 00:00:10 . Memory (MB): peak = 2283.203 ; gain = 849.188 ; free physical = 14832 ; free virtual = 28848
---------------------------------------------------------------------------------
---------------------------------------------------------------------------------
Start Renaming Generated Instances
---------------------------------------------------------------------------------
---------------------------------------------------------------------------------
Finished Renaming Generated Instances : Time (s): cpu = 00:00:10 ; elapsed = 00:00:10 . Memory (MB): peak = 2283.203 ; gain = 849.188 ; free physical = 14832 ; free virtual = 28848
---------------------------------------------------------------------------------
---------------------------------------------------------------------------------
Start Rebuilding User Hierarchy
---------------------------------------------------------------------------------
---------------------------------------------------------------------------------
Finished Rebuilding User Hierarchy : Time (s): cpu = 00:00:10 ; elapsed = 00:00:10 . Memory (MB): peak = 2283.203 ; gain = 849.188 ; free physical = 14832 ; free virtual = 28848
---------------------------------------------------------------------------------
---------------------------------------------------------------------------------
Start Renaming Generated Ports
---------------------------------------------------------------------------------
---------------------------------------------------------------------------------
Finished Renaming Generated Ports : Time (s): cpu = 00:00:10 ; elapsed = 00:00:10 . Memory (MB): peak = 2283.203 ; gain = 849.188 ; free physical = 14832 ; free virtual = 28848
---------------------------------------------------------------------------------
---------------------------------------------------------------------------------
Start Handling Custom Attributes
---------------------------------------------------------------------------------
---------------------------------------------------------------------------------
Finished Handling Custom Attributes : Time (s): cpu = 00:00:10 ; elapsed = 00:00:10 . Memory (MB): peak = 2283.203 ; gain = 849.188 ; free physical = 14832 ; free virtual = 28848
---------------------------------------------------------------------------------
---------------------------------------------------------------------------------
Start Renaming Generated Nets
---------------------------------------------------------------------------------
---------------------------------------------------------------------------------
Finished Renaming Generated Nets : Time (s): cpu = 00:00:10 ; elapsed = 00:00:10 . Memory (MB): peak = 2283.203 ; gain = 849.188 ; free physical = 14832 ; free virtual = 28848
---------------------------------------------------------------------------------
---------------------------------------------------------------------------------
Start Writing Synthesis Report
---------------------------------------------------------------------------------

Report BlackBoxes: 
+-+--------------+----------+
| |BlackBox name |Instances |
+-+--------------+----------+
+-+--------------+----------+

Report Cell Usage: 
+------+------+------+
|      |Cell  |Count |
+------+------+------+
|1     |BUFG  |     1|
|2     |LUT1  |     2|
|3     |LUT2  |     4|
|4     |LUT3  |     1|
|5     |LUT6  |     3|
|6     |MUXF7 |     2|
|7     |MUXF8 |     1|
|8     |FDRE  |    14|
|9     |LD    |     4|
|10    |IBUF  |    17|
|11    |OBUF  |     4|
+------+------+------+
---------------------------------------------------------------------------------
Finished Writing Synthesis Report : Time (s): cpu = 00:00:10 ; elapsed = 00:00:10 . Memory (MB): peak = 2283.203 ; gain = 849.188 ; free physical = 14832 ; free virtual = 28848
---------------------------------------------------------------------------------
Synthesis finished with 0 errors, 0 critical warnings and 2 warnings.
Synthesis Optimization Runtime : Time (s): cpu = 00:00:09 ; elapsed = 00:00:10 . Memory (MB): peak = 2283.203 ; gain = 704.438 ; free physical = 14832 ; free virtual = 28848
Synthesis Optimization Complete : Time (s): cpu = 00:00:10 ; elapsed = 00:00:10 . Memory (MB): peak = 2283.211 ; gain = 849.188 ; free physical = 14832 ; free virtual = 28848
INFO: [Project 1-571] Translating synthesized netlist
Netlist sorting complete. Time (s): cpu = 00:00:00 ; elapsed = 00:00:00 . Memory (MB): peak = 2283.211 ; gain = 0.000 ; free physical = 14885 ; free virtual = 28901
INFO: [Netlist 29-17] Analyzing 7 Unisim elements for replacement
INFO: [Netlist 29-28] Unisim Transformation completed in 0 CPU seconds
INFO: [Project 1-570] Preparing netlist for logic optimization
INFO: [Opt 31-138] Pushed 0 inverter(s) to 0 load pin(s).
Netlist sorting complete. Time (s): cpu = 00:00:00 ; elapsed = 00:00:00 . Memory (MB): peak = 2339.230 ; gain = 0.000 ; free physical = 14982 ; free virtual = 28998
INFO: [Project 1-111] Unisim Transformation Summary:
  A total of 4 instances were transformed.
  LD => LDCE: 4 instances

Synth Design complete | Checksum: f12f62a7
INFO: [Common 17-83] Releasing license: Synthesis
43 Infos, 2 Warnings, 0 Critical Warnings and 0 Errors encountered.
synth_design completed successfully
synth_design: Time (s): cpu = 00:00:14 ; elapsed = 00:00:13 . Memory (MB): peak = 2339.230 ; gain = 905.223 ; free physical = 14982 ; free virtual = 28998
INFO: [Common 17-2834] synth_design peak Physical Memory [PSS] (MB): overall = 1670.184; main = 1482.492; forked = 268.044
INFO: [Common 17-2834] synth_design peak Virtual Memory [VSS] (MB): overall = 3150.387; main = 2339.234; forked = 916.992
Write ShapeDB Complete: Time (s): cpu = 00:00:00 ; elapsed = 00:00:00 . Memory (MB): peak = 2363.242 ; gain = 0.000 ; free physical = 14982 ; free virtual = 28998
INFO: [Common 17-1381] The checkpoint '/home/cesare/ASDI/1/1.3/project_1.3/project_1.3.runs/synth_1/net_16_4_fpga.dcp' has been generated.
INFO: [Vivado 12-24828] Executing command : report_utilization -file net_16_4_fpga_utilization_synth.rpt -pb net_16_4_fpga_utilization_synth.pb
INFO: [Common 17-206] Exiting Vivado at Fri Mar 21 14:50:01 2025...
